<?xml version="1.0" encoding="utf-8"?>
<TestRun id="62e1403c-ad40-4cc6-87f1-19a2121bafac" name="@84fab583b125 2026-07-17 13:37:48" xmlns="http://microsoft.com/schemas/VisualStudio/TeamTest/2010">
  <Times creation="2026-07-17T13:37:48.0174020+00:00" queuing="2026-07-17T13:37:48.0174020+00:00" start="2026-07-17T13:37:47.5443384+00:00" finish="2026-07-17T13:37:48.0757456+00:00" />
  <TestSettings name="default" id="6207658b-f125-4202-a142-60ec25cf573d">
    <Deployment runDeploymentRoot="_84fab583b125_2026-07-17_13_37_48" />
  </TestSettings>
  <Results>
    <UnitTestResult executionId="8c303a32-9600-4fbb-bd70-978527c6c56c" testId="94a76dd2-bf54-59c9-2b9a-30f169d9a87b" testName="AnyStore.BLL.Tests.DeaCustBLLTests.DeaCustBLL_SetType_Dealer_ReturnsCorrectValue" computerName="84fab583b125" duration="00:00:00.0001878" startTime="2026-07-17T13:37:48.0180512+00:00" endTime="2026-07-17T13:37:48.0180512+00:00" testType="13cdc9d9-ddb5-4fa4-a97d-d965ccfc6d4b" outcome="Passed" testListId="8c84fa94-04c1-424b-9868-57a2d4851a1d" relativeResultsDirectory="8c303a32-9600-4fbb-bd70-978527c6c56c" />
    <UnitTestResult executionId="a37db904-d0d9-4e23-bc59-258e3c74823f" testId="7d82aef1-11cc-34dd-e851-a172bf1f73c5" testName="AnyStore.BLL.Tests.userBLLTests.UserBLL_SetId_NegativeValue_IsAllowed" computerName="84fab583b125" duration="00:00:00.0002394" startTime="2026-07-17T13:37:48.0166540+00:00" endTime="2026-07-17T13:37:48.0166541+00:00" testType="13cdc9d9-ddb5-4fa4-a97d-d965ccfc6d4b" outcome="Passed" testListId="8c84fa94-04c1-424b-9868-57a2d4851a1d" relativeResultsDirectory="a37db904-d0d9-4e23-bc59-258e3c74823f" />
    <UnitTestResult executionId="a2c9cbdf-3092-438b-a724-1466506c388f" testId="d6cd8065-ff4b-7881-0eca-7283b3d6d0df" testName="AnyStore.BLL.Tests.DALModelValidationTests.TransactionDAL_InsertPrep_TransactionsBLL_HasRequiredFields" computerName="84fab583b125" duration="00:00:00.0001677" startTime="2026-07-17T13:37:48.0126415+00:00" endTime="2026-07-17T13:37:48.0126415+00:00" testType="13cdc9d9-ddb5-4fa4-a97d-d965ccfc6d4b" outcome="Passed" testListId="8c84fa94-04c1-424b-9868-57a2d4851a1d" relativeResultsDirectory="a2c9cbdf-3092-438b-a724-1466506c388f" />
    <UnitTestResult executionId="98a254c5-8f07-4f64-93b7-9e63feb43cdf" testId="eccfa5be-8fa7-e550-b15c-ca6bd3675958" testName="AnyStore.BLL.Tests.categoriesBLLTests.CategoriesBLL_DefaultConstructor_AddedByDefaultsToZero" computerName="84fab583b125" duration="00:00:00.0059821" startTime="2026-07-17T13:37:47.9955410+00:00" endTime="2026-07-17T13:37:47.9956670+00:00" testType="13cdc9d9-ddb5-4fa4-a97d-d965ccfc6d4b" outcome="Passed" testListId="8c84fa94-04c1-424b-9868-57a2d4851a1d" relativeResultsDirectory="98a254c5-8f07-4f64-93b7-9e63feb43cdf" />
    <UnitTestResult executionId="aecdcbc9-b767-4b05-b92f-5011c934ecf7" testId="9c5ec9e3-92f2-8047-7a10-296f0ed20f47" testName="AnyStore.BLL.Tests.categoriesBLLTests.CategoriesBLL_SetAddedDate_MinValue_IsAllowed" computerName="84fab583b125" duration="00:00:00.0001805" startTime="2026-07-17T13:37:48.0144712+00:00" endTime="2026-07-17T13:37:48.0144712+00:00" testType="13cdc9d9-ddb5-4fa4-a97d-d965ccfc6d4b" outcome="Passed" testListId="8c84fa94-04c1-424b-9868-57a2d4851a1d" relativeResultsDirectory="aecdcbc9-b767-4b05-b92f-5011c934ecf7" />
    <UnitTestResult executionId="6ce8e87c-4c97-4d36-b799-7702c7a6a963" testId="ba348ecf-73ad-c993-e801-eab1d9cbf0a4" testName="AnyStore.BLL.Tests.DALModelValidationTests.DeaCustDAL_SearchDealerCustomer_ReturnsDeaCustBLL_WithFields" computerName="84fab583b125" duration="00:00:00.0002512" startTime="2026-07-17T13:37:48.0141034+00:00" endTime="2026-07-17T13:37:48.0141035+00:00" testType="13cdc9d9-ddb5-4fa4-a97d-d965ccfc6d4b" outcome="Passed" testListId="8c84fa94-04c1-424b-9868-57a2d4851a1d" relativeResultsDirectory="6ce8e87c-4c97-4d36-b799-7702c7a6a963" />
    <UnitTestResult executionId="7fcec96c-8c0d-400e-97f4-c84a9861bef1" testId="e6e069fb-5d52-68d9-c14c-b6cf147fc4d5" testName="AnyStore.BLL.Tests.productsBLLTests.ProductsBLL_DefaultConstructor_QtyDefaultsToZero" computerName="84fab583b125" duration="00:00:00.0001956" startTime="2026-07-17T13:37:48.0254235+00:00" endTime="2026-07-17T13:37:48.0254236+00:00" testType="13cdc9d9-ddb5-4fa4-a97d-d965ccfc6d4b" outcome="Passed" testListId="8c84fa94-04c1-424b-9868-57a2d4851a1d" relativeResultsDirectory="7fcec96c-8c0d-400e-97f4-c84a9861bef1" />
    <UnitTestResult executionId="a66c3531-0218-498e-8d88-694f1c735cd6" testId="cd65d093-4737-fa96-6cb8-c70a52c35c8c" testName="AnyStore.BLL.Tests.DeaCustBLLTests.DeaCustBLL_MultipleInstances_AreIndependent" computerName="84fab583b125" duration="00:00:00.0036882" startTime="2026-07-17T13:37:48.0137818+00:00" endTime="2026-07-17T13:37:48.0137818+00:00" testType="13cdc9d9-ddb5-4fa4-a97d-d965ccfc6d4b" outcome="Passed" testListId="8c84fa94-04c1-424b-9868-57a2d4851a1d" relativeResultsDirectory="a66c3531-0218-498e-8d88-694f1c735cd6" />
    <UnitTestResult executionId="0a3806b8-12a5-4ff3-b482-29d75793ae55" testId="d25f0a89-339a-222c-9587-e6708d00d5c9" testName="AnyStore.BLL.Tests.transactionDetailBLLTests.TransactionDetailBLL_Rate_PositiveValue_IsValid" computerName="84fab583b125" duration="00:00:00.0001200" startTime="2026-07-17T13:37:48.0173967+00:00" endTime="2026-07-17T13:37:48.0173967+00:00" testType="13cdc9d9-ddb5-4fa4-a97d-d965ccfc6d4b" outcome="Passed" testListId="8c84fa94-04c1-424b-9868-57a2d4851a1d" relativeResultsDirectory="0a3806b8-12a5-4ff3-b482-29d75793ae55" />
    <UnitTestResult executionId="0a837d98-6001-4866-ba94-c33bc2769fd4" testId="76237559-b730-9bf1-41aa-5747cd5be872" testName="AnyStore.BLL.Tests.BLLIntegrationTests.UserBLL_PasswordMatchesLoginBLL_Password" computerName="84fab583b125" duration="00:00:00.0039813" startTime="2026-07-17T13:37:47.9994620+00:00" endTime="2026-07-17T13:37:47.9994621+00:00" testType="13cdc9d9-ddb5-4fa4-a97d-d965ccfc6d4b" outcome="Passed" testListId="8c84fa94-04c1-424b-9868-57a2d4851a1d" relativeResultsDirectory="0a837d98-6001-4866-ba94-c33bc2769fd4" />
    <UnitTestResult executionId="e97de779-4869-4001-8058-5c64539a9b35" testId="eb1fb572-375d-0ff7-cc19-f35e97f8ca9f" testName="AnyStore.BLL.Tests.transactionsBLLTests.TransactionsBLL_DefaultConstructor_CreatesInstance" computerName="84fab583b125" duration="00:00:00.0000509" startTime="2026-07-17T13:37:48.0269433+00:00" endTime="2026-07-17T13:37:48.0269434+00:00" testType="13cdc9d9-ddb5-4fa4-a97d-d965ccfc6d4b" outcome="Passed" testListId="8c84fa94-04c1-424b-9868-57a2d4851a1d" relativeResultsDirectory="e97de779-4869-4001-8058-5c64539a9b35" />
    <UnitTestResult executionId="b8b6f20d-7430-4ec4-957a-0459f2d44e62" testId="b7a0de0f-efb1-9b22-6bf0-cd5e8e7e25dc" testName="AnyStore.BLL.Tests.productsBLLTests.ProductsBLL_DefaultConstructor_IdDefaultsToZero" computerName="84fab583b125" duration="00:00:00.0002238" startTime="2026-07-17T13:37:48.0226321+00:00" endTime="2026-07-17T13:37:48.0226321+00:00" testType="13cdc9d9-ddb5-4fa4-a97d-d965ccfc6d4b" outcome="Passed" testListId="8c84fa94-04c1-424b-9868-57a2d4851a1d" relativeResultsDirectory="b8b6f20d-7430-4ec4-957a-0459f2d44e62" />
    <UnitTestResult executionId="860abaae-09e0-4495-8507-374f8e30cd8a" testId="079dd37f-f6d0-0ae6-b85a-d5a9cf01c8ff" testName="AnyStore.BLL.Tests.transactionDetailBLLTests.TransactionDetailBLL_DefaultConstructor_DeaCustIdDefaultsToZero" computerName="84fab583b125" duration="00:00:00.0000967" startTime="2026-07-17T13:37:48.0119641+00:00" endTime="2026-07-17T13:37:48.0119642+00:00" testType="13cdc9d9-ddb5-4fa4-a97d-d965ccfc6d4b" outcome="Passed" testListId="8c84fa94-04c1-424b-9868-57a2d4851a1d" relativeResultsDirectory="860abaae-09e0-4495-8507-374f8e30cd8a" />
    <UnitTestResult executionId="21b85b57-66b8-4560-ada2-0ebf1eb0335b" testId="3cab3cff-adc2-018d-01cf-1a385fd575d6" testName="AnyStore.BLL.Tests.DeaCustBLLTests.DeaCustBLL_DefaultConstructor_CreatesInstance" computerName="84fab583b125" duration="00:00:00.0002046" startTime="2026-07-17T13:37:48.0174095+00:00" endTime="2026-07-17T13:37:48.0174095+00:00" testType="13cdc9d9-ddb5-4fa4-a97d-d965ccfc6d4b" outcome="Passed" testListId="8c84fa94-04c1-424b-9868-57a2d4851a1d" relativeResultsDirectory="21b85b57-66b8-4560-ada2-0ebf1eb0335b" />
    <UnitTestResult executionId="a738c625-af53-4773-8c14-edca52e9dcc5" testId="a485538b-ec05-bcc6-5338-ab4b4105f49b" testName="AnyStore.BLL.Tests.transactionDetailBLLTests.TransactionDetailBLL_SetTotal_ReturnsCorrectValue" computerName="84fab583b125" duration="00:00:00.0003261" startTime="2026-07-17T13:37:48.0114388+00:00" endTime="2026-07-17T13:37:48.0114389+00:00" testType="13cdc9d9-ddb5-4fa4-a97d-d965ccfc6d4b" outcome="Passed" testListId="8c84fa94-04c1-424b-9868-57a2d4851a1d" relativeResultsDirectory="a738c625-af53-4773-8c14-edca52e9dcc5" />
    <UnitTestResult executionId="17096d45-89b2-41b3-88ac-733e370ae581" testId="fe038bba-0829-f92d-1176-e4583e91bb4c" testName="AnyStore.BLL.Tests.userBLLTests.UserBLL_SetUserType_User_ReturnsCorrectValue" computerName="84fab583b125" duration="00:00:00.0002685" startTime="2026-07-17T13:37:48.0148946+00:00" endTime="2026-07-17T13:37:48.0148947+00:00" testType="13cdc9d9-ddb5-4fa4-a97d-d965ccfc6d4b" outcome="Passed" testListId="8c84fa94-04c1-424b-9868-57a2d4851a1d" relativeResultsDirectory="17096d45-89b2-41b3-88ac-733e370ae581" />
    <UnitTestResult executionId="dd5ad610-68cd-43ec-bbe6-0d4a0f23ae50" testId="7e59ec01-cfca-90f5-18f6-c0d46b07512f" testName="AnyStore.BLL.Tests.transactionsBLLTests.TransactionsBLL_SetTransactionDetails_DataTable_ReturnsCorrectValue" computerName="84fab583b125" duration="00:00:00.0002482" startTime="2026-07-17T13:37:48.0265767+00:00" endTime="2026-07-17T13:37:48.0265767+00:00" testType="13cdc9d9-ddb5-4fa4-a97d-d965ccfc6d4b" outcome="Passed" testListId="8c84fa94-04c1-424b-9868-57a2d4851a1d" relativeResultsDirectory="dd5ad610-68cd-43ec-bbe6-0d4a0f23ae50" />
    <UnitTestResult executionId="97991e82-dc07-430c-ab77-70e7053ca711" testId="5fe6feb5-8414-975a-a24e-f53aa745d6ba" testName="AnyStore.BLL.Tests.categoriesBLLTests.CategoriesBLL_UpdatePrep_HasIdAndTitle" computerName="84fab583b125" duration="00:00:00.0003368" startTime="2026-07-17T13:37:48.0223388+00:00" endTime="2026-07-17T13:37:48.0223388+00:00" testType="13cdc9d9-ddb5-4fa4-a97d-d965ccfc6d4b" outcome="Passed" testListId="8c84fa94-04c1-424b-9868-57a2d4851a1d" relativeResultsDirectory="97991e82-dc07-430c-ab77-70e7053ca711" />
    <UnitTestResult executionId="f984547f-4327-4ef4-ad12-06047df3b8ec" testId="ba259658-d85d-94d9-8996-fe3611c1c097" testName="AnyStore.BLL.Tests.categoriesBLLTests.CategoriesBLL_SortByTitle_AlphabeticalOrder_IsCorrect" computerName="84fab583b125" duration="00:00:00.0015574" startTime="2026-07-17T13:37:48.0206586+00:00" endTime="2026-07-17T13:37:48.0206586+00:00" testType="13cdc9d9-ddb5-4fa4-a97d-d965ccfc6d4b" outcome="Passed" testListId="8c84fa94-04c1-424b-9868-57a2d4851a1d" relativeResultsDirectory="f984547f-4327-4ef4-ad12-06047df3b8ec" />
    <UnitTestResult executionId="e350066c-0627-454a-b2e8-af2635f25e62" testId="3deeeac8-65fe-f0ce-7a14-9574881897b9" testName="AnyStore.BLL.Tests.DALModelValidationTests.LoginDAL_LoginCheck_LoginBLL_HasAllFields" computerName="84fab583b125" duration="00:00:00.0009430" startTime="2026-07-17T13:37:48.0122447+00:00" endTime="2026-07-17T13:37:48.0122448+00:00" testType="13cdc9d9-ddb5-4fa4-a97d-d965ccfc6d4b" outcome="Passed" testListId="8c84fa94-04c1-424b-9868-57a2d4851a1d" relativeResultsDirectory="e350066c-0627-454a-b2e8-af2635f25e62" />
    <UnitTestResult executionId="65ff92e0-7981-4192-97d4-24269074c522" testId="4efa53b8-2b1f-fc86-0ddf-d9a504e0f82c" testName="AnyStore.BLL.Tests.userBLLTests.UserBLL_SetId_MaxInt_IsAllowed" computerName="84fab583b125" duration="00:00:00.0001959" startTime="2026-07-17T13:37:48.0099302+00:00" endTime="2026-07-17T13:37:48.0099302+00:00" testType="13cdc9d9-ddb5-4fa4-a97d-d965ccfc6d4b" outcome="Passed" testListId="8c84fa94-04c1-424b-9868-57a2d4851a1d" relativeResultsDirectory="65ff92e0-7981-4192-97d4-24269074c522" />
    <UnitTestResult executionId="0b0c38ad-a6de-497c-b816-96cf0a2fc732" testId="c5e3dd5c-9e4d-df06-b51e-1360c6ebe723" testName="AnyStore.BLL.Tests.loginBLLTests.LoginBLL_AllFieldsPopulated_IsValidForLoginCheck" computerName="84fab583b125" duration="00:00:00.0001450" startTime="2026-07-17T13:37:48.0230530+00:00" endTime="2026-07-17T13:37:48.0230530+00:00" testType="13cdc9d9-ddb5-4fa4-a97d-d965ccfc6d4b" outcome="Passed" testListId="8c84fa94-04c1-424b-9868-57a2d4851a1d" relativeResultsDirectory="0b0c38ad-a6de-497c-b816-96cf0a2fc732" />
    <UnitTestResult executionId="5ce1eb31-b318-4328-91de-10922f3be149" testId="652d9595-61fd-1cd9-29ad-3af316761061" testName="AnyStore.BLL.Tests.DeaCustBLLTests.DeaCustBLL_SetAddedDate_Today_IsAllowed" computerName="84fab583b125" duration="00:00:00.0000995" startTime="2026-07-17T13:37:48.0195655+00:00" endTime="2026-07-17T13:37:48.0195655+00:00" testType="13cdc9d9-ddb5-4fa4-a97d-d965ccfc6d4b" outcome="Passed" testListId="8c84fa94-04c1-424b-9868-57a2d4851a1d" relativeResultsDirectory="5ce1eb31-b318-4328-91de-10922f3be149" />
    <UnitTestResult executionId="8b8ca74b-0c48-49ef-a976-68bf193054b2" testId="36c967eb-1cde-f295-7304-93fbe1159207" testName="AnyStore.BLL.Tests.productsBLLTests.ProductsBLL_IncreaseQty_LargeAmount_IsCorrect" computerName="84fab583b125" duration="00:00:00.0004392" startTime="2026-07-17T13:37:48.0210280+00:00" endTime="2026-07-17T13:37:48.0210281+00:00" testType="13cdc9d9-ddb5-4fa4-a97d-d965ccfc6d4b" outcome="Passed" testListId="8c84fa94-04c1-424b-9868-57a2d4851a1d" relativeResultsDirectory="8b8ca74b-0c48-49ef-a976-68bf193054b2" />
    <UnitTestResult executionId="48eb5699-8446-423e-aa1d-a0380001622d" testId="57a80493-2523-168f-e61d-e9e21d361cf4" testName="AnyStore.BLL.Tests.loginBLLTests.LoginBLL_SetUsername_ReturnsCorrectValue" computerName="84fab583b125" duration="00:00:00.0001488" startTime="2026-07-17T13:37:48.0159556+00:00" endTime="2026-07-17T13:37:48.0159557+00:00" testType="13cdc9d9-ddb5-4fa4-a97d-d965ccfc6d4b" outcome="Passed" testListId="8c84fa94-04c1-424b-9868-57a2d4851a1d" relativeResultsDirectory="48eb5699-8446-423e-aa1d-a0380001622d" />
    <UnitTestResult executionId="3874962c-a791-4e73-9374-8f412d0db490" testId="69736d4f-0893-626d-51b2-c517621bcc7a" testName="AnyStore.BLL.Tests.DALModelValidationTests.ProductsDAL_GetProductsForTransaction_ReturnsProductsBLL_WithFields" computerName="84fab583b125" duration="00:00:00.0002294" startTime="2026-07-17T13:37:48.0114995+00:00" endTime="2026-07-17T13:37:48.0114996+00:00" testType="13cdc9d9-ddb5-4fa4-a97d-d965ccfc6d4b" outcome="Passed" testListId="8c84fa94-04c1-424b-9868-57a2d4851a1d" relativeResultsDirectory="3874962c-a791-4e73-9374-8f412d0db490" />
    <UnitTestResult executionId="f1b4112e-c4a8-49be-af76-3911bade0dac" testId="afe88c32-723b-91bc-667a-807cb5e1e628" testName="AnyStore.BLL.Tests.BLLIntegrationTests.UserBLL_Id_CanHandleMaxIntValue" computerName="84fab583b125" duration="00:00:00.0002183" startTime="2026-07-17T13:37:48.0110977+00:00" endTime="2026-07-17T13:37:48.0110977+00:00" testType="13cdc9d9-ddb5-4fa4-a97d-d965ccfc6d4b" outcome="Passed" testListId="8c84fa94-04c1-424b-9868-57a2d4851a1d" relativeResultsDirectory="f1b4112e-c4a8-49be-af76-3911bade0dac" />
    <UnitTestResult executionId="d5a05694-5a07-4059-bd02-a0f07f611d13" testId="1552efd6-d079-e7bc-aeee-2c680b3f1772" testName="AnyStore.BLL.Tests.userBLLTests.UserBLL_FilterByUserType_Admin_ReturnsOnlyAdmins" computerName="84fab583b125" duration="00:00:00.0008765" startTime="2026-07-17T13:37:48.0133865+00:00" endTime="2026-07-17T13:37:48.0133866+00:00" testType="13cdc9d9-ddb5-4fa4-a97d-d965ccfc6d4b" outcome="Passed" testListId="8c84fa94-04c1-424b-9868-57a2d4851a1d" relativeResultsDirectory="d5a05694-5a07-4059-bd02-a0f07f611d13" />
    <UnitTestResult executionId="03ae6a9d-63d4-40f3-814a-32bd8edf211c" testId="1d84f4f2-a8f6-8871-a702-0971843ef063" testName="AnyStore.BLL.Tests.productsBLLTests.ProductsBLL_SetId_ReturnsCorrectValue" computerName="84fab583b125" duration="00:00:00.0003054" startTime="2026-07-17T13:37:48.0107193+00:00" endTime="2026-07-17T13:37:48.0107193+00:00" testType="13cdc9d9-ddb5-4fa4-a97d-d965ccfc6d4b" outcome="Passed" testListId="8c84fa94-04c1-424b-9868-57a2d4851a1d" relativeResultsDirectory="03ae6a9d-63d4-40f3-814a-32bd8edf211c" />
    <UnitTestResult executionId="54d1e427-0941-4e72-880d-1e221b27a85b" testId="2e42a01a-a7f1-9aa7-fdab-aa9724c17e1a" testName="AnyStore.BLL.Tests.BLLIntegrationTests.ProductsBLL_ListOfProducts_CanBeCreatedAndPopulated" computerName="84fab583b125" duration="00:00:00.0004451" startTime="2026-07-17T13:37:48.0236999+00:00" endTime="2026-07-17T13:37:48.0236999+00:00" testType="13cdc9d9-ddb5-4fa4-a97d-d965ccfc6d4b" outcome="Passed" testListId="8c84fa94-04c1-424b-9868-57a2d4851a1d" relativeResultsDirectory="54d1e427-0941-4e72-880d-1e221b27a85b" />
    <UnitTestResult executionId="2aa70819-4985-4b9d-9cf3-c5f9d6c91eb8" testId="0809c9e4-216d-3ae1-7851-449a32a597d5" testName="AnyStore.BLL.Tests.transactionDetailBLLTests.TransactionDetailBLL_ListOfDetails_CanBeCreated" computerName="84fab583b125" duration="00:00:00.0002857" startTime="2026-07-17T13:37:48.0220506+00:00" endTime="2026-07-17T13:37:48.0220506+00:00" testType="13cdc9d9-ddb5-4fa4-a97d-d965ccfc6d4b" outcome="Passed" testListId="8c84fa94-04c1-424b-9868-57a2d4851a1d" relativeResultsDirectory="2aa70819-4985-4b9d-9cf3-c5f9d6c91eb8" />
    <UnitTestResult executionId="47466643-e1e3-4117-8cc7-9ca46d4713ba" testId="4d0981e3-b15b-cafa-7339-3a94a5fa28a8" testName="AnyStore.BLL.Tests.BLLIntegrationTests.TransactionDetailBLL_Qty_CanHandleFractionalValue" computerName="84fab583b125" duration="00:00:00.0001404" startTime="2026-07-17T13:37:48.0099055+00:00" endTime="2026-07-17T13:37:48.0099056+00:00" testType="13cdc9d9-ddb5-4fa4-a97d-d965ccfc6d4b" outcome="Passed" testListId="8c84fa94-04c1-424b-9868-57a2d4851a1d" relativeResultsDirectory="47466643-e1e3-4117-8cc7-9ca46d4713ba" />
    <UnitTestResult executionId="4084fd8f-bc41-4b2c-9039-e7e10dbf92bf" testId="bcba5bf8-a1a0-b4dd-0358-7e54eb8dc114" testName="AnyStore.BLL.Tests.categoriesBLLTests.CategoriesBLL_FindByTitle_ReturnsCorrectCategory" computerName="84fab583b125" duration="00:00:00.0004467" startTime="2026-07-17T13:37:48.0159428+00:00" endTime="2026-07-17T13:37:48.0159428+00:00" testType="13cdc9d9-ddb5-4fa4-a97d-d965ccfc6d4b" outcome="Passed" testListId="8c84fa94-04c1-424b-9868-57a2d4851a1d" relativeResultsDirectory="4084fd8f-bc41-4b2c-9039-e7e10dbf92bf" />
    <UnitTestResult executionId="af3fb19e-a20c-4d1f-a70f-de8550492c99" testId="9946f4de-4485-4086-da1e-1db6c14329b8" testName="AnyStore.BLL.Tests.transactionsBLLTests.TransactionsBLL_TransactionDetails_WithRows_HasCorrectRowCount" computerName="84fab583b125" duration="00:00:00.0112495" startTime="2026-07-17T13:37:48.0238519+00:00" endTime="2026-07-17T13:37:48.0238519+00:00" testType="13cdc9d9-ddb5-4fa4-a97d-d965ccfc6d4b" outcome="Passed" testListId="8c84fa94-04c1-424b-9868-57a2d4851a1d" relativeResultsDirectory="af3fb19e-a20c-4d1f-a70f-de8550492c99" />
    <UnitTestResult executionId="82f9cc93-7858-4ea7-88bb-ce49b23df276" testId="e3483bd6-9e12-eea6-a054-68a5fdb09c05" testName="AnyStore.BLL.Tests.productsBLLTests.ProductsBLL_Id_PositiveValue_IsValidForUpdate" computerName="84fab583b125" duration="00:00:00.0000818" startTime="2026-07-17T13:37:48.0159071+00:00" endTime="2026-07-17T13:37:48.0159071+00:00" testType="13cdc9d9-ddb5-4fa4-a97d-d965ccfc6d4b" outcome="Passed" testListId="8c84fa94-04c1-424b-9868-57a2d4851a1d" relativeResultsDirectory="82f9cc93-7858-4ea7-88bb-ce49b23df276" />
    <UnitTestResult executionId="f89089b0-16e9-49fd-ad74-36acd7e02843" testId="c0d73a50-86bb-bc1b-3111-1584400d907c" testName="AnyStore.BLL.Tests.productsBLLTests.ProductsBLL_Category_NotNullOrEmpty_IsValid" computerName="84fab583b125" duration="00:00:00.0001169" startTime="2026-07-17T13:37:48.0165998+00:00" endTime="2026-07-17T13:37:48.0165999+00:00" testType="13cdc9d9-ddb5-4fa4-a97d-d965ccfc6d4b" outcome="Passed" testListId="8c84fa94-04c1-424b-9868-57a2d4851a1d" relativeResultsDirectory="f89089b0-16e9-49fd-ad74-36acd7e02843" />
    <UnitTestResult executionId="8bac5c6d-d876-4339-8f69-47ad829cda74" testId="297c7150-fc33-ded1-e749-700f6668b218" testName="AnyStore.BLL.Tests.BusinessLogicIntegrationTests.PurchaseWorkflow_CreateTransaction_WithDetails_IsValid" computerName="84fab583b125" duration="00:00:00.0011199" startTime="2026-07-17T13:37:48.0115712+00:00" endTime="2026-07-17T13:37:48.0115712+00:00" testType="13cdc9d9-ddb5-4fa4-a97d-d965ccfc6d4b" outcome="Passed" testListId="8c84fa94-04c1-424b-9868-57a2d4851a1d" relativeResultsDirectory="8bac5c6d-d876-4339-8f69-47ad829cda74" />
    <UnitTestResult executionId="ab013fc2-709f-4c1e-9f4d-54fb3f52aaa6" testId="a274ee39-dfe2-e3b1-719c-672b49d89984" testName="AnyStore.BLL.Tests.DeaCustBLLTests.DeaCustBLL_Type_IsDealer_IsValid" computerName="84fab583b125" duration="00:00:00.0001912" startTime="2026-07-17T13:37:48.0142053+00:00" endTime="2026-07-17T13:37:48.0142054+00:00" testType="13cdc9d9-ddb5-4fa4-a97d-d965ccfc6d4b" outcome="Passed" testListId="8c84fa94-04c1-424b-9868-57a2d4851a1d" relativeResultsDirectory="ab013fc2-709f-4c1e-9f4d-54fb3f52aaa6" />
    <UnitTestResult executionId="8e82216c-05fb-4529-88e2-cd588d2450d9" testId="eb04d917-b506-54dc-890b-2738ad0b7ef7" testName="AnyStore.BLL.Tests.transactionsBLLTests.TransactionsBLL_DefaultConstructor_GrandTotalDefaultsToZero" computerName="84fab583b125" duration="00:00:00.0000901" startTime="2026-07-17T13:37:48.0253667+00:00" endTime="2026-07-17T13:37:48.0253668+00:00" testType="13cdc9d9-ddb5-4fa4-a97d-d965ccfc6d4b" outcome="Passed" testListId="8c84fa94-04c1-424b-9868-57a2d4851a1d" relativeResultsDirectory="8e82216c-05fb-4529-88e2-cd588d2450d9" />
    <UnitTestResult executionId="d372bd5e-d4c9-49e8-a205-1dd3278d60ee" testId="1cb04114-c120-54be-7204-2203879626a7" testName="AnyStore.BLL.Tests.BusinessLogicIntegrationTests.UserManagement_AdminCanAddUser_UserHasAddedBySet" computerName="84fab583b125" duration="00:00:00.0009965" startTime="2026-07-17T13:37:48.0103762+00:00" endTime="2026-07-17T13:37:48.0103763+00:00" testType="13cdc9d9-ddb5-4fa4-a97d-d965ccfc6d4b" outcome="Passed" testListId="8c84fa94-04c1-424b-9868-57a2d4851a1d" relativeResultsDirectory="d372bd5e-d4c9-49e8-a205-1dd3278d60ee" />
    <UnitTestResult executionId="0a96adce-02fc-4966-b5b1-83b87a9cfaf8" testId="d76bde75-8a05-92f4-8ebe-71a053167a8c" testName="AnyStore.BLL.Tests.transactionsBLLTests.TransactionsBLL_GrandTotal_WithZeroTaxAndDiscount_EqualsSubtotal" computerName="84fab583b125" duration="00:00:00.0001002" startTime="2026-07-17T13:37:48.0270794+00:00" endTime="2026-07-17T13:37:48.0270795+00:00" testType="13cdc9d9-ddb5-4fa4-a97d-d965ccfc6d4b" outcome="Passed" testListId="8c84fa94-04c1-424b-9868-57a2d4851a1d" relativeResultsDirectory="0a96adce-02fc-4966-b5b1-83b87a9cfaf8" />
    <UnitTestResult executionId="d4b210ae-d6b4-42fe-97ce-f3f2205edbfa" testId="fc48c383-2671-e976-18c5-49ee45267318" testName="AnyStore.BLL.Tests.productsBLLTests.ProductsBLL_SortByRate_AscendingOrder_IsCorrect" computerName="84fab583b125" duration="00:00:00.0037396" startTime="2026-07-17T13:37:48.0135046+00:00" endTime="2026-07-17T13:37:48.0135047+00:00" testType="13cdc9d9-ddb5-4fa4-a97d-d965ccfc6d4b" outcome="Passed" testListId="8c84fa94-04c1-424b-9868-57a2d4851a1d" relativeResultsDirectory="d4b210ae-d6b4-42fe-97ce-f3f2205edbfa" />
    <UnitTestResult executionId="084128ac-2ed5-46c5-a25b-8ef930c379c3" testId="2d2c89bb-4306-e1ff-2f39-ec42ac387809" testName="AnyStore.BLL.Tests.categoriesBLLTests.CategoriesBLL_SetId_MaxInt_IsAllowed" computerName="84fab583b125" duration="00:00:00.0000805" startTime="2026-07-17T13:37:48.0250023+00:00" endTime="2026-07-17T13:37:48.0250023+00:00" testType="13cdc9d9-ddb5-4fa4-a97d-d965ccfc6d4b" outcome="Passed" testListId="8c84fa94-04c1-424b-9868-57a2d4851a1d" relativeResultsDirectory="084128ac-2ed5-46c5-a25b-8ef930c379c3" />
    <UnitTestResult executionId="309dcd7e-7375-465c-9944-eb6225663ca0" testId="192683ac-ba12-3fc0-3984-0320b06f6eb0" testName="AnyStore.BLL.Tests.BLLIntegrationTests.CategoriesBLL_ListOfCategories_CanBeCreatedAndPopulated" computerName="84fab583b125" duration="00:00:00.0001919" startTime="2026-07-17T13:37:48.0118277+00:00" endTime="2026-07-17T13:37:48.0118277+00:00" testType="13cdc9d9-ddb5-4fa4-a97d-d965ccfc6d4b" outcome="Passed" testListId="8c84fa94-04c1-424b-9868-57a2d4851a1d" relativeResultsDirectory="309dcd7e-7375-465c-9944-eb6225663ca0" />
    <UnitTestResult executionId="b1f12e2d-c95c-4e7e-95e5-477920ffe7b8" testId="6eac1f77-3c98-8232-504e-fa37efcc67b7" testName="AnyStore.BLL.Tests.DALModelValidationTests.DeaCustDAL_DeletePrep_DeaCustBLL_HasIdSet" computerName="84fab583b125" duration="00:00:00.0008781" startTime="2026-07-17T13:37:48.0170200+00:00" endTime="2026-07-17T13:37:48.0170200+00:00" testType="13cdc9d9-ddb5-4fa4-a97d-d965ccfc6d4b" outcome="Passed" testListId="8c84fa94-04c1-424b-9868-57a2d4851a1d" relativeResultsDirectory="b1f12e2d-c95c-4e7e-95e5-477920ffe7b8" />
    <UnitTestResult executionId="d89ce335-5e36-4513-a012-fb55971493cb" testId="4c417ebd-d2b8-1b74-26ee-59094d06d49d" testName="AnyStore.BLL.Tests.transactionDetailBLLTests.TransactionDetailBLL_SetQty_FractionalValue_IsAllowed" computerName="84fab583b125" duration="00:00:00.0007533" startTime="2026-07-17T13:37:48.0119137+00:00" endTime="2026-07-17T13:37:48.0119137+00:00" testType="13cdc9d9-ddb5-4fa4-a97d-d965ccfc6d4b" outcome="Passed" testListId="8c84fa94-04c1-424b-9868-57a2d4851a1d" relativeResultsDirectory="d89ce335-5e36-4513-a012-fb55971493cb" />
    <UnitTestResult executionId="a2b691e9-a366-4e39-b88a-812f94a4280e" testId="0f10cfa5-ff6e-56ea-b217-8fa0aa3e07af" testName="AnyStore.BLL.Tests.categoriesBLLTests.CategoriesBLL_ListOfCategories_CanBeCreated" computerName="84fab583b125" duration="00:00:00.0004414" startTime="2026-07-17T13:37:48.0176370+00:00" endTime="2026-07-17T13:37:48.0176370+00:00" testType="13cdc9d9-ddb5-4fa4-a97d-d965ccfc6d4b" outcome="Passed" testListId="8c84fa94-04c1-424b-9868-57a2d4851a1d" relativeResultsDirectory="a2b691e9-a366-4e39-b88a-812f94a4280e" />
    <UnitTestResult executionId="d7f3ddff-4cdd-4d36-a197-466bec680831" testId="4601b07f-c0b1-b7c1-5150-87b9211fcc89" testName="AnyStore.BLL.Tests.categoriesBLLTests.CategoriesBLL_FindById_ReturnsCorrectCategory" computerName="84fab583b125" duration="00:00:00.0004102" startTime="2026-07-17T13:37:48.0234167+00:00" endTime="2026-07-17T13:37:48.0234167+00:00" testType="13cdc9d9-ddb5-4fa4-a97d-d965ccfc6d4b" outcome="Passed" testListId="8c84fa94-04c1-424b-9868-57a2d4851a1d" relativeResultsDirectory="d7f3ddff-4cdd-4d36-a197-466bec680831" />
    <UnitTestResult executionId="8d722d66-043d-4c9d-8948-c6a3a259ded8" testId="1b443a62-7705-fd48-d508-c2fa9f44f728" testName="AnyStore.BLL.Tests.productsBLLTests.ProductsBLL_FullInitialization_AllPropertiesSetCorrectly" computerName="84fab583b125" duration="00:00:00.0002786" startTime="2026-07-17T13:37:48.0216642+00:00" endTime="2026-07-17T13:37:48.0216642+00:00" testType="13cdc9d9-ddb5-4fa4-a97d-d965ccfc6d4b" outcome="Passed" testListId="8c84fa94-04c1-424b-9868-57a2d4851a1d" relativeResultsDirectory="8d722d66-043d-4c9d-8948-c6a3a259ded8" />
    <UnitTestResult executionId="67f5c4d4-b12a-4c15-be24-e8820c5b080e" testId="29e6a941-6f47-f36c-8add-335a03f7fe96" testName="AnyStore.BLL.Tests.BusinessLogicIntegrationTests.CategoryProduct_ProductBelongsToCategory_IsValid" computerName="84fab583b125" duration="00:00:00.0002489" startTime="2026-07-17T13:37:48.0260436+00:00" endTime="2026-07-17T13:37:48.0260436+00:00" testType="13cdc9d9-ddb5-4fa4-a97d-d965ccfc6d4b" outcome="Passed" testListId="8c84fa94-04c1-424b-9868-57a2d4851a1d" relativeResultsDirectory="67f5c4d4-b12a-4c15-be24-e8820c5b080e" />
    <UnitTestResult executionId="604051aa-f164-4f96-8eba-3f640785b539" testId="706082b9-e9b4-81f2-6051-b97dc8f8a915" testName="AnyStore.BLL.Tests.transactionDetailBLLTests.TransactionDetailBLL_FilterByDeaCustId_ReturnsCorrectDetails" computerName="84fab583b125" duration="00:00:00.0002954" startTime="2026-07-17T13:37:48.0257677+00:00" endTime="2026-07-17T13:37:48.0257678+00:00" testType="13cdc9d9-ddb5-4fa4-a97d-d965ccfc6d4b" outcome="Passed" testListId="8c84fa94-04c1-424b-9868-57a2d4851a1d" relativeResultsDirectory="604051aa-f164-4f96-8eba-3f640785b539" />
    <UnitTestResult executionId="7848fb29-ee9c-4d0d-8b21-4e5d3b2afa14" testId="165e5d3b-6d52-d2a4-8d70-9968f1669c55" testName="AnyStore.BLL.Tests.transactionsBLLTests.TransactionsBLL_SetType_Purchase_ReturnsCorrectValue" computerName="84fab583b125" duration="00:00:00.0000770" startTime="2026-07-17T13:37:48.0278305+00:00" endTime="2026-07-17T13:37:48.0278305+00:00" testType="13cdc9d9-ddb5-4fa4-a97d-d965ccfc6d4b" outcome="Passed" testListId="8c84fa94-04c1-424b-9868-57a2d4851a1d" relativeResultsDirectory="7848fb29-ee9c-4d0d-8b21-4e5d3b2afa14" />
    <UnitTestResult executionId="0c7e33e0-010f-4eff-bd5a-345cf8050f77" testId="1bd94e8d-e5d2-0368-e3ef-8e9761207486" testName="AnyStore.BLL.Tests.loginBLLTests.LoginBLL_DefaultConstructor_CreatesInstance" computerName="84fab583b125" duration="00:00:00.0001245" startTime="2026-07-17T13:37:48.0162315+00:00" endTime="2026-07-17T13:37:48.0162316+00:00" testType="13cdc9d9-ddb5-4fa4-a97d-d965ccfc6d4b" outcome="Passed" testListId="8c84fa94-04c1-424b-9868-57a2d4851a1d" relativeResultsDirectory="0c7e33e0-010f-4eff-bd5a-345cf8050f77" />
    <UnitTestResult executionId="967da38d-2ef1-4d28-b77d-86c21934f469" testId="8539a01f-f3c5-28cf-38e4-f6c65749d469" testName="AnyStore.BLL.Tests.productsBLLTests.ProductsBLL_FindById_ReturnsCorrectProduct" computerName="84fab583b125" duration="00:00:00.0004250" startTime="2026-07-17T13:37:48.0194571+00:00" endTime="2026-07-17T13:37:48.0194571+00:00" testType="13cdc9d9-ddb5-4fa4-a97d-d965ccfc6d4b" outcome="Passed" testListId="8c84fa94-04c1-424b-9868-57a2d4851a1d" relativeResultsDirectory="967da38d-2ef1-4d28-b77d-86c21934f469" />
    <UnitTestResult executionId="f9627828-0fc9-4b60-9209-cb12df0ebce8" testId="6f0d128c-9831-4f59-6741-3be9f78fb998" testName="AnyStore.BLL.Tests.productsBLLTests.ProductsBLL_DecreaseQty_SubtractsCorrectly" computerName="84fab583b125" duration="00:00:00.0003164" startTime="2026-07-17T13:37:48.0169478+00:00" endTime="2026-07-17T13:37:48.0169479+00:00" testType="13cdc9d9-ddb5-4fa4-a97d-d965ccfc6d4b" outcome="Passed" testListId="8c84fa94-04c1-424b-9868-57a2d4851a1d" relativeResultsDirectory="f9627828-0fc9-4b60-9209-cb12df0ebce8" />
    <UnitTestResult executionId="db6d5a80-454f-41f9-a948-429be0b1f88f" testId="66170ca4-45aa-38b0-9e1a-a848e9e37fc9" testName="AnyStore.BLL.Tests.userBLLTests.UserBLL_Username_NotNullOrEmpty_IsValid" computerName="84fab583b125" duration="00:00:00.0004109" startTime="2026-07-17T13:37:48.0092313+00:00" endTime="2026-07-17T13:37:48.0092314+00:00" testType="13cdc9d9-ddb5-4fa4-a97d-d965ccfc6d4b" outcome="Passed" testListId="8c84fa94-04c1-424b-9868-57a2d4851a1d" relativeResultsDirectory="db6d5a80-454f-41f9-a948-429be0b1f88f" />
    <UnitTestResult executionId="47f13e09-69d4-49ac-b1e5-e6f4ef513d00" testId="1a801699-1faf-e6d6-2b8f-8e50931e6e43" testName="AnyStore.BLL.Tests.DeaCustBLLTests.DeaCustBLL_InsertPrep_AllRequiredFieldsPopulated" computerName="84fab583b125" duration="00:00:00.0002813" startTime="2026-07-17T13:37:48.0168881+00:00" endTime="2026-07-17T13:37:48.0168881+00:00" testType="13cdc9d9-ddb5-4fa4-a97d-d965ccfc6d4b" outcome="Passed" testListId="8c84fa94-04c1-424b-9868-57a2d4851a1d" relativeResultsDirectory="47f13e09-69d4-49ac-b1e5-e6f4ef513d00" />
    <UnitTestResult executionId="f5514aef-2eb6-4fd6-a2a4-46b80851af81" testId="098bad16-608c-2961-3923-e1c59e760638" testName="AnyStore.BLL.Tests.DALModelValidationTests.ProductsDAL_DecreaseProduct_ExactQty_ResultsInZero" computerName="84fab583b125" duration="00:00:00.0002864" startTime="2026-07-17T13:37:48.0092118+00:00" endTime="2026-07-17T13:37:48.0092118+00:00" testType="13cdc9d9-ddb5-4fa4-a97d-d965ccfc6d4b" outcome="Passed" testListId="8c84fa94-04c1-424b-9868-57a2d4851a1d" relativeResultsDirectory="f5514aef-2eb6-4fd6-a2a4-46b80851af81" />
    <UnitTestResult executionId="cc8cfbb3-8870-41ab-b4fa-640d4eb2f663" testId="7e811983-3c94-de34-458c-14850cb3b0e8" testName="AnyStore.BLL.Tests.transactionsBLLTests.TransactionsBLL_AddedBy_PositiveValue_IsValid" computerName="84fab583b125" duration="00:00:00.0041326" startTime="2026-07-17T13:37:47.9997160+00:00" endTime="2026-07-17T13:37:47.9997160+00:00" testType="13cdc9d9-ddb5-4fa4-a97d-d965ccfc6d4b" outcome="Passed" testListId="8c84fa94-04c1-424b-9868-57a2d4851a1d" relativeResultsDirectory="cc8cfbb3-8870-41ab-b4fa-640d4eb2f663" />
    <UnitTestResult executionId="4ad37828-a189-43ee-9c10-8e753dde5b8f" testId="99f67ed4-e69b-4b90-fdc9-b8aa771d8f3c" testName="AnyStore.BLL.Tests.transactionDetailBLLTests.TransactionDetailBLL_SumOfTotals_IsCorrect" computerName="84fab583b125" duration="00:00:00.0014365" startTime="2026-07-17T13:37:48.0173453+00:00" endTime="2026-07-17T13:37:48.0173453+00:00" testType="13cdc9d9-ddb5-4fa4-a97d-d965ccfc6d4b" outcome="Passed" testListId="8c84fa94-04c1-424b-9868-57a2d4851a1d" relativeResultsDirectory="4ad37828-a189-43ee-9c10-8e753dde5b8f" />
    <UnitTestResult executionId="ea86901b-90df-441a-af4a-183b86764c90" testId="5e4458f0-8c2d-b399-0fba-fdc7818ac900" testName="AnyStore.BLL.Tests.transactionDetailBLLTests.TransactionDetailBLL_SetQty_ReturnsCorrectValue" computerName="84fab583b125" duration="00:00:00.0001127" startTime="2026-07-17T13:37:48.0184517+00:00" endTime="2026-07-17T13:37:48.0184517+00:00" testType="13cdc9d9-ddb5-4fa4-a97d-d965ccfc6d4b" outcome="Passed" testListId="8c84fa94-04c1-424b-9868-57a2d4851a1d" relativeResultsDirectory="ea86901b-90df-441a-af4a-183b86764c90" />
    <UnitTestResult executionId="42a9ce4e-e281-4d7b-967d-a8e2fd36a835" testId="e7e7274d-8cbc-9a92-bf9d-ef656646dc73" testName="AnyStore.BLL.Tests.loginBLLTests.LoginBLL_Username_WithSpaces_IsAllowed" computerName="84fab583b125" duration="00:00:00.0002375" startTime="2026-07-17T13:37:48.0165836+00:00" endTime="2026-07-17T13:37:48.0165837+00:00" testType="13cdc9d9-ddb5-4fa4-a97d-d965ccfc6d4b" outcome="Passed" testListId="8c84fa94-04c1-424b-9868-57a2d4851a1d" relativeResultsDirectory="42a9ce4e-e281-4d7b-967d-a8e2fd36a835" />
    <UnitTestResult executionId="434d1ded-dd19-4ce0-b491-c3e139718bba" testId="84abbe5e-1f22-029c-e480-812de20e5235" testName="AnyStore.BLL.Tests.transactionDetailBLLTests.TransactionDetailBLL_TotalCalculation_MatchesRateTimesQty_ForAllItems" computerName="84fab583b125" duration="00:00:00.0065382" startTime="2026-07-17T13:37:47.9997717+00:00" endTime="2026-07-17T13:37:47.9997717+00:00" testType="13cdc9d9-ddb5-4fa4-a97d-d965ccfc6d4b" outcome="Passed" testListId="8c84fa94-04c1-424b-9868-57a2d4851a1d" relativeResultsDirectory="434d1ded-dd19-4ce0-b491-c3e139718bba" />
    <UnitTestResult executionId="98f416aa-ab7c-4770-800f-37aab5032fee" testId="157418b9-649d-0187-c6d4-8e2cda6e3fc4" testName="AnyStore.BLL.Tests.BusinessLogicIntegrationTests.DataIntegrity_User_AddedByReferencesExistingUser" computerName="84fab583b125" duration="00:00:00.0001629" startTime="2026-07-17T13:37:48.0268879+00:00" endTime="2026-07-17T13:37:48.0268879+00:00" testType="13cdc9d9-ddb5-4fa4-a97d-d965ccfc6d4b" outcome="Passed" testListId="8c84fa94-04c1-424b-9868-57a2d4851a1d" relativeResultsDirectory="98f416aa-ab7c-4770-800f-37aab5032fee" />
    <UnitTestResult executionId="bd5f53fb-a5c8-4010-a4c7-97f4cdccac9b" testId="228a1d64-2d49-25b7-ac64-fd1bd2ff13d9" testName="AnyStore.BLL.Tests.transactionsBLLTests.TransactionsBLL_Type_IsPurchaseOrSales_IsValid" computerName="84fab583b125" duration="00:00:00.0001683" startTime="2026-07-17T13:37:48.0088591+00:00" endTime="2026-07-17T13:37:48.0088591+00:00" testType="13cdc9d9-ddb5-4fa4-a97d-d965ccfc6d4b" outcome="Passed" testListId="8c84fa94-04c1-424b-9868-57a2d4851a1d" relativeResultsDirectory="bd5f53fb-a5c8-4010-a4c7-97f4cdccac9b" />
    <UnitTestResult executionId="506e936e-ec3a-475a-a30d-0c8a759df7a0" testId="e59b12b4-8feb-6447-83d8-610d2dd8eb9e" testName="AnyStore.BLL.Tests.transactionDetailBLLTests.TransactionDetailBLL_Total_WithLargeValues_IsCorrect" computerName="84fab583b125" duration="00:00:00.0002774" startTime="2026-07-17T13:37:48.0130849+00:00" endTime="2026-07-17T13:37:48.0130849+00:00" testType="13cdc9d9-ddb5-4fa4-a97d-d965ccfc6d4b" outcome="Passed" testListId="8c84fa94-04c1-424b-9868-57a2d4851a1d" relativeResultsDirectory="506e936e-ec3a-475a-a30d-0c8a759df7a0" />
    <UnitTestResult executionId="5ca2f2a7-62eb-422e-948f-cd1051ba63c4" testId="d50dd5ec-5c7e-8815-ba2c-01a52fef41d3" testName="AnyStore.BLL.Tests.transactionsBLLTests.TransactionsBLL_TransactionDetails_CanBeSetToNewDataTable" computerName="84fab583b125" duration="00:00:00.0001410" startTime="2026-07-17T13:37:48.0279799+00:00" endTime="2026-07-17T13:37:48.0279800+00:00" testType="13cdc9d9-ddb5-4fa4-a97d-d965ccfc6d4b" outcome="Passed" testListId="8c84fa94-04c1-424b-9868-57a2d4851a1d" relativeResultsDirectory="5ca2f2a7-62eb-422e-948f-cd1051ba63c4" />
    <UnitTestResult executionId="a5cc9236-fbb8-4f5f-bec7-45e90cfc4cbf" testId="6ee2b80b-239e-a9cd-13f8-403df486a397" testName="AnyStore.BLL.Tests.productsBLLTests.ProductsBLL_MultipleInstances_AreIndependent" computerName="84fab583b125" duration="00:00:00.0002547" startTime="2026-07-17T13:37:48.0249826+00:00" endTime="2026-07-17T13:37:48.0249826+00:00" testType="13cdc9d9-ddb5-4fa4-a97d-d965ccfc6d4b" outcome="Passed" testListId="8c84fa94-04c1-424b-9868-57a2d4851a1d" relativeResultsDirectory="a5cc9236-fbb8-4f5f-bec7-45e90cfc4cbf" />
    <UnitTestResult executionId="f8322cd1-fea6-4c21-9242-6c2a203e209d" testId="8fe4e51f-8695-4c1a-6acb-8db36de9db70" testName="AnyStore.BLL.Tests.productsBLLTests.ProductsBLL_IncreaseQty_AddsCorrectly" computerName="84fab583b125" duration="00:00:00.0003460" startTime="2026-07-17T13:37:48.0162610+00:00" endTime="2026-07-17T13:37:48.0162610+00:00" testType="13cdc9d9-ddb5-4fa4-a97d-d965ccfc6d4b" outcome="Passed" testListId="8c84fa94-04c1-424b-9868-57a2d4851a1d" relativeResultsDirectory="f8322cd1-fea6-4c21-9242-6c2a203e209d" />
    <UnitTestResult executionId="b128984e-1be2-4b41-a61c-3f180f9105ee" testId="3919a7c1-797d-aea9-2041-1a09c329e466" testName="AnyStore.BLL.Tests.userBLLTests.UserBLL_SetGender_Female_ReturnsCorrectValue" computerName="84fab583b125" duration="00:00:00.0000743" startTime="2026-07-17T13:37:48.0210023+00:00" endTime="2026-07-17T13:37:48.0210024+00:00" testType="13cdc9d9-ddb5-4fa4-a97d-d965ccfc6d4b" outcome="Passed" testListId="8c84fa94-04c1-424b-9868-57a2d4851a1d" relativeResultsDirectory="b128984e-1be2-4b41-a61c-3f180f9105ee" />
    <UnitTestResult executionId="6fddb62d-8f11-4089-bb71-3602d55f3803" testId="ea6e9ebc-9ed7-9b59-4230-b677480c7f64" testName="AnyStore.BLL.Tests.productsBLLTests.ProductsBLL_SetQty_FractionalValue_IsAllowed" computerName="84fab583b125" duration="00:00:00.0001354" startTime="2026-07-17T13:37:48.0226918+00:00" endTime="2026-07-17T13:37:48.0226919+00:00" testType="13cdc9d9-ddb5-4fa4-a97d-d965ccfc6d4b" outcome="Passed" testListId="8c84fa94-04c1-424b-9868-57a2d4851a1d" relativeResultsDirectory="6fddb62d-8f11-4089-bb71-3602d55f3803" />
    <UnitTestResult executionId="e0fcbc4b-f8dd-4ff8-8ede-a94feb480185" testId="e523b5fa-0d54-3db3-cd06-7f5d22b58b50" testName="AnyStore.BLL.Tests.loginBLLTests.LoginBLL_SetUserType_User_ReturnsCorrectValue" computerName="84fab583b125" duration="00:00:00.0000881" startTime="2026-07-17T13:37:48.0145696+00:00" endTime="2026-07-17T13:37:48.0145697+00:00" testType="13cdc9d9-ddb5-4fa4-a97d-d965ccfc6d4b" outcome="Passed" testListId="8c84fa94-04c1-424b-9868-57a2d4851a1d" relativeResultsDirectory="e0fcbc4b-f8dd-4ff8-8ede-a94feb480185" />
    <UnitTestResult executionId="6e8fee09-a259-46b6-ae87-29142cdbb1f2" testId="fe258d20-fb8a-f0d6-f041-cc6fb05e657f" testName="AnyStore.BLL.Tests.transactionDetailBLLTests.TransactionDetailBLL_AddedBy_PositiveValue_IsValid" computerName="84fab583b125" duration="00:00:00.0001174" startTime="2026-07-17T13:37:48.0103470+00:00" endTime="2026-07-17T13:37:48.0103471+00:00" testType="13cdc9d9-ddb5-4fa4-a97d-d965ccfc6d4b" outcome="Passed" testListId="8c84fa94-04c1-424b-9868-57a2d4851a1d" relativeResultsDirectory="6e8fee09-a259-46b6-ae87-29142cdbb1f2" />
    <UnitTestResult executionId="3adcdf0a-3e09-4302-ae72-8f1a46089c48" testId="fca6b539-772d-27ac-7ba5-b21b095b4edc" testName="AnyStore.BLL.Tests.transactionsBLLTests.TransactionsBLL_DefaultConstructor_AddedByDefaultsToZero" computerName="84fab583b125" duration="00:00:00.0000727" startTime="2026-07-17T13:37:48.0253946+00:00" endTime="2026-07-17T13:37:48.0253946+00:00" testType="13cdc9d9-ddb5-4fa4-a97d-d965ccfc6d4b" outcome="Passed" testListId="8c84fa94-04c1-424b-9868-57a2d4851a1d" relativeResultsDirectory="3adcdf0a-3e09-4302-ae72-8f1a46089c48" />
    <UnitTestResult executionId="51f7d673-1584-407c-8c8d-2328b80ed21c" testId="4315ca1c-4b16-42c6-1b5c-20c897286fbc" testName="AnyStore.BLL.Tests.DALModelValidationTests.UserDAL_DeletePrep_UserBLL_HasIdSet" computerName="84fab583b125" duration="00:00:00.0001165" startTime="2026-07-17T13:37:48.0195034+00:00" endTime="2026-07-17T13:37:48.0195035+00:00" testType="13cdc9d9-ddb5-4fa4-a97d-d965ccfc6d4b" outcome="Passed" testListId="8c84fa94-04c1-424b-9868-57a2d4851a1d" relativeResultsDirectory="51f7d673-1584-407c-8c8d-2328b80ed21c" />
    <UnitTestResult executionId="7b40c9b2-6596-4172-94ae-e562d1601376" testId="71ccbe3f-9b49-b881-2f95-ade97dcc1164" testName="AnyStore.BLL.Tests.DeaCustBLLTests.DeaCustBLL_SetEmail_EmptyString_IsAllowed" computerName="84fab583b125" duration="00:00:00.0000847" startTime="2026-07-17T13:37:48.0223128+00:00" endTime="2026-07-17T13:37:48.0223128+00:00" testType="13cdc9d9-ddb5-4fa4-a97d-d965ccfc6d4b" outcome="Passed" testListId="8c84fa94-04c1-424b-9868-57a2d4851a1d" relativeResultsDirectory="7b40c9b2-6596-4172-94ae-e562d1601376" />
    <UnitTestResult executionId="6789c2a5-727a-4794-8f8a-f12a09a7330f" testId="07d6b585-3e55-87f0-7be5-138ac4e24600" testName="AnyStore.BLL.Tests.DeaCustBLLTests.DeaCustBLL_SetType_Customer_ReturnsCorrectValue" computerName="84fab583b125" duration="00:00:00.0000801" startTime="2026-07-17T13:37:48.0199257+00:00" endTime="2026-07-17T13:37:48.0199257+00:00" testType="13cdc9d9-ddb5-4fa4-a97d-d965ccfc6d4b" outcome="Passed" testListId="8c84fa94-04c1-424b-9868-57a2d4851a1d" relativeResultsDirectory="6789c2a5-727a-4794-8f8a-f12a09a7330f" />
    <UnitTestResult executionId="4f1a63cf-6832-41d6-8572-b3c4573bcc1f" testId="9ebc3757-5fc3-96c5-bfa7-d8a5033a0428" testName="AnyStore.BLL.Tests.DALModelValidationTests.CategoriesDAL_InsertPrep_CategoriesBLL_HasRequiredFields" computerName="84fab583b125" duration="00:00:00.0001862" startTime="2026-07-17T13:37:48.0187897+00:00" endTime="2026-07-17T13:37:48.0187897+00:00" testType="13cdc9d9-ddb5-4fa4-a97d-d965ccfc6d4b" outcome="Passed" testListId="8c84fa94-04c1-424b-9868-57a2d4851a1d" relativeResultsDirectory="4f1a63cf-6832-41d6-8572-b3c4573bcc1f" />
    <UnitTestResult executionId="ee3b15a9-5e26-4774-b7b9-0ba58c35d830" testId="21a6d51a-010c-1e1a-7036-7e6ab39ceb1c" testName="AnyStore.BLL.Tests.BLLIntegrationTests.ProductsBLL_Rate_CanHandleVerySmallDecimal" computerName="84fab583b125" duration="00:00:00.0001476" startTime="2026-07-17T13:37:48.0198228+00:00" endTime="2026-07-17T13:37:48.0198228+00:00" testType="13cdc9d9-ddb5-4fa4-a97d-d965ccfc6d4b" outcome="Passed" testListId="8c84fa94-04c1-424b-9868-57a2d4851a1d" relativeResultsDirectory="ee3b15a9-5e26-4774-b7b9-0ba58c35d830" />
    <UnitTestResult executionId="22b58141-c12c-4379-a37a-179dd0436907" testId="c51fe841-a421-049e-6ea0-49c89d4340d9" testName="AnyStore.BLL.Tests.categoriesBLLTests.CategoriesBLL_SetId_ReturnsCorrectValue" computerName="84fab583b125" duration="00:00:00.0000999" startTime="2026-07-17T13:37:48.0257471+00:00" endTime="2026-07-17T13:37:48.0257472+00:00" testType="13cdc9d9-ddb5-4fa4-a97d-d965ccfc6d4b" outcome="Passed" testListId="8c84fa94-04c1-424b-9868-57a2d4851a1d" relativeResultsDirectory="22b58141-c12c-4379-a37a-179dd0436907" />
    <UnitTestResult executionId="5858167b-ce9b-4f40-b5af-4491e446122a" testId="bf8a4abb-df32-ebe6-fe86-70b5b06d22d7" testName="AnyStore.BLL.Tests.DeaCustBLLTests.DeaCustBLL_ListOfDealersAndCustomers_CanBeCreated" computerName="84fab583b125" duration="00:00:00.0002547" startTime="2026-07-17T13:37:48.0231116+00:00" endTime="2026-07-17T13:37:48.0231117+00:00" testType="13cdc9d9-ddb5-4fa4-a97d-d965ccfc6d4b" outcome="Passed" testListId="8c84fa94-04c1-424b-9868-57a2d4851a1d" relativeResultsDirectory="5858167b-ce9b-4f40-b5af-4491e446122a" />
    <UnitTestResult executionId="5ccff503-3cbd-432e-9679-9ec084b849de" testId="d0cc47f3-0131-d7be-6f70-873ae9cbe157" testName="AnyStore.BLL.Tests.DALModelValidationTests.CategoriesDAL_UpdatePrep_CategoriesBLL_HasIdSet" computerName="84fab583b125" duration="00:00:00.0000800" startTime="2026-07-17T13:37:48.0145308+00:00" endTime="2026-07-17T13:37:48.0145309+00:00" testType="13cdc9d9-ddb5-4fa4-a97d-d965ccfc6d4b" outcome="Passed" testListId="8c84fa94-04c1-424b-9868-57a2d4851a1d" relativeResultsDirectory="5ccff503-3cbd-432e-9679-9ec084b849de" />
    <UnitTestResult executionId="f1ca5ccc-b011-41cf-a264-c0354b0f6e95" testId="099e63c5-d4a9-348c-368f-49f5232e1d9f" testName="AnyStore.BLL.Tests.userBLLTests.UserBLL_SetAddedDate_MinValue_IsAllowed" computerName="84fab583b125" duration="00:00:00.0004734" startTime="2026-07-17T13:37:48.0130054+00:00" endTime="2026-07-17T13:37:48.0130054+00:00" testType="13cdc9d9-ddb5-4fa4-a97d-d965ccfc6d4b" outcome="Passed" testListId="8c84fa94-04c1-424b-9868-57a2d4851a1d" relativeResultsDirectory="f1ca5ccc-b011-41cf-a264-c0354b0f6e95" />
    <UnitTestResult executionId="66290b2d-62d6-4921-b143-361239fdca1b" testId="8bec8305-6024-9d42-1817-199e0887b1d3" testName="AnyStore.BLL.Tests.categoriesBLLTests.CategoriesBLL_SetDescription_LongText_IsAllowed" computerName="84fab583b125" duration="00:00:00.0004242" startTime="2026-07-17T13:37:48.0138311+00:00" endTime="2026-07-17T13:37:48.0138312+00:00" testType="13cdc9d9-ddb5-4fa4-a97d-d965ccfc6d4b" outcome="Passed" testListId="8c84fa94-04c1-424b-9868-57a2d4851a1d" relativeResultsDirectory="66290b2d-62d6-4921-b143-361239fdca1b" />
    <UnitTestResult executionId="a8e87b2a-1feb-405f-baaa-70b1aeb06f1d" testId="ab902001-b78a-0e21-bad0-887f2bbc1e7e" testName="AnyStore.BLL.Tests.transactionDetailBLLTests.TransactionDetailBLL_DeaCustId_PositiveValue_IsValid" computerName="84fab583b125" duration="00:00:00.0000691" startTime="2026-07-17T13:37:48.0201870+00:00" endTime="2026-07-17T13:37:48.0201870+00:00" testType="13cdc9d9-ddb5-4fa4-a97d-d965ccfc6d4b" outcome="Passed" testListId="8c84fa94-04c1-424b-9868-57a2d4851a1d" relativeResultsDirectory="a8e87b2a-1feb-405f-baaa-70b1aeb06f1d" />
    <UnitTestResult executionId="13d543ff-1b14-4f3e-8d05-5f7c6f5d407f" testId="b2bf64b7-a3fd-0f53-8dd0-c714b2bf668e" testName="AnyStore.BLL.Tests.transactionDetailBLLTests.TransactionDetailBLL_FilterByProductId_ReturnsCorrectDetails" computerName="84fab583b125" duration="00:00:00.0003229" startTime="2026-07-17T13:37:48.0253067+00:00" endTime="2026-07-17T13:37:48.0253068+00:00" testType="13cdc9d9-ddb5-4fa4-a97d-d965ccfc6d4b" outcome="Passed" testListId="8c84fa94-04c1-424b-9868-57a2d4851a1d" relativeResultsDirectory="13d543ff-1b14-4f3e-8d05-5f7c6f5d407f" />
    <UnitTestResult executionId="0ffcb57e-facf-41bf-b2b7-92cce6d06522" testId="16c49c58-d960-8dff-8613-04542d0cf66c" testName="AnyStore.BLL.Tests.DALModelValidationTests.TransactionDetailDAL_InsertPrep_TransactionDetailBLL_HasRequiredFields" computerName="84fab583b125" duration="00:00:00.0002872" startTime="2026-07-17T13:37:48.0127443+00:00" endTime="2026-07-17T13:37:48.0127444+00:00" testType="13cdc9d9-ddb5-4fa4-a97d-d965ccfc6d4b" outcome="Passed" testListId="8c84fa94-04c1-424b-9868-57a2d4851a1d" relativeResultsDirectory="0ffcb57e-facf-41bf-b2b7-92cce6d06522" />
    <UnitTestResult executionId="3dad5a4c-c37b-465c-bf06-0683754b3b7a" testId="0b9d3a34-2ada-f3b4-c7d2-5e23264bd067" testName="AnyStore.BLL.Tests.BLLIntegrationTests.ProductsBLL_AddedBy_MatchesUserBLL_Id" computerName="84fab583b125" duration="00:00:00.0001380" startTime="2026-07-17T13:37:48.0202108+00:00" endTime="2026-07-17T13:37:48.0202108+00:00" testType="13cdc9d9-ddb5-4fa4-a97d-d965ccfc6d4b" outcome="Passed" testListId="8c84fa94-04c1-424b-9868-57a2d4851a1d" relativeResultsDirectory="3dad5a4c-c37b-465c-bf06-0683754b3b7a" />
    <UnitTestResult executionId="42231a8f-7dc6-4683-b62c-d5902d7d6cb7" testId="35c52581-469b-01d9-6fef-0aa10a725afd" testName="AnyStore.BLL.Tests.transactionDetailBLLTests.TransactionDetailBLL_Total_WithDecimalQty_IsCorrect" computerName="84fab583b125" duration="00:00:00.0001789" startTime="2026-07-17T13:37:48.0123766+00:00" endTime="2026-07-17T13:37:48.0123766+00:00" testType="13cdc9d9-ddb5-4fa4-a97d-d965ccfc6d4b" outcome="Passed" testListId="8c84fa94-04c1-424b-9868-57a2d4851a1d" relativeResultsDirectory="42231a8f-7dc6-4683-b62c-d5902d7d6cb7" />
    <UnitTestResult executionId="dece4f5d-4e44-4721-a4c8-1aaaa3d06fa5" testId="4ee00dd0-8d56-29f7-f987-5c2fd89e9b42" testName="AnyStore.BLL.Tests.categoriesBLLTests.CategoriesBLL_Title_NotNullOrEmpty_IsValid" computerName="84fab583b125" duration="00:00:00.0001324" startTime="2026-07-17T13:37:48.0241366+00:00" endTime="2026-07-17T13:37:48.0241366+00:00" testType="13cdc9d9-ddb5-4fa4-a97d-d965ccfc6d4b" outcome="Passed" testListId="8c84fa94-04c1-424b-9868-57a2d4851a1d" relativeResultsDirectory="dece4f5d-4e44-4721-a4c8-1aaaa3d06fa5" />
    <UnitTestResult executionId="fc1b8fed-398b-4224-b692-c02cec1e37e9" testId="48c35272-7c20-28d7-5916-2524b1dea727" testName="AnyStore.BLL.Tests.transactionDetailBLLTests.TransactionDetailBLL_SetId_MaxInt_IsAllowed" computerName="84fab583b125" duration="00:00:00.0002937" startTime="2026-07-17T13:37:48.0111161+00:00" endTime="2026-07-17T13:37:48.0111161+00:00" testType="13cdc9d9-ddb5-4fa4-a97d-d965ccfc6d4b" outcome="Passed" testListId="8c84fa94-04c1-424b-9868-57a2d4851a1d" relativeResultsDirectory="fc1b8fed-398b-4224-b692-c02cec1e37e9" />
    <UnitTestResult executionId="1304c5ab-436d-4ff6-b46b-bf145767df14" testId="d7ef3613-86a8-6a91-d184-d2acdd677d47" testName="AnyStore.BLL.Tests.DALModelValidationTests.ProductsDAL_UpdatePrep_ProductsBLL_HasIdSet" computerName="84fab583b125" duration="00:00:00.0001897" startTime="2026-07-17T13:37:48.0148524+00:00" endTime="2026-07-17T13:37:48.0148525+00:00" testType="13cdc9d9-ddb5-4fa4-a97d-d965ccfc6d4b" outcome="Passed" testListId="8c84fa94-04c1-424b-9868-57a2d4851a1d" relativeResultsDirectory="1304c5ab-436d-4ff6-b46b-bf145767df14" />
    <UnitTestResult executionId="da128283-8b2e-47d2-a5db-6bf555cf0c1c" testId="d6735c42-521e-ad52-fafb-74f9468eb47c" testName="AnyStore.BLL.Tests.transactionDetailBLLTests.TransactionDetailBLL_DefaultConstructor_ProductIdDefaultsToZero" computerName="84fab583b125" duration="00:00:00.0001047" startTime="2026-07-17T13:37:48.0134390+00:00" endTime="2026-07-17T13:37:48.0134390+00:00" testType="13cdc9d9-ddb5-4fa4-a97d-d965ccfc6d4b" outcome="Passed" testListId="8c84fa94-04c1-424b-9868-57a2d4851a1d" relativeResultsDirectory="da128283-8b2e-47d2-a5db-6bf555cf0c1c" />
    <UnitTestResult executionId="43721496-1fc0-4f86-8b36-3e8f793a36c7" testId="bc2a9f14-b4cc-c2a3-a3ea-1719090ae396" testName="AnyStore.BLL.Tests.productsBLLTests.ProductsBLL_DefaultConstructor_CreatesInstance" computerName="84fab583b125" duration="00:00:00.0001742" startTime="2026-07-17T13:37:48.0244967+00:00" endTime="2026-07-17T13:37:48.0244968+00:00" testType="13cdc9d9-ddb5-4fa4-a97d-d965ccfc6d4b" outcome="Passed" testListId="8c84fa94-04c1-424b-9868-57a2d4851a1d" relativeResultsDirectory="43721496-1fc0-4f86-8b36-3e8f793a36c7" />
    <UnitTestResult executionId="9977a46c-fd6d-49c4-9d04-79cc9d3af19f" testId="94edf69d-5591-1008-5d79-766388891acb" testName="AnyStore.BLL.Tests.loginBLLTests.LoginBLL_EmptyUsername_IsInvalid" computerName="84fab583b125" duration="00:00:00.0001758" startTime="2026-07-17T13:37:48.0233347+00:00" endTime="2026-07-17T13:37:48.0233348+00:00" testType="13cdc9d9-ddb5-4fa4-a97d-d965ccfc6d4b" outcome="Passed" testListId="8c84fa94-04c1-424b-9868-57a2d4851a1d" relativeResultsDirectory="9977a46c-fd6d-49c4-9d04-79cc9d3af19f" />
    <UnitTestResult executionId="7e01e7e4-46a0-4499-86a1-5b4f0221295f" testId="0e4ff11d-7f2a-4ddd-e1bd-fcc4b539ab98" testName="AnyStore.BLL.Tests.productsBLLTests.ProductsBLL_DefaultConstructor_RateDefaultsToZero" computerName="84fab583b125" duration="00:00:00.0001078" startTime="2026-07-17T13:37:48.0145826+00:00" endTime="2026-07-17T13:37:48.0145826+00:00" testType="13cdc9d9-ddb5-4fa4-a97d-d965ccfc6d4b" outcome="Passed" testListId="8c84fa94-04c1-424b-9868-57a2d4851a1d" relativeResultsDirectory="7e01e7e4-46a0-4499-86a1-5b4f0221295f" />
    <UnitTestResult executionId="a3422e1b-2c88-45ae-af47-af67873f5f5e" testId="9f40017b-09cc-56d0-4064-6a61e7647886" testName="AnyStore.BLL.Tests.transactionDetailBLLTests.TransactionDetailBLL_ProductId_PositiveValue_IsValid" computerName="84fab583b125" duration="00:00:00.0000741" startTime="2026-07-17T13:37:48.0144404+00:00" endTime="2026-07-17T13:37:48.0144405+00:00" testType="13cdc9d9-ddb5-4fa4-a97d-d965ccfc6d4b" outcome="Passed" testListId="8c84fa94-04c1-424b-9868-57a2d4851a1d" relativeResultsDirectory="a3422e1b-2c88-45ae-af47-af67873f5f5e" />
    <UnitTestResult executionId="c2beb9ab-c754-496e-8333-a60a70f07fbc" testId="273af310-be9a-5cad-d201-ac3ca017799e" testName="AnyStore.BLL.Tests.loginBLLTests.LoginBLL_FullInitialization_AllPropertiesSetCorrectly" computerName="84fab583b125" duration="00:00:00.0001048" startTime="2026-07-17T13:37:48.0184207+00:00" endTime="2026-07-17T13:37:48.0184207+00:00" testType="13cdc9d9-ddb5-4fa4-a97d-d965ccfc6d4b" outcome="Passed" testListId="8c84fa94-04c1-424b-9868-57a2d4851a1d" relativeResultsDirectory="c2beb9ab-c754-496e-8333-a60a70f07fbc" />
    <UnitTestResult executionId="7c45fd2a-1681-4bf0-b539-159dd1f099ae" testId="c780d45f-8b30-b912-bd8e-90c711215595" testName="AnyStore.BLL.Tests.DeaCustBLLTests.DeaCustBLL_SetAddedDate_ReturnsCorrectValue" computerName="84fab583b125" duration="00:00:00.0006158" startTime="2026-07-17T13:37:48.0110609+00:00" endTime="2026-07-17T13:37:48.0110609+00:00" testType="13cdc9d9-ddb5-4fa4-a97d-d965ccfc6d4b" outcome="Passed" testListId="8c84fa94-04c1-424b-9868-57a2d4851a1d" relativeResultsDirectory="7c45fd2a-1681-4bf0-b539-159dd1f099ae" />
    <UnitTestResult executionId="96d9d1ab-1fc8-4ed8-acef-7d3f00d9f2e0" testId="8c7c9437-48dc-4219-c745-a36aee6d4e4e" testName="AnyStore.BLL.Tests.transactionsBLLTests.TransactionsBLL_DefaultConstructor_DiscountDefaultsToZero" computerName="84fab583b125" duration="00:00:00.0000819" startTime="2026-07-17T13:37:48.0280050+00:00" endTime="2026-07-17T13:37:48.0280051+00:00" testType="13cdc9d9-ddb5-4fa4-a97d-d965ccfc6d4b" outcome="Passed" testListId="8c84fa94-04c1-424b-9868-57a2d4851a1d" relativeResultsDirectory="96d9d1ab-1fc8-4ed8-acef-7d3f00d9f2e0" />
    <UnitTestResult executionId="7c9876e5-4cd3-4102-9307-7e85a3d5c753" testId="70dc60a5-1d90-3736-9013-0a646c5e0da7" testName="AnyStore.BLL.Tests.loginBLLTests.LoginBLL_Username_LongString_IsAllowed" computerName="84fab583b125" duration="00:00:00.0001440" startTime="2026-07-17T13:37:48.0122944+00:00" endTime="2026-07-17T13:37:48.0122945+00:00" testType="13cdc9d9-ddb5-4fa4-a97d-d965ccfc6d4b" outcome="Passed" testListId="8c84fa94-04c1-424b-9868-57a2d4851a1d" relativeResultsDirectory="7c9876e5-4cd3-4102-9307-7e85a3d5c753" />
    <UnitTestResult executionId="4dc50921-0f12-450d-a4ea-bde857f2f6b0" testId="4f461010-27b5-6c35-5338-19096da71b51" testName="AnyStore.BLL.Tests.BLLIntegrationTests.TransactionsBLL_TransactionDate_CanBeSetToNow" computerName="84fab583b125" duration="00:00:00.0002309" startTime="2026-07-17T13:37:48.0115460+00:00" endTime="2026-07-17T13:37:48.0115461+00:00" testType="13cdc9d9-ddb5-4fa4-a97d-d965ccfc6d4b" outcome="Passed" testListId="8c84fa94-04c1-424b-9868-57a2d4851a1d" relativeResultsDirectory="4dc50921-0f12-450d-a4ea-bde857f2f6b0" />
    <UnitTestResult executionId="54615141-5a65-4e19-9629-7aa540450dec" testId="2f271e7f-e3ed-1747-7ea6-64ff49012e11" testName="AnyStore.BLL.Tests.DeaCustBLLTests.DeaCustBLL_DefaultConstructor_AddedByDefaultsToZero" computerName="84fab583b125" duration="00:00:00.0003432" startTime="2026-07-17T13:37:48.0163415+00:00" endTime="2026-07-17T13:37:48.0163415+00:00" testType="13cdc9d9-ddb5-4fa4-a97d-d965ccfc6d4b" outcome="Passed" testListId="8c84fa94-04c1-424b-9868-57a2d4851a1d" relativeResultsDirectory="54615141-5a65-4e19-9629-7aa540450dec" />
    <UnitTestResult executionId="be6865f4-73db-4f94-bb45-76606c3d6ba6" testId="93dbe731-b345-25ae-0b4c-d3feb0324698" testName="AnyStore.BLL.Tests.DeaCustBLLTests.DeaCustBLL_SetAddedBy_ReturnsCorrectValue" computerName="84fab583b125" duration="00:00:00.0001447" startTime="2026-07-17T13:37:48.0160146+00:00" endTime="2026-07-17T13:37:48.0160146+00:00" testType="13cdc9d9-ddb5-4fa4-a97d-d965ccfc6d4b" outcome="Passed" testListId="8c84fa94-04c1-424b-9868-57a2d4851a1d" relativeResultsDirectory="be6865f4-73db-4f94-bb45-76606c3d6ba6" />
    <UnitTestResult executionId="a91355fc-d2d5-4cc5-8840-49d0b31ea44b" testId="4407f0d3-0996-9aba-e770-aef270ca0321" testName="AnyStore.BLL.Tests.transactionDetailBLLTests.TransactionDetailBLL_DefaultConstructor_QtyDefaultsToZero" computerName="84fab583b125" duration="00:00:00.0001581" startTime="2026-07-17T13:37:48.0134710+00:00" endTime="2026-07-17T13:37:48.0134710+00:00" testType="13cdc9d9-ddb5-4fa4-a97d-d965ccfc6d4b" outcome="Passed" testListId="8c84fa94-04c1-424b-9868-57a2d4851a1d" relativeResultsDirectory="a91355fc-d2d5-4cc5-8840-49d0b31ea44b" />
    <UnitTestResult executionId="08463748-6d2e-4045-8f93-bfdd418c1ab0" testId="2b5db18e-e47b-8768-6b64-5b69cb481f54" testName="AnyStore.BLL.Tests.loginBLLTests.LoginBLL_SetUserType_Admin_ReturnsCorrectValue" computerName="84fab583b125" duration="00:00:00.0001895" startTime="2026-07-17T13:37:48.0103276+00:00" endTime="2026-07-17T13:37:48.0103277+00:00" testType="13cdc9d9-ddb5-4fa4-a97d-d965ccfc6d4b" outcome="Passed" testListId="8c84fa94-04c1-424b-9868-57a2d4851a1d" relativeResultsDirectory="08463748-6d2e-4045-8f93-bfdd418c1ab0" />
    <UnitTestResult executionId="a3c1a06f-44cb-4f6a-a50f-d14b635ce5dc" testId="8ec77baf-90b1-9aca-ef6a-045556edb239" testName="AnyStore.BLL.Tests.transactionsBLLTests.TransactionsBLL_TransactionDetails_DefaultIsNull" computerName="84fab583b125" duration="00:00:00.0001049" startTime="2026-07-17T13:37:48.0241799+00:00" endTime="2026-07-17T13:37:48.0241800+00:00" testType="13cdc9d9-ddb5-4fa4-a97d-d965ccfc6d4b" outcome="Passed" testListId="8c84fa94-04c1-424b-9868-57a2d4851a1d" relativeResultsDirectory="a3c1a06f-44cb-4f6a-a50f-d14b635ce5dc" />
    <UnitTestResult executionId="a600eabd-8ed0-40a2-a0b3-14578d582130" testId="555db7ef-e929-e819-1015-fd8f8f782b63" testName="AnyStore.BLL.Tests.userBLLTests.UserBLL_AddedBy_PositiveValue_IsValid" computerName="84fab583b125" duration="00:00:00.0001976" startTime="2026-07-17T13:37:48.0213400+00:00" endTime="2026-07-17T13:37:48.0213401+00:00" testType="13cdc9d9-ddb5-4fa4-a97d-d965ccfc6d4b" outcome="Passed" testListId="8c84fa94-04c1-424b-9868-57a2d4851a1d" relativeResultsDirectory="a600eabd-8ed0-40a2-a0b3-14578d582130" />
    <UnitTestResult executionId="f1435531-f2ab-46e0-899f-34f036ab7217" testId="0fadc2de-708a-7289-89a9-153a29aaca0b" testName="AnyStore.BLL.Tests.BLLIntegrationTests.UserBLL_UsernameMatchesLoginBLL_Username" computerName="84fab583b125" duration="00:00:00.0000956" startTime="2026-07-17T13:37:48.0118564+00:00" endTime="2026-07-17T13:37:48.0118565+00:00" testType="13cdc9d9-ddb5-4fa4-a97d-d965ccfc6d4b" outcome="Passed" testListId="8c84fa94-04c1-424b-9868-57a2d4851a1d" relativeResultsDirectory="f1435531-f2ab-46e0-899f-34f036ab7217" />
    <UnitTestResult executionId="c924767d-b0be-4c3f-9b8f-2051df6633cf" testId="1307b825-e568-07b3-0312-12871e94886b" testName="AnyStore.BLL.Tests.categoriesBLLTests.CategoriesBLL_DefaultConstructor_IdDefaultsToZero" computerName="84fab583b125" duration="00:00:00.0000736" startTime="2026-07-17T13:37:48.0234499+00:00" endTime="2026-07-17T13:37:48.0234499+00:00" testType="13cdc9d9-ddb5-4fa4-a97d-d965ccfc6d4b" outcome="Passed" testListId="8c84fa94-04c1-424b-9868-57a2d4851a1d" relativeResultsDirectory="c924767d-b0be-4c3f-9b8f-2051df6633cf" />
    <UnitTestResult executionId="5aedcaf4-9278-4210-a0f4-aba5571923f5" testId="1f5b479b-873d-b3b1-416d-65671dfd3d69" testName="AnyStore.BLL.Tests.loginBLLTests.LoginBLL_DefaultConstructor_UsernameIsNull" computerName="84fab583b125" duration="00:00:00.0002227" startTime="2026-07-17T13:37:48.0099937+00:00" endTime="2026-07-17T13:37:48.0099937+00:00" testType="13cdc9d9-ddb5-4fa4-a97d-d965ccfc6d4b" outcome="Passed" testListId="8c84fa94-04c1-424b-9868-57a2d4851a1d" relativeResultsDirectory="5aedcaf4-9278-4210-a0f4-aba5571923f5" />
    <UnitTestResult executionId="3bf5f805-4e73-4f01-bb98-12291b1175fd" testId="a75f1d02-36d7-cb87-466a-f6072aeefdae" testName="AnyStore.BLL.Tests.BLLIntegrationTests.ProductsBLL_Category_MatchesCategoriesBLL_Title" computerName="84fab583b125" duration="00:00:00.0003553" startTime="2026-07-17T13:37:48.0123052+00:00" endTime="2026-07-17T13:37:48.0123052+00:00" testType="13cdc9d9-ddb5-4fa4-a97d-d965ccfc6d4b" outcome="Passed" testListId="8c84fa94-04c1-424b-9868-57a2d4851a1d" relativeResultsDirectory="3bf5f805-4e73-4f01-bb98-12291b1175fd" />
    <UnitTestResult executionId="ae26cd56-d348-4831-b334-727310899acb" testId="f299c2b6-eb2e-02cc-89a1-d82ea172cfcb" testName="AnyStore.BLL.Tests.DeaCustBLLTests.DeaCustBLL_FilterByType_Dealer_ReturnsOnlyDealers" computerName="84fab583b125" duration="00:00:00.0004250" startTime="2026-07-17T13:37:48.0227366+00:00" endTime="2026-07-17T13:37:48.0227366+00:00" testType="13cdc9d9-ddb5-4fa4-a97d-d965ccfc6d4b" outcome="Passed" testListId="8c84fa94-04c1-424b-9868-57a2d4851a1d" relativeResultsDirectory="ae26cd56-d348-4831-b334-727310899acb" />
    <UnitTestResult executionId="c22bfb65-fae9-4ca7-a6b4-df781aac0400" testId="c87c9e8b-17e0-9781-0642-c9534d246658" testName="AnyStore.BLL.Tests.userBLLTests.UserBLL_SetGender_Male_ReturnsCorrectValue" computerName="84fab583b125" duration="00:00:00.0003957" startTime="2026-07-17T13:37:48.0138082+00:00" endTime="2026-07-17T13:37:48.0138082+00:00" testType="13cdc9d9-ddb5-4fa4-a97d-d965ccfc6d4b" outcome="Passed" testListId="8c84fa94-04c1-424b-9868-57a2d4851a1d" relativeResultsDirectory="c22bfb65-fae9-4ca7-a6b4-df781aac0400" />
    <UnitTestResult executionId="a3a818aa-afee-4a44-b948-28a497dda4a7" testId="69810d02-b9e6-1379-2c3e-2eb09aaac3f6" testName="AnyStore.BLL.Tests.userBLLTests.UserBLL_MultipleInstances_AreIndependent" computerName="84fab583b125" duration="00:00:00.0001639" startTime="2026-07-17T13:37:48.0169969+00:00" endTime="2026-07-17T13:37:48.0169969+00:00" testType="13cdc9d9-ddb5-4fa4-a97d-d965ccfc6d4b" outcome="Passed" testListId="8c84fa94-04c1-424b-9868-57a2d4851a1d" relativeResultsDirectory="a3a818aa-afee-4a44-b948-28a497dda4a7" />
    <UnitTestResult executionId="b061ce30-cb32-4957-888f-e69c077d930f" testId="78f8a7e9-b52f-e5a3-b339-92752fe7b4d5" testName="AnyStore.BLL.Tests.BLLIntegrationTests.CategoriesBLL_AddedDate_IsNotDefaultMinValue_WhenSet" computerName="84fab583b125" duration="00:00:00.0046867" startTime="2026-07-17T13:37:48.0191985+00:00" endTime="2026-07-17T13:37:48.0191986+00:00" testType="13cdc9d9-ddb5-4fa4-a97d-d965ccfc6d4b" outcome="Passed" testListId="8c84fa94-04c1-424b-9868-57a2d4851a1d" relativeResultsDirectory="b061ce30-cb32-4957-888f-e69c077d930f" />
    <UnitTestResult executionId="e9c46bdc-20a0-4c37-bcfc-a5ca618e5391" testId="f96adb22-87fb-3a13-7dee-998c8e1225ba" testName="AnyStore.BLL.Tests.transactionDetailBLLTests.TransactionDetailBLL_SetDeaCustId_ReturnsCorrectValue" computerName="84fab583b125" duration="00:00:00.0002122" startTime="2026-07-17T13:37:48.0181006+00:00" endTime="2026-07-17T13:37:48.0181006+00:00" testType="13cdc9d9-ddb5-4fa4-a97d-d965ccfc6d4b" outcome="Passed" testListId="8c84fa94-04c1-424b-9868-57a2d4851a1d" relativeResultsDirectory="e9c46bdc-20a0-4c37-bcfc-a5ca618e5391" />
    <UnitTestResult executionId="fa769aed-4bc1-4f4c-be60-3cb19211be09" testId="03f65f1d-9737-ed6c-c03b-718e262b1760" testName="AnyStore.BLL.Tests.categoriesBLLTests.CategoriesBLL_SetAddedDate_ReturnsCorrectValue" computerName="84fab583b125" duration="00:00:00.0001921" startTime="2026-07-17T13:37:48.0254069+00:00" endTime="2026-07-17T13:37:48.0254070+00:00" testType="13cdc9d9-ddb5-4fa4-a97d-d965ccfc6d4b" outcome="Passed" testListId="8c84fa94-04c1-424b-9868-57a2d4851a1d" relativeResultsDirectory="fa769aed-4bc1-4f4c-be60-3cb19211be09" />
    <UnitTestResult executionId="4cbaf33e-05c1-485b-9234-87f8d52616af" testId="202d6590-c33b-4dfe-f4fe-6255c3e91220" testName="AnyStore.BLL.Tests.DeaCustBLLTests.DeaCustBLL_FullInitialization_Dealer_AllPropertiesSetCorrectly" computerName="84fab583b125" duration="00:00:00.0002351" startTime="2026-07-17T13:37:48.0206322+00:00" endTime="2026-07-17T13:37:48.0206322+00:00" testType="13cdc9d9-ddb5-4fa4-a97d-d965ccfc6d4b" outcome="Passed" testListId="8c84fa94-04c1-424b-9868-57a2d4851a1d" relativeResultsDirectory="4cbaf33e-05c1-485b-9234-87f8d52616af" />
    <UnitTestResult executionId="30272246-5010-451a-9407-4855761e8c94" testId="89822bb1-93e0-f650-180b-683d4c2119cc" testName="AnyStore.BLL.Tests.categoriesBLLTests.CategoriesBLL_InsertPrep_AllRequiredFieldsPopulated" computerName="84fab583b125" duration="00:00:00.0004795" startTime="2026-07-17T13:37:48.0229909+00:00" endTime="2026-07-17T13:37:48.0229909+00:00" testType="13cdc9d9-ddb5-4fa4-a97d-d965ccfc6d4b" outcome="Passed" testListId="8c84fa94-04c1-424b-9868-57a2d4851a1d" relativeResultsDirectory="30272246-5010-451a-9407-4855761e8c94" />
    <UnitTestResult executionId="3b603bc3-db01-4a1f-8365-8a62016f7068" testId="84774f1a-12d6-35ba-634a-d2b895d5d022" testName="AnyStore.BLL.Tests.categoriesBLLTests.CategoriesBLL_SetTitle_WithSpecialChars_IsAllowed" computerName="84fab583b125" duration="00:00:00.0002146" startTime="2026-07-17T13:37:48.0219393+00:00" endTime="2026-07-17T13:37:48.0219393+00:00" testType="13cdc9d9-ddb5-4fa4-a97d-d965ccfc6d4b" outcome="Passed" testListId="8c84fa94-04c1-424b-9868-57a2d4851a1d" relativeResultsDirectory="3b603bc3-db01-4a1f-8365-8a62016f7068" />
    <UnitTestResult executionId="bb875a56-c10d-4750-8983-3a97b01c7341" testId="42e54457-2855-a93c-b81f-2821fbf9517a" testName="AnyStore.BLL.Tests.productsBLLTests.ProductsBLL_SetQty_ReturnsCorrectValue" computerName="84fab583b125" duration="00:00:00.0001588" startTime="2026-07-17T13:37:48.0198903+00:00" endTime="2026-07-17T13:37:48.0198903+00:00" testType="13cdc9d9-ddb5-4fa4-a97d-d965ccfc6d4b" outcome="Passed" testListId="8c84fa94-04c1-424b-9868-57a2d4851a1d" relativeResultsDirectory="bb875a56-c10d-4750-8983-3a97b01c7341" />
    <UnitTestResult executionId="fe5b323a-98ef-415a-a4e3-9e69f90c04f8" testId="92087ac4-9b2e-d348-0372-3b569f86e42b" testName="AnyStore.BLL.Tests.DeaCustBLLTests.DeaCustBLL_FilterByType_Customer_ReturnsOnlyCustomers" computerName="84fab583b125" duration="00:00:00.0005991" startTime="2026-07-17T13:37:48.0220293+00:00" endTime="2026-07-17T13:37:48.0220293+00:00" testType="13cdc9d9-ddb5-4fa4-a97d-d965ccfc6d4b" outcome="Passed" testListId="8c84fa94-04c1-424b-9868-57a2d4851a1d" relativeResultsDirectory="fe5b323a-98ef-415a-a4e3-9e69f90c04f8" />
    <UnitTestResult executionId="6c216c20-a691-4361-9ee4-8d6ec66e9859" testId="2d9d67b2-71b2-b24e-46f2-5cfd68c41297" testName="AnyStore.BLL.Tests.userBLLTests.UserBLL_SetContact_ReturnsCorrectValue" computerName="84fab583b125" duration="00:00:00.0000639" startTime="2026-07-17T13:37:48.0215848+00:00" endTime="2026-07-17T13:37:48.0215848+00:00" testType="13cdc9d9-ddb5-4fa4-a97d-d965ccfc6d4b" outcome="Passed" testListId="8c84fa94-04c1-424b-9868-57a2d4851a1d" relativeResultsDirectory="6c216c20-a691-4361-9ee4-8d6ec66e9859" />
    <UnitTestResult executionId="44ced4d5-140f-4453-b501-b538e71f9ff6" testId="4f651179-1b65-558e-e903-409c10cd4f96" testName="AnyStore.BLL.Tests.DALModelValidationTests.UserDAL_SearchPrep_Keyword_IsNotNull" computerName="84fab583b125" duration="00:00:00.0002624" startTime="2026-07-17T13:37:48.0202827+00:00" endTime="2026-07-17T13:37:48.0202828+00:00" testType="13cdc9d9-ddb5-4fa4-a97d-d965ccfc6d4b" outcome="Passed" testListId="8c84fa94-04c1-424b-9868-57a2d4851a1d" relativeResultsDirectory="44ced4d5-140f-4453-b501-b538e71f9ff6" />
    <UnitTestResult executionId="6eb1f46f-208c-4083-a12b-9ff19a31b82a" testId="e7ab8279-11e5-f282-4b7e-abb243cc5c6b" testName="AnyStore.BLL.Tests.transactionsBLLTests.TransactionsBLL_SetType_Sales_ReturnsCorrectValue" computerName="84fab583b125" duration="00:00:00.0000681" startTime="2026-07-17T13:37:48.0264385+00:00" endTime="2026-07-17T13:37:48.0264386+00:00" testType="13cdc9d9-ddb5-4fa4-a97d-d965ccfc6d4b" outcome="Passed" testListId="8c84fa94-04c1-424b-9868-57a2d4851a1d" relativeResultsDirectory="6eb1f46f-208c-4083-a12b-9ff19a31b82a" />
    <UnitTestResult executionId="ece41f21-edb6-4a16-a898-38918783da03" testId="e651bfcd-9f79-d3d9-5980-8d9d0f395895" testName="AnyStore.BLL.Tests.transactionsBLLTests.TransactionsBLL_InsertPrep_AllRequiredFieldsPopulated" computerName="84fab583b125" duration="00:00:00.0001964" startTime="2026-07-17T13:37:48.0249973+00:00" endTime="2026-07-17T13:37:48.0249973+00:00" testType="13cdc9d9-ddb5-4fa4-a97d-d965ccfc6d4b" outcome="Passed" testListId="8c84fa94-04c1-424b-9868-57a2d4851a1d" relativeResultsDirectory="ece41f21-edb6-4a16-a898-38918783da03" />
    <UnitTestResult executionId="97aee5b9-7539-4094-94bc-9e0de82a7dbc" testId="37000ef5-4089-36d6-bbfe-8654c6539708" testName="AnyStore.BLL.Tests.categoriesBLLTests.CategoriesBLL_SetTitle_EmptyString_IsAllowed" computerName="84fab583b125" duration="00:00:00.0003585" startTime="2026-07-17T13:37:48.0245486+00:00" endTime="2026-07-17T13:37:48.0245487+00:00" testType="13cdc9d9-ddb5-4fa4-a97d-d965ccfc6d4b" outcome="Passed" testListId="8c84fa94-04c1-424b-9868-57a2d4851a1d" relativeResultsDirectory="97aee5b9-7539-4094-94bc-9e0de82a7dbc" />
    <UnitTestResult executionId="ac4d5f84-6fe0-4e6b-b830-52f8fcb2c37d" testId="9a1d069d-b791-4128-945a-eed402c22208" testName="AnyStore.BLL.Tests.loginBLLTests.LoginBLL_ListOfLogins_CanBeCreated" computerName="84fab583b125" duration="00:00:00.0004473" startTime="2026-07-17T13:37:48.0095403+00:00" endTime="2026-07-17T13:37:48.0095404+00:00" testType="13cdc9d9-ddb5-4fa4-a97d-d965ccfc6d4b" outcome="Passed" testListId="8c84fa94-04c1-424b-9868-57a2d4851a1d" relativeResultsDirectory="ac4d5f84-6fe0-4e6b-b830-52f8fcb2c37d" />
    <UnitTestResult executionId="cab49cd4-7a0f-4279-a3c6-8a95e1dbc93a" testId="7fc07540-ccdb-e1d5-9936-d6909003bea3" testName="AnyStore.BLL.Tests.userBLLTests.UserBLL_SetFirstName_ReturnsCorrectValue" computerName="84fab583b125" duration="00:00:00.0000714" startTime="2026-07-17T13:37:48.0198516+00:00" endTime="2026-07-17T13:37:48.0198517+00:00" testType="13cdc9d9-ddb5-4fa4-a97d-d965ccfc6d4b" outcome="Passed" testListId="8c84fa94-04c1-424b-9868-57a2d4851a1d" relativeResultsDirectory="cab49cd4-7a0f-4279-a3c6-8a95e1dbc93a" />
    <UnitTestResult executionId="9937cebc-5b72-4cc3-bb02-05a6f1289156" testId="1fa4ef3f-85c4-cc3e-f5c4-78385b812254" testName="AnyStore.BLL.Tests.productsBLLTests.ProductsBLL_Qty_NonNegativeValue_IsValid" computerName="84fab583b125" duration="00:00:00.0002001" startTime="2026-07-17T13:37:48.0151528+00:00" endTime="2026-07-17T13:37:48.0151529+00:00" testType="13cdc9d9-ddb5-4fa4-a97d-d965ccfc6d4b" outcome="Passed" testListId="8c84fa94-04c1-424b-9868-57a2d4851a1d" relativeResultsDirectory="9937cebc-5b72-4cc3-bb02-05a6f1289156" />
    <UnitTestResult executionId="372a884a-6f10-4697-a682-78d551f8d363" testId="65133cec-b779-47b8-0761-6fbeaf8efde7" testName="AnyStore.BLL.Tests.transactionsBLLTests.TransactionsBLL_Discount_CalculatedAsPercentage_IsCorrect" computerName="84fab583b125" duration="00:00:00.0000880" startTime="2026-07-17T13:37:48.0279524+00:00" endTime="2026-07-17T13:37:48.0279525+00:00" testType="13cdc9d9-ddb5-4fa4-a97d-d965ccfc6d4b" outcome="Passed" testListId="8c84fa94-04c1-424b-9868-57a2d4851a1d" relativeResultsDirectory="372a884a-6f10-4697-a682-78d551f8d363" />
    <UnitTestResult executionId="0a51b862-6d15-42c5-ae92-c07d17e5d337" testId="2636a92e-9ade-1a67-b517-c7421a055313" testName="AnyStore.BLL.Tests.transactionsBLLTests.TransactionsBLL_SetDiscount_ReturnsCorrectValue" computerName="84fab583b125" duration="00:00:00.0003944" startTime="2026-07-17T13:37:48.0261388+00:00" endTime="2026-07-17T13:37:48.0261389+00:00" testType="13cdc9d9-ddb5-4fa4-a97d-d965ccfc6d4b" outcome="Passed" testListId="8c84fa94-04c1-424b-9868-57a2d4851a1d" relativeResultsDirectory="0a51b862-6d15-42c5-ae92-c07d17e5d337" />
    <UnitTestResult executionId="f782ba76-aa65-4dca-848c-b204df5b8958" testId="7cf6a8dc-a243-9335-0414-be14f15bc3b0" testName="AnyStore.BLL.Tests.loginBLLTests.LoginBLL_ValidCredentials_UserTypeNotEmpty" computerName="84fab583b125" duration="00:00:00.0000805" startTime="2026-07-17T13:37:48.0156325+00:00" endTime="2026-07-17T13:37:48.0156325+00:00" testType="13cdc9d9-ddb5-4fa4-a97d-d965ccfc6d4b" outcome="Passed" testListId="8c84fa94-04c1-424b-9868-57a2d4851a1d" relativeResultsDirectory="f782ba76-aa65-4dca-848c-b204df5b8958" />
    <UnitTestResult executionId="bc14895a-aa49-4d2e-9ab4-194b6e13829e" testId="bc40266d-a8e5-37ee-57d9-79ced4473ef5" testName="AnyStore.BLL.Tests.userBLLTests.UserBLL_UserType_IsAdminOrUser_IsValid" computerName="84fab583b125" duration="00:00:00.0001660" startTime="2026-07-17T13:37:48.0123712+00:00" endTime="2026-07-17T13:37:48.0123712+00:00" testType="13cdc9d9-ddb5-4fa4-a97d-d965ccfc6d4b" outcome="Passed" testListId="8c84fa94-04c1-424b-9868-57a2d4851a1d" relativeResultsDirectory="bc14895a-aa49-4d2e-9ab4-194b6e13829e" />
    <UnitTestResult executionId="79d620c6-17c4-45d5-b637-d24477aa67d4" testId="91ec8cbd-1a94-0b87-5c1a-f8ab73a009c9" testName="AnyStore.BLL.Tests.productsBLLTests.ProductsBLL_IncreaseQty_FromZero_IsCorrect" computerName="84fab583b125" duration="00:00:00.0001446" startTime="2026-07-17T13:37:48.0230839+00:00" endTime="2026-07-17T13:37:48.0230839+00:00" testType="13cdc9d9-ddb5-4fa4-a97d-d965ccfc6d4b" outcome="Passed" testListId="8c84fa94-04c1-424b-9868-57a2d4851a1d" relativeResultsDirectory="79d620c6-17c4-45d5-b637-d24477aa67d4" />
    <UnitTestResult executionId="7888bfcc-b4cc-4cd5-a15f-2ba1a5f64f23" testId="107b7cef-024b-4737-cbde-e72436e7b4a3" testName="AnyStore.BLL.Tests.BusinessLogicIntegrationTests.DataIntegrity_TransactionDetail_TotalMatchesRateTimesQty" computerName="84fab583b125" duration="00:00:00.0003557" startTime="2026-07-17T13:37:48.0230293+00:00" endTime="2026-07-17T13:37:48.0230294+00:00" testType="13cdc9d9-ddb5-4fa4-a97d-d965ccfc6d4b" outcome="Passed" testListId="8c84fa94-04c1-424b-9868-57a2d4851a1d" relativeResultsDirectory="7888bfcc-b4cc-4cd5-a15f-2ba1a5f64f23" />
    <UnitTestResult executionId="2a36351a-5e2f-48f4-b923-503c21e7fae1" testId="973949d5-5891-8d9a-604c-ce10c72cc107" testName="AnyStore.BLL.Tests.transactionDetailBLLTests.TransactionDetailBLL_Total_WithZeroRate_IsZero" computerName="84fab583b125" duration="00:00:00.0001099" startTime="2026-07-17T13:37:48.0215925+00:00" endTime="2026-07-17T13:37:48.0215925+00:00" testType="13cdc9d9-ddb5-4fa4-a97d-d965ccfc6d4b" outcome="Passed" testListId="8c84fa94-04c1-424b-9868-57a2d4851a1d" relativeResultsDirectory="2a36351a-5e2f-48f4-b923-503c21e7fae1" />
    <UnitTestResult executionId="fdd4ca61-5550-4b1e-b5ae-6f7ef9a0ed59" testId="50a933c9-40f8-2397-90e5-eeb666d170f2" testName="AnyStore.BLL.Tests.DeaCustBLLTests.DeaCustBLL_Name_NotNullOrEmpty_IsValid" computerName="84fab583b125" duration="00:00:00.0002304" startTime="2026-07-17T13:37:48.0212616+00:00" endTime="2026-07-17T13:37:48.0212617+00:00" testType="13cdc9d9-ddb5-4fa4-a97d-d965ccfc6d4b" outcome="Passed" testListId="8c84fa94-04c1-424b-9868-57a2d4851a1d" relativeResultsDirectory="fdd4ca61-5550-4b1e-b5ae-6f7ef9a0ed59" />
    <UnitTestResult executionId="7b159e81-f1ae-4e3f-aa66-af245a114fb5" testId="2ca6e7f0-d705-49aa-318f-54d8cf8739c9" testName="AnyStore.BLL.Tests.BLLIntegrationTests.UserBLL_ListOfUsers_CanBeCreatedAndPopulated" computerName="84fab583b125" duration="00:00:00.0004174" startTime="2026-07-17T13:37:48.0095309+00:00" endTime="2026-07-17T13:37:48.0095310+00:00" testType="13cdc9d9-ddb5-4fa4-a97d-d965ccfc6d4b" outcome="Passed" testListId="8c84fa94-04c1-424b-9868-57a2d4851a1d" relativeResultsDirectory="7b159e81-f1ae-4e3f-aa66-af245a114fb5" />
    <UnitTestResult executionId="431b370c-7893-48e3-91ce-046a61dbdad9" testId="ef08ce00-1829-b203-35c2-8e125ad65e6d" testName="AnyStore.BLL.Tests.BLLIntegrationTests.DeaCustBLL_AddedBy_MatchesUserBLL_Id" computerName="84fab583b125" duration="00:00:00.0001515" startTime="2026-07-17T13:37:48.0241671+00:00" endTime="2026-07-17T13:37:48.0241672+00:00" testType="13cdc9d9-ddb5-4fa4-a97d-d965ccfc6d4b" outcome="Passed" testListId="8c84fa94-04c1-424b-9868-57a2d4851a1d" relativeResultsDirectory="431b370c-7893-48e3-91ce-046a61dbdad9" />
    <UnitTestResult executionId="227f0a07-2f8b-4920-936b-e42519b9a313" testId="829ca55e-c3a3-2476-a403-6bb05405098b" testName="AnyStore.BLL.Tests.DeaCustBLLTests.DeaCustBLL_Id_PositiveValue_IsValidForUpdate" computerName="84fab583b125" duration="00:00:00.0000975" startTime="2026-07-17T13:37:48.0155577+00:00" endTime="2026-07-17T13:37:48.0155578+00:00" testType="13cdc9d9-ddb5-4fa4-a97d-d965ccfc6d4b" outcome="Passed" testListId="8c84fa94-04c1-424b-9868-57a2d4851a1d" relativeResultsDirectory="227f0a07-2f8b-4920-936b-e42519b9a313" />
    <UnitTestResult executionId="bf7c5bf6-79f1-48c8-ab41-69d52b92d281" testId="99a11687-baec-03a9-a38d-ee5063e3088e" testName="AnyStore.BLL.Tests.categoriesBLLTests.CategoriesBLL_SetDescription_EmptyString_IsAllowed" computerName="84fab583b125" duration="00:00:00.0004687" startTime="2026-07-17T13:37:48.0213726+00:00" endTime="2026-07-17T13:37:48.0213726+00:00" testType="13cdc9d9-ddb5-4fa4-a97d-d965ccfc6d4b" outcome="Passed" testListId="8c84fa94-04c1-424b-9868-57a2d4851a1d" relativeResultsDirectory="bf7c5bf6-79f1-48c8-ab41-69d52b92d281" />
    <UnitTestResult executionId="a9c19b3f-b43e-422f-9e88-ac9305674887" testId="36cbf2b4-fdc6-ce4f-70b5-0eb7f0bf5664" testName="AnyStore.BLL.Tests.loginBLLTests.LoginBLL_NullUsername_IsInvalid" computerName="84fab583b125" duration="00:00:00.0009299" startTime="2026-07-17T13:37:48.0119388+00:00" endTime="2026-07-17T13:37:48.0119388+00:00" testType="13cdc9d9-ddb5-4fa4-a97d-d965ccfc6d4b" outcome="Passed" testListId="8c84fa94-04c1-424b-9868-57a2d4851a1d" relativeResultsDirectory="a9c19b3f-b43e-422f-9e88-ac9305674887" />
    <UnitTestResult executionId="ccc213d9-e1bf-44b6-8174-caf44e3d802c" testId="9f4bb9e4-639d-0948-a240-ba4e6b109cb6" testName="AnyStore.BLL.Tests.productsBLLTests.ProductsBLL_InsertPrep_AllRequiredFieldsPopulated" computerName="84fab583b125" duration="00:00:00.0001883" startTime="2026-07-17T13:37:48.0248726+00:00" endTime="2026-07-17T13:37:48.0248726+00:00" testType="13cdc9d9-ddb5-4fa4-a97d-d965ccfc6d4b" outcome="Passed" testListId="8c84fa94-04c1-424b-9868-57a2d4851a1d" relativeResultsDirectory="ccc213d9-e1bf-44b6-8174-caf44e3d802c" />
    <UnitTestResult executionId="53df2994-307b-4a18-911e-aae3dee8f5b2" testId="7d90dc6c-cd6b-b2c7-a92e-d62c5f241e52" testName="AnyStore.BLL.Tests.DeaCustBLLTests.DeaCustBLL_AddedBy_PositiveValue_IsValid" computerName="84fab583b125" duration="00:00:00.0002546" startTime="2026-07-17T13:37:48.0191704+00:00" endTime="2026-07-17T13:37:48.0191704+00:00" testType="13cdc9d9-ddb5-4fa4-a97d-d965ccfc6d4b" outcome="Passed" testListId="8c84fa94-04c1-424b-9868-57a2d4851a1d" relativeResultsDirectory="53df2994-307b-4a18-911e-aae3dee8f5b2" />
[...]
    <TestEntry testId="4426b23d-6522-e8ae-9711-e47143d4ff22" executionId="a1547cf7-4275-449f-a437-d4c6ef347af6" testListId="8c84fa94-04c1-424b-9868-57a2d4851a1d" />
    <TestEntry testId="44a08593-7d80-7930-77e9-60fd37b2ee6e" executionId="e7aed04f-4815-4e95-8855-ea63627f5f9c" testListId="8c84fa94-04c1-424b-9868-57a2d4851a1d" />
    <TestEntry testId="f0255747-41fd-1b6f-4e91-28376120814b" executionId="3d0d4923-2d01-435a-9f4e-adca69ede580" testListId="8c84fa94-04c1-424b-9868-57a2d4851a1d" />
    <TestEntry testId="101f8802-cc2a-2271-c21b-d166ad72dbdb" executionId="60a5a60a-6e76-43c3-a531-a3a04c7b3a6e" testListId="8c84fa94-04c1-424b-9868-57a2d4851a1d" />
    <TestEntry testId="ada3fa17-aba6-f521-c790-19e634bfee81" executionId="ab4ae07d-88b4-4175-bb50-d8e131ccdd9b" testListId="8c84fa94-04c1-424b-9868-57a2d4851a1d" />
    <TestEntry testId="b2a7682a-cc9e-0f6e-b6f4-72d3f28c54ab" executionId="f2dca847-98c0-4c86-80df-8718c4d704b4" testListId="8c84fa94-04c1-424b-9868-57a2d4851a1d" />
    <TestEntry testId="47b03eba-4a11-c353-8946-01a0e8b76213" executionId="9719d10c-80dd-465a-b119-95ca109b5e15" testListId="8c84fa94-04c1-424b-9868-57a2d4851a1d" />
    <TestEntry testId="6247c8b9-5429-32c7-cf47-899c6037b3be" executionId="9e5fe0de-2e1e-42e7-bd7f-65fc81093573" testListId="8c84fa94-04c1-424b-9868-57a2d4851a1d" />
    <TestEntry testId="051e9c55-a6da-c205-25d1-36eb31d4b478" executionId="8424e1c2-5b2f-4be5-87a9-c3845ee33831" testListId="8c84fa94-04c1-424b-9868-57a2d4851a1d" />
    <TestEntry testId="54e0e5a6-4a78-c33d-37f6-1cd20fc3ed2e" executionId="41429270-2231-45cd-9e81-598675e1cbff" testListId="8c84fa94-04c1-424b-9868-57a2d4851a1d" />
    <TestEntry testId="15174f21-7f48-2c51-2769-5831e09fe3b5" executionId="304a7124-85a2-4f04-b58f-33fd044579ba" testListId="8c84fa94-04c1-424b-9868-57a2d4851a1d" />
    <TestEntry testId="508888cd-0e6e-1125-7ee3-a4b4977fab33" executionId="c6263e7c-5013-49ea-b2e5-27b4567b41e0" testListId="8c84fa94-04c1-424b-9868-57a2d4851a1d" />
    <TestEntry testId="b0b595d5-7cde-60cf-fe65-48626ef39a83" executionId="b6e8ed77-09c3-4835-bc25-37b4b4edfcec" testListId="8c84fa94-04c1-424b-9868-57a2d4851a1d" />
    <TestEntry testId="b559d23d-3414-04d8-a95f-468dfd42d31b" executionId="cd2fa60e-0c12-49c2-b45f-478ee1fbad5c" testListId="8c84fa94-04c1-424b-9868-57a2d4851a1d" />
    <TestEntry testId="9e098b7e-40e1-9f0a-597a-9c26cffcc0f2" executionId="4367563f-9e87-4c5a-8479-d61ef3b70bf8" testListId="8c84fa94-04c1-424b-9868-57a2d4851a1d" />
    <TestEntry testId="96c951da-3b0c-8348-728e-9f0dc00e0f5d" executionId="3d26ebef-bd9e-4a50-acd6-5de45e27ee5a" testListId="8c84fa94-04c1-424b-9868-57a2d4851a1d" />
    <TestEntry testId="64162401-343b-b61e-25f2-172aefe2babe" executionId="7069ec58-dce3-4fa4-86fa-b52ce97ffb24" testListId="8c84fa94-04c1-424b-9868-57a2d4851a1d" />
    <TestEntry testId="1b9c1680-a387-8977-4e31-38e1a51ca131" executionId="f18655c1-891a-44c1-94b9-23279d1ba5cc" testListId="8c84fa94-04c1-424b-9868-57a2d4851a1d" />
    <TestEntry testId="89c30461-c79d-55b3-c1f6-d8b1c2a5e7ca" executionId="892ee5ae-a151-40a0-8861-119793dbf6d6" testListId="8c84fa94-04c1-424b-9868-57a2d4851a1d" />
    <TestEntry testId="40d396af-7241-78f2-cfb6-9f9bc123efdd" executionId="0265b3d8-e24f-4845-951a-f38ad3a33472" testListId="8c84fa94-04c1-424b-9868-57a2d4851a1d" />
    <TestEntry testId="02c70718-fde7-c708-3524-876c923076c9" executionId="caa137c5-fd80-4a4d-99e7-bc5c3ab8faca" testListId="8c84fa94-04c1-424b-9868-57a2d4851a1d" />
    <TestEntry testId="5e210540-c3fc-f65e-8717-bf386bb22fa6" executionId="1016c59c-f172-4eea-8d51-d5fc5c6927c3" testListId="8c84fa94-04c1-424b-9868-57a2d4851a1d" />
    <TestEntry testId="0dc44d18-d7ed-a0eb-bc7c-58776d616c6e" executionId="2e1a40e1-a987-478b-b2eb-d451c1232ac4" testListId="8c84fa94-04c1-424b-9868-57a2d4851a1d" />
    <TestEntry testId="4ca2b305-6409-6f36-b0fc-05980abe790a" executionId="d0ef2844-d884-433b-abc1-7823ec1fc9bf" testListId="8c84fa94-04c1-424b-9868-57a2d4851a1d" />
    <TestEntry testId="cafd6851-6aa4-99c1-fd29-9b6988817fd0" executionId="1be874c3-29da-4619-aa58-9c8fc9f104a4" testListId="8c84fa94-04c1-424b-9868-57a2d4851a1d" />
    <TestEntry testId="d8456961-6300-7abc-4c51-a7e0fcd9e79a" executionId="599a6110-b1b5-40ac-bb63-9d2d603c4b1e" testListId="8c84fa94-04c1-424b-9868-57a2d4851a1d" />
    <TestEntry testId="eccb9828-f836-6121-fbab-e180bd7ee4d7" executionId="7c8c7c06-ffa9-4368-8b9c-ca71e9a00cc2" testListId="8c84fa94-04c1-424b-9868-57a2d4851a1d" />
    <TestEntry testId="6830e535-12fe-53f6-707d-ab2a61c3e5b9" executionId="56b7c388-d8ef-4e16-ad10-23dd4f2f3720" testListId="8c84fa94-04c1-424b-9868-57a2d4851a1d" />
    <TestEntry testId="12b3dc4a-dac8-35dd-00b9-f8d4f6281347" executionId="a89ebded-eb3e-41f6-8d0b-68864e8e8055" testListId="8c84fa94-04c1-424b-9868-57a2d4851a1d" />
    <TestEntry testId="8614253c-a5b4-a29f-6bcf-e912c9c3b143" executionId="6a68b08c-56ca-427c-b53a-eacfdecebf42" testListId="8c84fa94-04c1-424b-9868-57a2d4851a1d" />
    <TestEntry testId="2fd595c4-93df-28ec-423c-d8ee679bc9f1" executionId="ae44404e-26ed-4297-aeb0-1b3c3c118f01" testListId="8c84fa94-04c1-424b-9868-57a2d4851a1d" />
    <TestEntry testId="f1ab8c8d-88ce-7841-1463-110282003ed8" executionId="c35865fa-7d00-49d1-98c6-bde71924915c" testListId="8c84fa94-04c1-424b-9868-57a2d4851a1d" />
    <TestEntry testId="fdbdc20c-e0a5-4f8f-e000-03cb763716cf" executionId="5c22d71e-a587-412f-a0af-9324fe4fddde" testListId="8c84fa94-04c1-424b-9868-57a2d4851a1d" />
    <TestEntry testId="8a164b63-c750-e3bf-d6c0-78029f85d636" executionId="e5df0e7b-d2cb-4058-bf3c-f88a7754474f" testListId="8c84fa94-04c1-424b-9868-57a2d4851a1d" />
    <TestEntry testId="a0fafa58-3fe7-1672-999a-2cf9022b6223" executionId="5ac13a2c-5532-46b1-9c45-4d822739c471" testListId="8c84fa94-04c1-424b-9868-57a2d4851a1d" />
    <TestEntry testId="0407399c-f613-95de-04a6-75fedca13845" executionId="6f0a934d-bce0-4f05-9647-266a162f5e8e" testListId="8c84fa94-04c1-424b-9868-57a2d4851a1d" />
    <TestEntry testId="b76e96d3-9f39-5028-57f1-3b304bc3c400" executionId="1bc9b1d3-a2f5-4182-a0d7-e259625b9509" testListId="8c84fa94-04c1-424b-9868-57a2d4851a1d" />
    <TestEntry testId="eae16a7e-fda3-386f-fc0c-7c81f045e5f5" executionId="49131bed-d853-445c-89c3-c624d4fb3d36" testListId="8c84fa94-04c1-424b-9868-57a2d4851a1d" />
    <TestEntry testId="cde5d824-486d-0560-e300-9e0861e8959a" executionId="b7e0da49-5fd5-48a9-8813-b70612ec033d" testListId="8c84fa94-04c1-424b-9868-57a2d4851a1d" />
    <TestEntry testId="c9de1680-02fe-59c5-f485-74b713419fa5" executionId="0230de43-12a5-4a5f-ae75-fef1cd9ae131" testListId="8c84fa94-04c1-424b-9868-57a2d4851a1d" />
    <TestEntry testId="54663b70-4240-ce2e-3df1-5ae264aaacea" executionId="3a568182-8c72-4814-9c7e-5fe09a9f8f82" testListId="8c84fa94-04c1-424b-9868-57a2d4851a1d" />
    <TestEntry testId="5dc344fe-247d-884f-cf3a-c1171d37a4d3" executionId="ca2a5a8d-185e-4209-8c77-4d5f56742e0e" testListId="8c84fa94-04c1-424b-9868-57a2d4851a1d" />
    <TestEntry testId="57b27bec-358f-c79c-8998-085e8b831dda" executionId="ba6ad374-0003-43df-8125-c456bff5c49c" testListId="8c84fa94-04c1-424b-9868-57a2d4851a1d" />
    <TestEntry testId="cd519f2d-6b5a-c1f7-6f14-7b25c133e523" executionId="3956c945-c6da-49e1-9784-18bdeb596d89" testListId="8c84fa94-04c1-424b-9868-57a2d4851a1d" />
    <TestEntry testId="3fc7bcc1-2fd1-af1a-a62a-065767e4d5eb" executionId="c2a65239-d86a-423d-951e-089b6ad9b5bc" testListId="8c84fa94-04c1-424b-9868-57a2d4851a1d" />
    <TestEntry testId="aac1bfdf-54bc-0d73-dfa1-e69cf1323235" executionId="b2abb505-8138-44b2-908e-10dc8a2e7d90" testListId="8c84fa94-04c1-424b-9868-57a2d4851a1d" />
    <TestEntry testId="fadb9ea2-0340-ef64-3a85-4f9e37f83ab5" executionId="73dae938-ef19-44a5-95ac-0b8550736ad7" testListId="8c84fa94-04c1-424b-9868-57a2d4851a1d" />
    <TestEntry testId="970b571f-2c06-fa62-c79c-8590de2b5bc9" executionId="d5a45c5e-7ae5-4f32-b6c8-f379a199ab49" testListId="8c84fa94-04c1-424b-9868-57a2d4851a1d" />
    <TestEntry testId="cdf5190f-d177-412a-78ea-2f7cfc3f6071" executionId="ef7e3f81-aba1-4e31-b4e1-14888fee25c8" testListId="8c84fa94-04c1-424b-9868-57a2d4851a1d" />
    <TestEntry testId="c7776c08-f3de-0c45-5a25-edd9d3ce9298" executionId="24ef8600-e381-4cac-be24-c0fb38165b04" testListId="8c84fa94-04c1-424b-9868-57a2d4851a1d" />
    <TestEntry testId="371408ab-c24b-ccff-44a0-29c8b12830c5" executionId="3b20aa60-e42b-40bc-a075-4133c5f5ca14" testListId="8c84fa94-04c1-424b-9868-57a2d4851a1d" />
    <TestEntry testId="63d5484f-c982-e34e-3ed1-b5123c98cbe8" executionId="8d727e24-5d60-45a6-837a-a912c76cc3bf" testListId="8c84fa94-04c1-424b-9868-57a2d4851a1d" />
    <TestEntry testId="bfe8b4a7-b98c-ea98-daf4-e2f273d7d946" executionId="1177edf4-6f8a-45b3-95b0-6863b25484e1" testListId="8c84fa94-04c1-424b-9868-57a2d4851a1d" />
    <TestEntry testId="b0b9538c-4af8-c3ff-e29f-255cbe360911" executionId="d124f423-3933-4f91-972c-c0e21c43b8a0" testListId="8c84fa94-04c1-424b-9868-57a2d4851a1d" />
    <TestEntry testId="2f88d8f6-843f-fea0-1f0a-0b14b4142999" executionId="6e2eff9f-f313-4454-b632-cde3c5485916" testListId="8c84fa94-04c1-424b-9868-57a2d4851a1d" />
    <TestEntry testId="9fa813e0-8a7c-0e21-17c1-b9b006c3ccff" executionId="363038e6-f8f1-4a06-86ff-5056f2d6030b" testListId="8c84fa94-04c1-424b-9868-57a2d4851a1d" />
    <TestEntry testId="daf0a3fa-6c5d-f71f-5d92-86b330e751bc" executionId="49f17400-7b7b-4c04-b292-9b7e21c45dd4" testListId="8c84fa94-04c1-424b-9868-57a2d4851a1d" />
    <TestEntry testId="dcdc02f4-4c07-d43c-ae00-dd1927fa0a7e" executionId="7546369b-a12f-4102-a53d-837a2c0a3fd0" testListId="8c84fa94-04c1-424b-9868-57a2d4851a1d" />
    <TestEntry testId="9c7ae315-1a6d-3a2b-73ec-55a716ac3ee6" executionId="8fbc7b72-8534-4d00-a498-922d55d00439" testListId="8c84fa94-04c1-424b-9868-57a2d4851a1d" />
    <TestEntry testId="3de7d2d1-62f0-76c6-3799-9ecdfd3f9869" executionId="b64f1500-7b56-4a28-ae40-e72e33c98148" testListId="8c84fa94-04c1-424b-9868-57a2d4851a1d" />
    <TestEntry testId="a5704058-0fa5-d284-c2a2-b671c2c7e318" executionId="8bc34509-b6c6-41f2-a247-233a1733e07f" testListId="8c84fa94-04c1-424b-9868-57a2d4851a1d" />
    <TestEntry testId="ee20a7b7-eff8-e85e-0681-0d3ec6b372fe" executionId="d4207a3e-c935-4683-b489-170d69797b6c" testListId="8c84fa94-04c1-424b-9868-57a2d4851a1d" />
    <TestEntry testId="e1a8ee8f-16f9-4033-2762-71c5f337a6a9" executionId="4b95821b-b344-4131-9c3b-25464d9df5bd" testListId="8c84fa94-04c1-424b-9868-57a2d4851a1d" />
    <TestEntry testId="3eea0f58-e1a5-3235-a21b-9275d96fdcf5" executionId="f71e03c6-67c8-41d1-b3c9-7400abe85bf6" testListId="8c84fa94-04c1-424b-9868-57a2d4851a1d" />
    <TestEntry testId="3d74057d-f1c4-c8cd-9468-fa7e4631e64a" executionId="9f177fe3-1e1e-48dc-9477-f460009d2519" testListId="8c84fa94-04c1-424b-9868-57a2d4851a1d" />
    <TestEntry testId="34fe8c3f-e06b-8890-2310-a3d60091b4ce" executionId="bd09fde1-4a76-4f80-b182-4bfaaabf6104" testListId="8c84fa94-04c1-424b-9868-57a2d4851a1d" />
    <TestEntry testId="40525336-fd7c-9054-dc36-228bd6950a26" executionId="a18fc4d1-2d93-46e9-8d2c-4971429435c9" testListId="8c84fa94-04c1-424b-9868-57a2d4851a1d" />
    <TestEntry testId="da865d19-dc97-635a-237b-94b1760c6075" executionId="838e8d8d-c608-4dde-9d4e-a24634cea6fa" testListId="8c84fa94-04c1-424b-9868-57a2d4851a1d" />
    <TestEntry testId="44494447-9d8f-fe31-5efd-2288eb0d1cec" executionId="d1547f04-16a9-41fa-ad45-93d4055f3e51" testListId="8c84fa94-04c1-424b-9868-57a2d4851a1d" />
    <TestEntry testId="86b1d703-4c7b-6016-6507-b40c27ac2798" executionId="2ce68b99-f353-4a35-bb70-d1e17c4c7a4d" testListId="8c84fa94-04c1-424b-9868-57a2d4851a1d" />
    <TestEntry testId="3e128521-540a-0c12-0afc-bc84811b3939" executionId="7dff5d5f-cfef-454c-8833-3d40bca3e325" testListId="8c84fa94-04c1-424b-9868-57a2d4851a1d" />
    <TestEntry testId="fa093cf7-3aff-971a-6f3a-129d5148f999" executionId="132f9c37-b1d2-40e6-8796-83677b93b192" testListId="8c84fa94-04c1-424b-9868-57a2d4851a1d" />
    <TestEntry testId="db4cd8fa-52a4-395b-9a7e-8942af717688" executionId="10c56ea2-c5e7-4742-81e4-134316179851" testListId="8c84fa94-04c1-424b-9868-57a2d4851a1d" />
    <TestEntry testId="9fbc3f5b-2f25-efda-2bb8-f9e47f08105f" executionId="51fb9035-c534-409c-a63a-165d2f508d7c" testListId="8c84fa94-04c1-424b-9868-57a2d4851a1d" />
    <TestEntry testId="743e312c-7f74-a12a-ed3e-018fbe375173" executionId="808fe934-3519-4c18-a701-d49d0440769b" testListId="8c84fa94-04c1-424b-9868-57a2d4851a1d" />
    <TestEntry testId="7faeba82-75fe-cc91-1acb-133707abb46d" executionId="4f68a451-63f2-4701-8e3d-1cb27e12c9d0" testListId="8c84fa94-04c1-424b-9868-57a2d4851a1d" />
    <TestEntry testId="dbabd664-1515-8597-c24a-a8025930a77a" executionId="4ad58b78-8442-4fa6-b87d-b6f16fd02842" testListId="8c84fa94-04c1-424b-9868-57a2d4851a1d" />
    <TestEntry testId="8a86eeb0-2161-0faa-3d35-cdc033a5eb67" executionId="45a832e6-48c6-4a01-a262-cb6e647a7004" testListId="8c84fa94-04c1-424b-9868-57a2d4851a1d" />
    <TestEntry testId="eee6b5f6-e06b-5444-07b4-b90270e0c2b6" executionId="9cd1ce55-f9a2-4a6a-b121-0efe828d3f43" testListId="8c84fa94-04c1-424b-9868-57a2d4851a1d" />
    <TestEntry testId="fc77b43a-0d15-86e8-ffcb-e3cdfdf1ee58" executionId="12a47914-4a0f-4b57-943b-31f0e8098ecd" testListId="8c84fa94-04c1-424b-9868-57a2d4851a1d" />
    <TestEntry testId="d270fca8-1b08-9c4b-89fc-cd83b6535a8e" executionId="2d66243d-1eda-4bd3-9cd9-e08945754816" testListId="8c84fa94-04c1-424b-9868-57a2d4851a1d" />
    <TestEntry testId="baa46440-14cb-2860-ddbe-85d514540072" executionId="adf8200f-68a4-433b-8ed3-1d9427941e44" testListId="8c84fa94-04c1-424b-9868-57a2d4851a1d" />
    <TestEntry testId="1048fe66-2716-2589-fa09-60c844535bbe" executionId="7f1b3ea0-b705-41ac-8879-46b34691ce69" testListId="8c84fa94-04c1-424b-9868-57a2d4851a1d" />
    <TestEntry testId="6a63a24c-5a94-e69a-053d-b6dd4339a87d" executionId="8f5940b9-7b30-4478-9e21-4c96f886bc9c" testListId="8c84fa94-04c1-424b-9868-57a2d4851a1d" />
    <TestEntry testId="54c1ad97-8602-3ace-3e4c-2e0af680b8cb" executionId="60c6a0ae-d954-422c-912b-3a0155fc1254" testListId="8c84fa94-04c1-424b-9868-57a2d4851a1d" />
    <TestEntry testId="40743640-c822-8412-c499-1775aaf4e91d" executionId="de40fcf4-c08e-494b-8d74-e32950ec8d77" testListId="8c84fa94-04c1-424b-9868-57a2d4851a1d" />
    <TestEntry testId="6a7b56a5-e89b-f034-cd0b-fd5c271b80ad" executionId="0a5855c4-a7ab-4719-ac47-585b0cbfbf04" testListId="8c84fa94-04c1-424b-9868-57a2d4851a1d" />
    <TestEntry testId="0c33ebbb-cf1d-c8de-8470-9988e2255d5e" executionId="1c7a6750-4bcf-4725-9d2c-a1f743e56cfb" testListId="8c84fa94-04c1-424b-9868-57a2d4851a1d" />
    <TestEntry testId="468b49bb-0c8f-689b-784f-03f02453c6cd" executionId="fb1c176c-67ad-4106-bbc6-f49033c3a3c8" testListId="8c84fa94-04c1-424b-9868-57a2d4851a1d" />
    <TestEntry testId="88b7ac6b-2902-e4c6-ab51-22d6447db1ff" executionId="f107499c-ac88-409b-825e-c8c116d13a72" testListId="8c84fa94-04c1-424b-9868-57a2d4851a1d" />
    <TestEntry testId="d7305d56-e906-fb86-853d-51d2ec72a2f4" executionId="99c078b8-ce8e-47bd-8fbe-0372695209fb" testListId="8c84fa94-04c1-424b-9868-57a2d4851a1d" />
    <TestEntry testId="0478841f-a6c3-a340-fa1d-c9c6283aa473" executionId="a1c170d9-66dc-4979-92a1-9aba1ec77661" testListId="8c84fa94-04c1-424b-9868-57a2d4851a1d" />
    <TestEntry testId="0388c2be-7a30-dede-4014-1d8d595fd863" executionId="55ac4cfb-c015-4578-8574-afc027cb0045" testListId="8c84fa94-04c1-424b-9868-57a2d4851a1d" />
    <TestEntry testId="ebfe357c-caf8-a334-c134-564019c4f18e" executionId="767aadfb-a36c-4f0b-97ed-e5d4e421dbca" testListId="8c84fa94-04c1-424b-9868-57a2d4851a1d" />
    <TestEntry testId="2c63d336-7fb4-6b21-d132-bb057a67c3b3" executionId="24e418d0-c8a7-4c09-8998-34c33190e5af" testListId="8c84fa94-04c1-424b-9868-57a2d4851a1d" />
    <TestEntry testId="37fc443d-d435-9451-9e98-3c8284bdf6ca" executionId="4f49edab-e804-4b5d-a431-c72204f06651" testListId="8c84fa94-04c1-424b-9868-57a2d4851a1d" />
    <TestEntry testId="405fd874-19e6-0b42-0f1d-bdfe89c571ed" executionId="b2ead8b8-138e-45fc-9d79-7e9ee55f73d1" testListId="8c84fa94-04c1-424b-9868-57a2d4851a1d" />
    <TestEntry testId="172b21b0-4406-61e9-18de-51f7d71cf56a" executionId="57c881a9-cd1e-4654-8526-12b11ac4228c" testListId="8c84fa94-04c1-424b-9868-57a2d4851a1d" />
    <TestEntry testId="8f4df967-525d-c594-7632-db9167cd7429" executionId="78acf2b3-cf1f-47c1-b32b-6740eb2e8a9b" testListId="8c84fa94-04c1-424b-9868-57a2d4851a1d" />
    <TestEntry testId="9f45292e-7499-2d00-374d-e7f1be2d430f" executionId="f9751739-cc41-4774-834a-cc111c5ca38d" testListId="8c84fa94-04c1-424b-9868-57a2d4851a1d" />
    <TestEntry testId="75e35551-c97f-541c-55df-e9b3e3be6260" executionId="38170bb3-869b-41e5-89cd-ac38db516084" testListId="8c84fa94-04c1-424b-9868-57a2d4851a1d" />
    <TestEntry testId="3b026f2f-337b-4858-56a6-be2125a2c71b" executionId="6b559714-97a0-4a9f-bfa7-3c39abd2f2cc" testListId="8c84fa94-04c1-424b-9868-57a2d4851a1d" />
    <TestEntry testId="f8ea7dbc-4109-4a6a-0bd8-1df1c8c9b426" executionId="85857f4b-3e89-4083-a4ce-26fa6c3c8f34" testListId="8c84fa94-04c1-424b-9868-57a2d4851a1d" />
    <TestEntry testId="02650dc3-4565-f7a5-154c-a437dc072af0" executionId="b4d4ab9a-b851-4012-9ba4-df2be3a09874" testListId="8c84fa94-04c1-424b-9868-57a2d4851a1d" />
    <TestEntry testId="f06887df-2084-b1ae-873f-985764eb1fd0" executionId="40e8f1d7-1b18-4225-9db7-9aab4ad6d995" testListId="8c84fa94-04c1-424b-9868-57a2d4851a1d" />
    <TestEntry testId="ca8e9a5e-3ab8-eacc-47f0-8fbecb8cb272" executionId="6c78e6d7-528c-4264-8253-549477b217b1" testListId="8c84fa94-04c1-424b-9868-57a2d4851a1d" />
    <TestEntry testId="a84f2c80-4849-0b86-b647-de39723e2656" executionId="f78da38b-6a69-4a4a-b25d-fa79e7e94c02" testListId="8c84fa94-04c1-424b-9868-57a2d4851a1d" />
    <TestEntry testId="72651811-337b-6e42-c8d4-b6b5ee0a9821" executionId="e1d39f0a-b645-4479-8787-3dc66abffacf" testListId="8c84fa94-04c1-424b-9868-57a2d4851a1d" />
    <TestEntry testId="d9a64acc-f387-e40e-a85b-fe27d5b67920" executionId="cbc70fb0-6f7a-4f78-8180-05bf239c6eac" testListId="8c84fa94-04c1-424b-9868-57a2d4851a1d" />
    <TestEntry testId="4e187d84-6326-81aa-6174-8224f8e883e9" executionId="938064dd-9415-4bf7-8dd7-b1ecc2a291ee" testListId="8c84fa94-04c1-424b-9868-57a2d4851a1d" />
    <TestEntry testId="df559c7a-976c-ca7c-04ac-541dcf3e0267" executionId="c5810b8e-8cd2-43a2-a39d-39b96eed84d3" testListId="8c84fa94-04c1-424b-9868-57a2d4851a1d" />
    <TestEntry testId="d84c719c-e535-22a0-b3ef-762e8b9dc361" executionId="901a9fd6-da53-4cc5-885a-d06507e445b8" testListId="8c84fa94-04c1-424b-9868-57a2d4851a1d" />
    <TestEntry testId="13130026-af46-7c50-28c1-fef530b387b8" executionId="f78e9c54-27ad-4d56-986f-7e7851c6fd94" testListId="8c84fa94-04c1-424b-9868-57a2d4851a1d" />
    <TestEntry testId="d95f859d-9b2f-0601-efac-93d5f5ab4438" executionId="932ae0ae-91ef-41ca-a983-e38b674e4076" testListId="8c84fa94-04c1-424b-9868-57a2d4851a1d" />
    <TestEntry testId="144a9e42-5b6b-d382-37ee-d74f738bc7ae" executionId="1547a32c-6fb2-43ce-ad6c-31828cc2d4ea" testListId="8c84fa94-04c1-424b-9868-57a2d4851a1d" />
  </TestEntries>
  <TestLists>
    <TestList name="Results Not in a List" id="8c84fa94-04c1-424b-9868-57a2d4851a1d" />
    <TestList name="All Loaded Results" id="19431567-8539-422a-85d7-44ee4e166bda" />
  </TestLists>
  <ResultSummary outcome="Completed">
    <Counters total="310" executed="310" passed="310" failed="0" error="0" timeout="0" aborted="0" inconclusive="0" passedButRunAborted="0" notRunnable="0" notExecuted="0" disconnected="0" warning="0" completed="0" inProgress="0" pending="0" />
    <Output>
      <StdOut>[xUnit.net 00:00:00.00] xUnit.net VSTest Adapter v2.5.3.1+6b60a9e56a (64-bit .NET 9.0.5)
[xUnit.net 00:00:00.05]   Discovering: AnyStore.Tests
[xUnit.net 00:00:00.09]   Discovered:  AnyStore.Tests
[xUnit.net 00:00:00.10]   Starting:    AnyStore.Tests
[xUnit.net 00:00:00.19]   Finished:    AnyStore.Tests
</StdOut>
    </Output>
  </ResultSummary>
</TestRun>