SF:/app/.nuget/packages/microsoft.net.test.sdk/17.8.0/build/netcoreapp3.1/Microsoft.NET.Test.Sdk.Program.cs
FN:3,System.Void AutoGeneratedProgram::Main(System.String[])
FNDA:0,System.Void AutoGeneratedProgram::Main(System.String[])
DA:4,0
LF:1
LH:0
BRF:0
BRH:0
FNF:1
FNH:0
end_of_record
SF:/modernize-data/studio-data/TNT1001/APP750165/transformed-code/122/studio-workspace/AYCmpDry02/AnyStore/BLL/userBLL.cs
FN:10,System.Int32 AnyStore.BLL.userBLL::get_id()
FNDA:54,System.Int32 AnyStore.BLL.userBLL::get_id()
DA:11,54
FN:11,System.String AnyStore.BLL.userBLL::get_first_name()
FNDA:21,System.String AnyStore.BLL.userBLL::get_first_name()
DA:12,21
FN:12,System.String AnyStore.BLL.userBLL::get_last_name()
FNDA:11,System.String AnyStore.BLL.userBLL::get_last_name()
DA:13,11
FN:13,System.String AnyStore.BLL.userBLL::get_email()
FNDA:9,System.String AnyStore.BLL.userBLL::get_email()
DA:14,9
FN:14,System.String AnyStore.BLL.userBLL::get_username()
FNDA:45,System.String AnyStore.BLL.userBLL::get_username()
DA:15,45
FN:15,System.String AnyStore.BLL.userBLL::get_password()
FNDA:12,System.String AnyStore.BLL.userBLL::get_password()
DA:16,12
FN:16,System.String AnyStore.BLL.userBLL::get_contact()
FNDA:6,System.String AnyStore.BLL.userBLL::get_contact()
DA:17,6
FN:17,System.String AnyStore.BLL.userBLL::get_address()
FNDA:6,System.String AnyStore.BLL.userBLL::get_address()
DA:18,6
FN:18,System.String AnyStore.BLL.userBLL::get_gender()
FNDA:8,System.String AnyStore.BLL.userBLL::get_gender()
DA:19,8
FN:19,System.String AnyStore.BLL.userBLL::get_user_type()
FNDA:47,System.String AnyStore.BLL.userBLL::get_user_type()
DA:20,47
FN:20,System.DateTime AnyStore.BLL.userBLL::get_added_date()
FNDA:13,System.DateTime AnyStore.BLL.userBLL::get_added_date()
DA:21,13
FN:21,System.Int32 AnyStore.BLL.userBLL::get_added_by()
FNDA:15,System.Int32 AnyStore.BLL.userBLL::get_added_by()
DA:22,15
LF:12
LH:12
BRF:0
BRH:0
FNF:12
FNH:12
end_of_record
SF:/modernize-data/studio-data/TNT1001/APP750165/transformed-code/122/studio-workspace/AYCmpDry02/AnyStore/BLL/loginBLL.cs
FN:10,System.String AnyStore.BLL.loginBLL::get_username()
FNDA:47,System.String AnyStore.BLL.loginBLL::get_username()
DA:11,47
FN:11,System.String AnyStore.BLL.loginBLL::get_password()
FNDA:41,System.String AnyStore.BLL.loginBLL::get_password()
DA:12,41
FN:12,System.String AnyStore.BLL.loginBLL::get_user_type()
FNDA:48,System.String AnyStore.BLL.loginBLL::get_user_type()
DA:13,48
LF:3
LH:3
BRF:0
BRH:0
FNF:3
FNH:3
end_of_record
SF:/modernize-data/studio-data/TNT1001/APP750165/transformed-code/122/studio-workspace/AYCmpDry02/AnyStore/BLL/DeaCustBLL.cs
FN:10,System.Int32 AnyStore.BLL.DeaCustBLL::get_id()
FNDA:62,System.Int32 AnyStore.BLL.DeaCustBLL::get_id()
DA:11,62
FN:11,System.String AnyStore.BLL.DeaCustBLL::get_type()
FNDA:63,System.String AnyStore.BLL.DeaCustBLL::get_type()
DA:12,63
FN:12,System.String AnyStore.BLL.DeaCustBLL::get_name()
FNDA:45,System.String AnyStore.BLL.DeaCustBLL::get_name()
DA:13,45
FN:13,System.String AnyStore.BLL.DeaCustBLL::get_email()
FNDA:13,System.String AnyStore.BLL.DeaCustBLL::get_email()
DA:14,13
FN:14,System.String AnyStore.BLL.DeaCustBLL::get_contact()
FNDA:10,System.String AnyStore.BLL.DeaCustBLL::get_contact()
DA:15,10
FN:15,System.String AnyStore.BLL.DeaCustBLL::get_address()
FNDA:9,System.String AnyStore.BLL.DeaCustBLL::get_address()
DA:16,9
FN:16,System.DateTime AnyStore.BLL.DeaCustBLL::get_added_date()
FNDA:9,System.DateTime AnyStore.BLL.DeaCustBLL::get_added_date()
DA:17,9
FN:17,System.Int32 AnyStore.BLL.DeaCustBLL::get_added_by()
FNDA:14,System.Int32 AnyStore.BLL.DeaCustBLL::get_added_by()
DA:18,14
LF:8
LH:8
BRF:0
BRH:0
FNF:8
FNH:8
end_of_record
SF:/modernize-data/studio-data/TNT1001/APP750165/transformed-code/122/studio-workspace/AYCmpDry02/AnyStore/BLL/productsBLL.cs
FN:11,System.Int32 AnyStore.BLL.productsBLL::get_id()
FNDA:53,System.Int32 AnyStore.BLL.productsBLL::get_id()
DA:12,53
FN:12,System.String AnyStore.BLL.productsBLL::get_name()
FNDA:64,System.String AnyStore.BLL.productsBLL::get_name()
DA:13,64
FN:13,System.String AnyStore.BLL.productsBLL::get_category()
FNDA:36,System.String AnyStore.BLL.productsBLL::get_category()
DA:14,36
FN:14,System.String AnyStore.BLL.productsBLL::get_description()
FNDA:8,System.String AnyStore.BLL.productsBLL::get_description()
DA:15,8
FN:15,System.Decimal AnyStore.BLL.productsBLL::get_rate()
FNDA:63,System.Decimal AnyStore.BLL.productsBLL::get_rate()
DA:16,63
FN:16,System.Decimal AnyStore.BLL.productsBLL::get_qty()
FNDA:84,System.Decimal AnyStore.BLL.productsBLL::get_qty()
DA:17,84
FN:17,System.DateTime AnyStore.BLL.productsBLL::get_added_date()
FNDA:6,System.DateTime AnyStore.BLL.productsBLL::get_added_date()
DA:18,6
FN:18,System.Int32 AnyStore.BLL.productsBLL::get_added_by()
FNDA:10,System.Int32 AnyStore.BLL.productsBLL::get_added_by()
DA:19,10
LF:8
LH:8
BRF:0
BRH:0
FNF:8
FNH:8
end_of_record
SF:/modernize-data/studio-data/TNT1001/APP750165/transformed-code/122/studio-workspace/AYCmpDry02/AnyStore/BLL/categoriesBLL.cs
FN:10,System.Int32 AnyStore.BLL.categoriesBLL::get_id()
FNDA:47,System.Int32 AnyStore.BLL.categoriesBLL::get_id()
DA:11,47
FN:11,System.String AnyStore.BLL.categoriesBLL::get_title()
FNDA:61,System.String AnyStore.BLL.categoriesBLL::get_title()
DA:12,61
FN:12,System.String AnyStore.BLL.categoriesBLL::get_description()
FNDA:11,System.String AnyStore.BLL.categoriesBLL::get_description()
DA:13,11
FN:13,System.DateTime AnyStore.BLL.categoriesBLL::get_added_date()
FNDA:11,System.DateTime AnyStore.BLL.categoriesBLL::get_added_date()
DA:14,11
FN:14,System.Int32 AnyStore.BLL.categoriesBLL::get_added_by()
FNDA:12,System.Int32 AnyStore.BLL.categoriesBLL::get_added_by()
DA:15,12
LF:5
LH:5
BRF:0
BRH:0
FNF:5
FNH:5
end_of_record
SF:/modernize-data/studio-data/TNT1001/APP750165/transformed-code/122/studio-workspace/AYCmpDry02/AnyStore/BLL/transactionsBLL.cs
FN:11,System.Int32 AnyStore.BLL.transactionsBLL::get_id()
FNDA:20,System.Int32 AnyStore.BLL.transactionsBLL::get_id()
DA:12,20
FN:12,System.String AnyStore.BLL.transactionsBLL::get_type()
FNDA:82,System.String AnyStore.BLL.transactionsBLL::get_type()
DA:13,82
FN:13,System.Int32 AnyStore.BLL.transactionsBLL::get_dea_cust_id()
FNDA:22,System.Int32 AnyStore.BLL.transactionsBLL::get_dea_cust_id()
DA:14,22
FN:14,System.Decimal AnyStore.BLL.transactionsBLL::get_grandTotal()
FNDA:64,System.Decimal AnyStore.BLL.transactionsBLL::get_grandTotal()
DA:15,64
FN:15,System.DateTime AnyStore.BLL.transactionsBLL::get_transaction_date()
FNDA:11,System.DateTime AnyStore.BLL.transactionsBLL::get_transaction_date()
DA:16,11
FN:16,System.Decimal AnyStore.BLL.transactionsBLL::get_tax()
FNDA:14,System.Decimal AnyStore.BLL.transactionsBLL::get_tax()
DA:17,14
FN:17,System.Decimal AnyStore.BLL.transactionsBLL::get_discount()
FNDA:14,System.Decimal AnyStore.BLL.transactionsBLL::get_discount()
DA:18,14
FN:18,System.Int32 AnyStore.BLL.transactionsBLL::get_added_by()
FNDA:14,System.Int32 AnyStore.BLL.transactionsBLL::get_added_by()
DA:19,14
FN:19,System.Data.DataTable AnyStore.BLL.transactionsBLL::get_transactionDetails()
FNDA:9,System.Data.DataTable AnyStore.BLL.transactionsBLL::get_transactionDetails()
DA:20,9
LF:9
LH:9
BRF:0
BRH:0
FNF:9
FNH:9
end_of_record
SF:/modernize-data/studio-data/TNT1001/APP750165/transformed-code/122/studio-workspace/AYCmpDry02/AnyStore/BLL/transactionDetailBLL.cs
FN:10,System.Int32 AnyStore.BLL.transactionDetailBLL::get_id()
FNDA:20,System.Int32 AnyStore.BLL.transactionDetailBLL::get_id()
DA:11,20
FN:11,System.Int32 AnyStore.BLL.transactionDetailBLL::get_product_id()
FNDA:38,System.Int32 AnyStore.BLL.transactionDetailBLL::get_product_id()
DA:12,38
FN:12,System.Decimal AnyStore.BLL.transactionDetailBLL::get_rate()
FNDA:68,System.Decimal AnyStore.BLL.transactionDetailBLL::get_rate()
DA:13,68
FN:13,System.Decimal AnyStore.BLL.transactionDetailBLL::get_qty()
FNDA:69,System.Decimal AnyStore.BLL.transactionDetailBLL::get_qty()
DA:14,69
FN:14,System.Decimal AnyStore.BLL.transactionDetailBLL::get_total()
FNDA:79,System.Decimal AnyStore.BLL.transactionDetailBLL::get_total()
DA:15,79
FN:15,System.Int32 AnyStore.BLL.transactionDetailBLL::get_dea_cust_id()
FNDA:19,System.Int32 AnyStore.BLL.transactionDetailBLL::get_dea_cust_id()
DA:16,19
FN:16,System.DateTime AnyStore.BLL.transactionDetailBLL::get_added_date()
FNDA:10,System.DateTime AnyStore.BLL.transactionDetailBLL::get_added_date()
DA:17,10
FN:17,System.Int32 AnyStore.BLL.transactionDetailBLL::get_added_by()
FNDA:12,System.Int32 AnyStore.BLL.transactionDetailBLL::get_added_by()
DA:18,12
LF:8
LH:8
BRF:0
BRH:0
FNF:8
FNH:8
end_of_record
SF:/modernize-data/studio-data/TNT1001/APP750165/transformed-code/122/studio-workspace/AYCmpDry02/Tests/BLL/BLLIntegrationTests.cs
FN:16,System.Void AnyStore.BLL.Tests.BLLIntegrationTests::UserBLL_UsernameMatchesLoginBLL_Username()
FNDA:1,System.Void AnyStore.BLL.Tests.BLLIntegrationTests::UserBLL_UsernameMatchesLoginBLL_Username()
DA:17,1
DA:19,1
DA:20,1
DA:23,1
DA:24,1
FN:27,System.Void AnyStore.BLL.Tests.BLLIntegrationTests::UserBLL_PasswordMatchesLoginBLL_Password()
FNDA:1,System.Void AnyStore.BLL.Tests.BLLIntegrationTests::UserBLL_PasswordMatchesLoginBLL_Password()
DA:28,1
DA:30,1
DA:31,1
DA:34,1
DA:35,1
FN:38,System.Void AnyStore.BLL.Tests.BLLIntegrationTests::UserBLL_UserTypeMatchesLoginBLL_UserType()
FNDA:1,System.Void AnyStore.BLL.Tests.BLLIntegrationTests::UserBLL_UserTypeMatchesLoginBLL_UserType()
DA:39,1
DA:41,1
DA:42,1
DA:45,1
DA:46,1
FN:53,System.Void AnyStore.BLL.Tests.BLLIntegrationTests::TransactionsBLL_GrandTotal_EqualsSum_Of_TransactionDetails()
FNDA:1,System.Void AnyStore.BLL.Tests.BLLIntegrationTests::TransactionsBLL_GrandTotal_EqualsSum_Of_TransactionDetails()
DA:54,1
DA:56,1
DA:57,1
DA:58,1
DA:61,1
DA:64,1
DA:65,1
FN:68,System.Void AnyStore.BLL.Tests.BLLIntegrationTests::TransactionDetailBLL_Total_EqualsRate_Times_Qty()
FNDA:1,System.Void AnyStore.BLL.Tests.BLLIntegrationTests::TransactionDetailBLL_Total_EqualsRate_Times_Qty()
DA:69,1
DA:71,1
DA:74,1
DA:77,1
DA:78,1
FN:81,System.Void AnyStore.BLL.Tests.BLLIntegrationTests::TransactionsBLL_GrandTotal_WithTaxAndDiscount_CalculatesCorrectly()
FNDA:1,System.Void AnyStore.BLL.Tests.BLLIntegrationTests::TransactionsBLL_GrandTotal_WithTaxAndDiscount_CalculatesCorrectly()
DA:82,1
DA:84,1
DA:85,1
DA:86,1
DA:87,1
DA:88,1
DA:89,1
DA:92,1
DA:95,1
DA:96,1
FN:103,System.Void AnyStore.BLL.Tests.BLLIntegrationTests::ProductsBLL_Category_MatchesCategoriesBLL_Title()
FNDA:1,System.Void AnyStore.BLL.Tests.BLLIntegrationTests::ProductsBLL_Category_MatchesCategoriesBLL_Title()
DA:104,1
DA:106,1
DA:107,1
DA:110,1
DA:111,1
FN:114,System.Void AnyStore.BLL.Tests.BLLIntegrationTests::ProductsBLL_AddedBy_MatchesUserBLL_Id()
FNDA:1,System.Void AnyStore.BLL.Tests.BLLIntegrationTests::ProductsBLL_AddedBy_MatchesUserBLL_Id()
DA:115,1
DA:117,1
DA:118,1
DA:121,1
DA:122,1
FN:129,System.Void AnyStore.BLL.Tests.BLLIntegrationTests::DeaCustBLL_AddedBy_MatchesUserBLL_Id()
FNDA:1,System.Void AnyStore.BLL.Tests.BLLIntegrationTests::DeaCustBLL_AddedBy_MatchesUserBLL_Id()
DA:130,1
DA:132,1
DA:133,1
DA:136,1
DA:137,1
FN:140,System.Void AnyStore.BLL.Tests.BLLIntegrationTests::TransactionsBLL_DeaCustId_MatchesDeaCustBLL_Id()
FNDA:1,System.Void AnyStore.BLL.Tests.BLLIntegrationTests::TransactionsBLL_DeaCustId_MatchesDeaCustBLL_Id()
DA:141,1
DA:143,1
DA:144,1
DA:147,1
DA:148,1
FN:155,System.Void AnyStore.BLL.Tests.BLLIntegrationTests::UserBLL_ListOfUsers_CanBeCreatedAndPopulated()
FNDA:1,System.Void AnyStore.BLL.Tests.BLLIntegrationTests::UserBLL_ListOfUsers_CanBeCreatedAndPopulated()
DA:156,1
DA:158,1
DA:161,1
DA:162,1
DA:163,1
DA:166,1
DA:167,1
DA:168,1
DA:169,1
DA:170,1
FN:173,System.Void AnyStore.BLL.Tests.BLLIntegrationTests::ProductsBLL_ListOfProducts_CanBeCreatedAndPopulated()
FNDA:1,System.Void AnyStore.BLL.Tests.BLLIntegrationTests::ProductsBLL_ListOfProducts_CanBeCreatedAndPopulated()
DA:174,1
DA:176,1
DA:179,1
DA:180,1
DA:183,1
DA:184,1
DA:185,1
DA:186,1
FN:189,System.Void AnyStore.BLL.Tests.BLLIntegrationTests::CategoriesBLL_ListOfCategories_CanBeCreatedAndPopulated()
FNDA:1,System.Void AnyStore.BLL.Tests.BLLIntegrationTests::CategoriesBLL_ListOfCategories_CanBeCreatedAndPopulated()
DA:190,1
DA:192,1
DA:195,1
DA:196,1
DA:197,1
DA:200,1
DA:201,1
DA:202,1
FN:205,System.Void AnyStore.BLL.Tests.BLLIntegrationTests::DeaCustBLL_ListOfDealersAndCustomers_CanBeFiltered()
FNDA:1,System.Void AnyStore.BLL.Tests.BLLIntegrationTests::DeaCustBLL_ListOfDealersAndCustomers_CanBeFiltered()
DA:206,1
DA:208,1
DA:209,1
DA:210,1
DA:211,1
DA:212,1
DA:213,1
DA:216,4
DA:217,4
DA:220,1
DA:221,1
DA:222,1
FN:229,System.Void AnyStore.BLL.Tests.BLLIntegrationTests::UserBLL_AddedDate_CanBeSetToToday()
FNDA:1,System.Void AnyStore.BLL.Tests.BLLIntegrationTests::UserBLL_AddedDate_CanBeSetToToday()
DA:230,1
DA:232,1
DA:233,1
DA:236,1
DA:239,1
DA:240,1
FN:243,System.Void AnyStore.BLL.Tests.BLLIntegrationTests::TransactionsBLL_TransactionDate_CanBeSetToNow()
FNDA:1,System.Void AnyStore.BLL.Tests.BLLIntegrationTests::TransactionsBLL_TransactionDate_CanBeSetToNow()
DA:244,1
DA:246,1
DA:247,1
DA:250,1
DA:253,1
DA:254,1
FN:257,System.Void AnyStore.BLL.Tests.BLLIntegrationTests::CategoriesBLL_AddedDate_IsNotDefaultMinValue_WhenSet()
FNDA:1,System.Void AnyStore.BLL.Tests.BLLIntegrationTests::CategoriesBLL_AddedDate_IsNotDefaultMinValue_WhenSet()
DA:258,1
DA:260,1
DA:263,1
DA:266,1
DA:267,1
FN:274,System.Void AnyStore.BLL.Tests.BLLIntegrationTests::ProductsBLL_Rate_CanHandleVerySmallDecimal()
FNDA:1,System.Void AnyStore.BLL.Tests.BLLIntegrationTests::ProductsBLL_Rate_CanHandleVerySmallDecimal()
DA:275,1
DA:277,1
DA:280,1
DA:283,1
DA:284,1
FN:287,System.Void AnyStore.BLL.Tests.BLLIntegrationTests::TransactionDetailBLL_Qty_CanHandleFractionalValue()
FNDA:1,System.Void AnyStore.BLL.Tests.BLLIntegrationTests::TransactionDetailBLL_Qty_CanHandleFractionalValue()
DA:288,1
DA:290,1
DA:293,1
DA:296,1
DA:297,1
FN:300,System.Void AnyStore.BLL.Tests.BLLIntegrationTests::UserBLL_Id_CanHandleMaxIntValue()
FNDA:1,System.Void AnyStore.BLL.Tests.BLLIntegrationTests::UserBLL_Id_CanHandleMaxIntValue()
DA:301,1
DA:303,1
DA:306,1
DA:309,1
DA:310,1
FN:313,System.Void AnyStore.BLL.Tests.BLLIntegrationTests::TransactionsBLL_GrandTotal_CanHandleLargeDecimal()
FNDA:1,System.Void AnyStore.BLL.Tests.BLLIntegrationTests::TransactionsBLL_GrandTotal_CanHandleLargeDecimal()
DA:314,1
DA:316,1
DA:319,1
DA:322,1
DA:323,1
LF:132
LH:132
BRF:0
BRH:0
FNF:21
FNH:21
end_of_record
SF:/modernize-data/studio-data/TNT1001/APP750165/transformed-code/122/studio-workspace/AYCmpDry02/Tests/BLL/BusinessLogicIntegrationTests.cs
FN:19,System.Void AnyStore.BLL.Tests.BusinessLogicIntegrationTests::PurchaseWorkflow_CreateTransaction_WithDetails_IsValid()
FNDA:1,System.Void AnyStore.BLL.Tests.BusinessLogicIntegrationTests::PurchaseWorkflow_CreateTransaction_WithDetails_IsValid()
DA:20,1
DA:22,1
DA:23,1
DA:24,1
DA:25,1
DA:26,1
DA:27,1
DA:28,1
DA:29,1
DA:30,1
DA:32,1
DA:33,1
DA:34,1
DA:35,1
DA:36,1
DA:37,1
DA:38,1
DA:39,1
DA:41,1
DA:42,1
DA:43,1
DA:44,1
DA:45,1
DA:46,1
DA:47,1
DA:48,1
DA:49,1
DA:50,1
DA:52,1
DA:53,1
DA:54,1
DA:55,1
DA:56,1
DA:57,1
DA:58,1
DA:59,1
DA:60,1
DA:61,1
DA:64,1
DA:65,1
DA:66,1
DA:67,1
DA:68,1
FN:71,System.Void AnyStore.BLL.Tests.BusinessLogicIntegrationTests::PurchaseWorkflow_InventoryIncrease_AfterPurchase_IsCorrect()
FNDA:1,System.Void AnyStore.BLL.Tests.BusinessLogicIntegrationTests::PurchaseWorkflow_InventoryIncrease_AfterPurchase_IsCorrect()
DA:72,1
DA:74,1
DA:75,1
DA:78,1
DA:79,1
DA:82,1
DA:83,1
DA:84,1
FN:87,System.Void AnyStore.BLL.Tests.BusinessLogicIntegrationTests::PurchaseWorkflow_MultipleItems_GrandTotalCalculated()
FNDA:1,System.Void AnyStore.BLL.Tests.BusinessLogicIntegrationTests::PurchaseWorkflow_MultipleItems_GrandTotalCalculated()
DA:88,1
DA:90,1
DA:91,1
DA:92,1
DA:93,1
DA:94,1
DA:95,1
DA:98,9
DA:99,3
DA:100,3
DA:101,3
DA:103,4
DA:104,1
DA:105,1
DA:106,1
DA:108,1
DA:109,1
DA:110,1
DA:111,1
DA:112,1
DA:113,1
DA:114,1
DA:117,1
DA:118,1
DA:119,1
DA:120,1
DA:121,1
DA:122,1
DA:123,1
DA:124,1
BRDA:98,205,1,3
BRDA:98,205,0,1
FN:131,System.Void AnyStore.BLL.Tests.BusinessLogicIntegrationTests::SalesWorkflow_CreateTransaction_WithCustomer_IsValid()
FNDA:1,System.Void AnyStore.BLL.Tests.BusinessLogicIntegrationTests::SalesWorkflow_CreateTransaction_WithCustomer_IsValid()
DA:132,1
DA:134,1
DA:135,1
DA:136,1
DA:137,1
DA:138,1
DA:139,1
DA:140,1
DA:141,1
DA:143,1
DA:144,1
DA:145,1
DA:146,1
DA:147,1
DA:148,1
DA:149,1
DA:151,1
DA:152,1
DA:153,1
DA:154,1
DA:155,1
DA:156,1
DA:157,1
DA:158,1
DA:159,1
DA:160,1
DA:162,1
DA:163,1
DA:164,1
DA:165,1
DA:166,1
DA:167,1
DA:168,1
DA:169,1
DA:170,1
DA:171,1
DA:174,1
DA:175,1
DA:176,1
DA:177,1
FN:180,System.Void AnyStore.BLL.Tests.BusinessLogicIntegrationTests::SalesWorkflow_InventoryDecrease_AfterSale_IsCorrect()
FNDA:1,System.Void AnyStore.BLL.Tests.BusinessLogicIntegrationTests::SalesWorkflow_InventoryDecrease_AfterSale_IsCorrect()
DA:181,1
DA:183,1
DA:184,1
DA:187,1
DA:188,1
DA:191,1
DA:192,1
DA:193,1
FN:196,System.Void AnyStore.BLL.Tests.BusinessLogicIntegrationTests::SalesWorkflow_InsufficientStock_QtyWouldBeNegative()
FNDA:1,System.Void AnyStore.BLL.Tests.BusinessLogicIntegrationTests::SalesWorkflow_InsufficientStock_QtyWouldBeNegative()
DA:197,1
DA:199,1
DA:200,1
DA:203,1
DA:204,1
DA:207,1
DA:208,1
DA:209,1
FN:216,System.Void AnyStore.BLL.Tests.BusinessLogicIntegrationTests::AuthWorkflow_AdminLogin_HasCorrectUserType()
FNDA:1,System.Void AnyStore.BLL.Tests.BusinessLogicIntegrationTests::AuthWorkflow_AdminLogin_HasCorrectUserType()
DA:217,1
DA:219,1
DA:220,1
DA:221,1
DA:222,1
DA:223,1
DA:224,1
DA:227,1
DA:228,1
DA:229,1
DA:230,1
FN:233,System.Void AnyStore.BLL.Tests.BusinessLogicIntegrationTests::AuthWorkflow_UserLogin_HasCorrectUserType()
FNDA:1,System.Void AnyStore.BLL.Tests.BusinessLogicIntegrationTests::AuthWorkflow_UserLogin_HasCorrectUserType()
DA:234,1
DA:236,1
DA:237,1
DA:238,1
DA:239,1
DA:240,1
DA:241,1
DA:244,1
DA:245,1
FN:248,System.Void AnyStore.BLL.Tests.BusinessLogicIntegrationTests::AuthWorkflow_GetUserAfterLogin_UserBLLHasMatchingUsername()
FNDA:1,System.Void AnyStore.BLL.Tests.BusinessLogicIntegrationTests::AuthWorkflow_GetUserAfterLogin_UserBLLHasMatchingUsername()
DA:249,1
DA:251,1
DA:252,1
DA:253,1
DA:254,1
DA:255,1
DA:256,1
DA:257,1
DA:258,1
DA:259,1
DA:262,1
DA:263,1
DA:264,1
FN:271,System.Void AnyStore.BLL.Tests.BusinessLogicIntegrationTests::CategoryProduct_ProductBelongsToCategory_IsValid()
FNDA:1,System.Void AnyStore.BLL.Tests.BusinessLogicIntegrationTests::CategoryProduct_ProductBelongsToCategory_IsValid()
DA:272,1
DA:274,1
DA:275,1
DA:276,1
DA:277,1
DA:278,1
DA:279,1
DA:280,1
DA:281,1
DA:282,1
DA:285,1
DA:286,1
FN:289,System.Void AnyStore.BLL.Tests.BusinessLogicIntegrationTests::CategoryProduct_MultipleProductsInCategory_FilteredCorrectly()
FNDA:1,System.Void AnyStore.BLL.Tests.BusinessLogicIntegrationTests::CategoryProduct_MultipleProductsInCategory_FilteredCorrectly()
DA:290,1
DA:292,1
DA:293,1
DA:294,1
DA:295,1
DA:296,1
DA:297,1
DA:298,1
DA:299,1
DA:302,5
DA:305,1
DA:306,1
FN:309,System.Void AnyStore.BLL.Tests.BusinessLogicIntegrationTests::CategoryProduct_CategoryDeleted_ProductsOrphaned()
FNDA:1,System.Void AnyStore.BLL.Tests.BusinessLogicIntegrationTests::CategoryProduct_CategoryDeleted_ProductsOrphaned()
DA:310,1
DA:312,1
DA:313,1
DA:314,1
DA:315,1
DA:316,1
DA:318,1
DA:319,1
DA:320,1
DA:321,1
DA:322,1
DA:325,3
DA:326,5
DA:329,1
DA:330,1
DA:331,1
FN:338,System.Void AnyStore.BLL.Tests.BusinessLogicIntegrationTests::Inventory_LowStockProducts_IdentifiedCorrectly()
FNDA:1,System.Void AnyStore.BLL.Tests.BusinessLogicIntegrationTests::Inventory_LowStockProducts_IdentifiedCorrectly()
DA:339,1
DA:341,1
DA:342,1
DA:343,1
DA:344,1
DA:345,1
DA:346,1
DA:347,1
DA:349,1
DA:352,5
DA:355,1
DA:356,2
DA:357,3
DA:358,1
FN:361,System.Void AnyStore.BLL.Tests.BusinessLogicIntegrationTests::Inventory_OutOfStockProducts_IdentifiedCorrectly()
FNDA:1,System.Void AnyStore.BLL.Tests.BusinessLogicIntegrationTests::Inventory_OutOfStockProducts_IdentifiedCorrectly()
DA:362,1
DA:364,1
DA:365,1
DA:366,1
DA:367,1
DA:368,1
DA:369,1
DA:372,4
DA:375,1
DA:376,1
FN:379,System.Void AnyStore.BLL.Tests.BusinessLogicIntegrationTests::Inventory_TotalInventoryValue_CalculatedCorrectly()
FNDA:1,System.Void AnyStore.BLL.Tests.BusinessLogicIntegrationTests::Inventory_TotalInventoryValue_CalculatedCorrectly()
DA:380,1
DA:382,1
DA:383,1
DA:384,1
DA:385,1
DA:386,1
DA:387,1
DA:390,4
DA:393,1
DA:394,1
FN:401,System.Void AnyStore.BLL.Tests.BusinessLogicIntegrationTests::TransactionSummary_TotalPurchases_CalculatedCorrectly()
FNDA:1,System.Void AnyStore.BLL.Tests.BusinessLogicIntegrationTests::TransactionSummary_TotalPurchases_CalculatedCorrectly()
DA:402,1
DA:404,1
DA:405,1
DA:406,1
DA:407,1
DA:408,1
DA:409,1
DA:410,1
DA:413,1
DA:414,4
DA:415,3
DA:418,1
DA:419,1
FN:422,System.Void AnyStore.BLL.Tests.BusinessLogicIntegrationTests::TransactionSummary_TotalSales_CalculatedCorrectly()
FNDA:1,System.Void AnyStore.BLL.Tests.BusinessLogicIntegrationTests::TransactionSummary_TotalSales_CalculatedCorrectly()
DA:423,1
DA:425,1
DA:426,1
DA:427,1
DA:428,1
DA:429,1
DA:430,1
DA:431,1
DA:434,1
DA:435,4
DA:436,3
DA:439,1
DA:440,1
FN:443,System.Void AnyStore.BLL.Tests.BusinessLogicIntegrationTests::TransactionSummary_Profit_SalesMinusPurchases_IsCorrect()
FNDA:1,System.Void AnyStore.BLL.Tests.BusinessLogicIntegrationTests::TransactionSummary_Profit_SalesMinusPurchases_IsCorrect()
DA:444,1
DA:446,1
DA:447,1
DA:448,1
DA:449,1
DA:450,1
DA:453,4
DA:454,4
DA:455,1
DA:458,1
DA:459,1
DA:460,1
FN:467,System.Void AnyStore.BLL.Tests.BusinessLogicIntegrationTests::UserManagement_AdminCanAddUser_UserHasAddedBySet()
FNDA:1,System.Void AnyStore.BLL.Tests.BusinessLogicIntegrationTests::UserManagement_AdminCanAddUser_UserHasAddedBySet()
DA:468,1
DA:470,1
DA:471,1
DA:472,1
DA:473,1
DA:474,1
DA:475,1
DA:476,1
DA:477,1
DA:478,1
DA:479,1
DA:480,1
DA:483,1
DA:484,1
DA:485,1
FN:488,System.Void AnyStore.BLL.Tests.BusinessLogicIntegrationTests::UserManagement_UserList_ContainsAdminAndUsers()
FNDA:1,System.Void AnyStore.BLL.Tests.BusinessLogicIntegrationTests::UserManagement_UserList_ContainsAdminAndUsers()
DA:489,1
DA:491,1
DA:492,1
DA:493,1
DA:494,1
DA:495,1
DA:496,1
DA:499,4
DA:500,4
DA:503,1
DA:504,1
DA:505,1
FN:508,System.Void AnyStore.BLL.Tests.BusinessLogicIntegrationTests::UserManagement_FindUserByUsername_ReturnsCorrectUser()
FNDA:1,System.Void AnyStore.BLL.Tests.BusinessLogicIntegrationTests::UserManagement_FindUserByUsername_ReturnsCorrectUser()
DA:509,1
DA:511,1
DA:512,1
DA:513,1
DA:514,1
DA:515,1
DA:516,1
DA:519,3
DA:522,1
DA:523,1
DA:524,1
DA:525,1
FN:532,System.Void AnyStore.BLL.Tests.BusinessLogicIntegrationTests::DeaCustManagement_DealerList_FilteredFromCustomers()
FNDA:1,System.Void AnyStore.BLL.Tests.BusinessLogicIntegrationTests::DeaCustManagement_DealerList_FilteredFromCustomers()
DA:533,1
DA:535,1
DA:536,1
DA:537,1
DA:538,1
DA:539,1
DA:540,1
DA:541,1
DA:544,5
DA:545,5
DA:548,1
DA:549,1
DA:550,1
DA:551,1
FN:554,System.Void AnyStore.BLL.Tests.BusinessLogicIntegrationTests::DeaCustManagement_TransactionLinkedToDealer_IsValid()
FNDA:1,System.Void AnyStore.BLL.Tests.BusinessLogicIntegrationTests::DeaCustManagement_TransactionLinkedToDealer_IsValid()
DA:555,1
DA:557,1
DA:558,1
DA:559,1
DA:560,1
DA:561,1
DA:562,1
DA:563,1
DA:566,1
DA:567,1
DA:568,1
FN:571,System.Void AnyStore.BLL.Tests.BusinessLogicIntegrationTests::DeaCustManagement_TransactionLinkedToCustomer_IsValid()
FNDA:1,System.Void AnyStore.BLL.Tests.BusinessLogicIntegrationTests::DeaCustManagement_TransactionLinkedToCustomer_IsValid()
DA:572,1
DA:574,1
DA:575,1
DA:576,1
DA:577,1
DA:578,1
DA:579,1
DA:580,1
DA:583,1
DA:584,1
DA:585,1
FN:592,System.Void AnyStore.BLL.Tests.BusinessLogicIntegrationTests::DataIntegrity_TransactionDetail_TotalMatchesRateTimesQty()
FNDA:1,System.Void AnyStore.BLL.Tests.BusinessLogicIntegrationTests::DataIntegrity_TransactionDetail_TotalMatchesRateTimesQty()
DA:593,1
DA:595,1
DA:596,1
DA:597,1
DA:598,1
DA:599,1
DA:600,1
DA:603,9
DA:604,3
DA:605,3
DA:606,3
DA:607,1
BRDA:603,256,1,3
BRDA:603,256,0,1
FN:610,System.Void AnyStore.BLL.Tests.BusinessLogicIntegrationTests::DataIntegrity_Transaction_GrandTotalMatchesSumOfDetails()
FNDA:1,System.Void AnyStore.BLL.Tests.BusinessLogicIntegrationTests::DataIntegrity_Transaction_GrandTotalMatchesSumOfDetails()
DA:611,1
DA:613,1
DA:614,1
DA:615,1
DA:616,1
DA:617,1
DA:619,3
DA:621,1
DA:622,1
DA:623,1
DA:624,1
DA:625,1
DA:626,1
DA:627,1
DA:630,1
DA:631,1
DA:632,1
FN:635,System.Void AnyStore.BLL.Tests.BusinessLogicIntegrationTests::DataIntegrity_User_AddedByReferencesExistingUser()
FNDA:1,System.Void AnyStore.BLL.Tests.BusinessLogicIntegrationTests::DataIntegrity_User_AddedByReferencesExistingUser()
DA:636,1
DA:638,1
DA:639,1
DA:640,1
DA:641,1
DA:642,1
DA:643,1
DA:644,1
DA:647,1
DA:648,1
DA:649,1
LF:397
LH:397
BRF:4
BRH:4
FNF:27
FNH:27
end_of_record
SF:/modernize-data/studio-data/TNT1001/APP750165/transformed-code/122/studio-workspace/AYCmpDry02/Tests/BLL/categoriesBLLTests.cs
FN:17,System.Void AnyStore.BLL.Tests.categoriesBLLTests::CategoriesBLL_DefaultConstructor_CreatesInstance()
FNDA:1,System.Void AnyStore.BLL.Tests.categoriesBLLTests::CategoriesBLL_DefaultConstructor_CreatesInstance()
DA:18,1
DA:20,1
DA:23,1
DA:24,1
FN:27,System.Void AnyStore.BLL.Tests.categoriesBLLTests::CategoriesBLL_DefaultConstructor_IdDefaultsToZero()
FNDA:1,System.Void AnyStore.BLL.Tests.categoriesBLLTests::CategoriesBLL_DefaultConstructor_IdDefaultsToZero()
DA:28,1
DA:30,1
DA:33,1
DA:34,1
FN:37,System.Void AnyStore.BLL.Tests.categoriesBLLTests::CategoriesBLL_DefaultConstructor_AddedByDefaultsToZero()
FNDA:1,System.Void AnyStore.BLL.Tests.categoriesBLLTests::CategoriesBLL_DefaultConstructor_AddedByDefaultsToZero()
DA:38,1
DA:40,1
DA:43,1
DA:44,1
FN:51,System.Void AnyStore.BLL.Tests.categoriesBLLTests::CategoriesBLL_SetId_ReturnsCorrectValue()
FNDA:1,System.Void AnyStore.BLL.Tests.categoriesBLLTests::CategoriesBLL_SetId_ReturnsCorrectValue()
DA:52,1
DA:54,1
DA:57,1
DA:60,1
DA:61,1
FN:64,System.Void AnyStore.BLL.Tests.categoriesBLLTests::CategoriesBLL_SetTitle_ReturnsCorrectValue()
FNDA:1,System.Void AnyStore.BLL.Tests.categoriesBLLTests::CategoriesBLL_SetTitle_ReturnsCorrectValue()
DA:65,1
DA:67,1
DA:70,1
DA:73,1
DA:74,1
FN:77,System.Void AnyStore.BLL.Tests.categoriesBLLTests::CategoriesBLL_SetDescription_ReturnsCorrectValue()
FNDA:1,System.Void AnyStore.BLL.Tests.categoriesBLLTests::CategoriesBLL_SetDescription_ReturnsCorrectValue()
DA:78,1
DA:80,1
DA:83,1
DA:86,1
DA:87,1
FN:90,System.Void AnyStore.BLL.Tests.categoriesBLLTests::CategoriesBLL_SetAddedDate_ReturnsCorrectValue()
FNDA:1,System.Void AnyStore.BLL.Tests.categoriesBLLTests::CategoriesBLL_SetAddedDate_ReturnsCorrectValue()
DA:91,1
DA:93,1
DA:94,1
DA:97,1
DA:100,1
DA:101,1
FN:104,System.Void AnyStore.BLL.Tests.categoriesBLLTests::CategoriesBLL_SetAddedBy_ReturnsCorrectValue()
FNDA:1,System.Void AnyStore.BLL.Tests.categoriesBLLTests::CategoriesBLL_SetAddedBy_ReturnsCorrectValue()
DA:105,1
DA:107,1
DA:110,1
DA:113,1
DA:114,1
FN:121,System.Void AnyStore.BLL.Tests.categoriesBLLTests::CategoriesBLL_FullInitialization_AllPropertiesSetCorrectly()
FNDA:1,System.Void AnyStore.BLL.Tests.categoriesBLLTests::CategoriesBLL_FullInitialization_AllPropertiesSetCorrectly()
DA:122,1
DA:124,1
DA:127,1
DA:128,1
DA:129,1
DA:130,1
DA:131,1
DA:132,1
DA:133,1
DA:134,1
DA:137,1
DA:138,1
DA:139,1
DA:140,1
DA:141,1
DA:142,1
FN:145,System.Void AnyStore.BLL.Tests.categoriesBLLTests::CategoriesBLL_MultipleInstances_AreIndependent()
FNDA:1,System.Void AnyStore.BLL.Tests.categoriesBLLTests::CategoriesBLL_MultipleInstances_AreIndependent()
DA:146,1
DA:148,1
DA:149,1
DA:152,1
DA:153,1
DA:154,1
FN:161,System.Void AnyStore.BLL.Tests.categoriesBLLTests::CategoriesBLL_Title_NotNullOrEmpty_IsValid()
FNDA:1,System.Void AnyStore.BLL.Tests.categoriesBLLTests::CategoriesBLL_Title_NotNullOrEmpty_IsValid()
DA:162,1
DA:164,1
DA:167,1
DA:168,1
FN:171,System.Void AnyStore.BLL.Tests.categoriesBLLTests::CategoriesBLL_Id_PositiveValue_IsValidForUpdate()
FNDA:1,System.Void AnyStore.BLL.Tests.categoriesBLLTests::CategoriesBLL_Id_PositiveValue_IsValidForUpdate()
DA:172,1
DA:174,1
DA:177,1
DA:178,1
FN:181,System.Void AnyStore.BLL.Tests.categoriesBLLTests::CategoriesBLL_Id_PositiveValue_IsValidForDelete()
FNDA:1,System.Void AnyStore.BLL.Tests.categoriesBLLTests::CategoriesBLL_Id_PositiveValue_IsValidForDelete()
DA:182,1
DA:184,1
DA:187,1
DA:188,1
FN:191,System.Void AnyStore.BLL.Tests.categoriesBLLTests::CategoriesBLL_AddedBy_PositiveValue_IsValid()
FNDA:1,System.Void AnyStore.BLL.Tests.categoriesBLLTests::CategoriesBLL_AddedBy_PositiveValue_IsValid()
DA:192,1
DA:194,1
DA:197,1
DA:198,1
FN:201,System.Void AnyStore.BLL.Tests.categoriesBLLTests::CategoriesBLL_InsertPrep_AllRequiredFieldsPopulated()
FNDA:1,System.Void AnyStore.BLL.Tests.categoriesBLLTests::CategoriesBLL_InsertPrep_AllRequiredFieldsPopulated()
DA:202,1
DA:204,1
DA:205,1
DA:206,1
DA:207,1
DA:208,1
DA:209,1
DA:210,1
DA:213,1
DA:214,1
DA:215,1
FN:218,System.Void AnyStore.BLL.Tests.categoriesBLLTests::CategoriesBLL_UpdatePrep_HasIdAndTitle()
FNDA:1,System.Void AnyStore.BLL.Tests.categoriesBLLTests::CategoriesBLL_UpdatePrep_HasIdAndTitle()
DA:219,1
DA:221,1
DA:222,1
DA:223,1
DA:224,1
DA:225,1
DA:226,1
DA:227,1
DA:228,1
DA:231,1
DA:232,1
DA:233,1
FN:240,System.Void AnyStore.BLL.Tests.categoriesBLLTests::CategoriesBLL_SetTitle_EmptyString_IsAllowed()
FNDA:1,System.Void AnyStore.BLL.Tests.categoriesBLLTests::CategoriesBLL_SetTitle_EmptyString_IsAllowed()
DA:241,1
DA:243,1
DA:246,1
DA:249,1
DA:250,1
FN:253,System.Void AnyStore.BLL.Tests.categoriesBLLTests::CategoriesBLL_SetDescription_EmptyString_IsAllowed()
FNDA:1,System.Void AnyStore.BLL.Tests.categoriesBLLTests::CategoriesBLL_SetDescription_EmptyString_IsAllowed()
DA:254,1
DA:256,1
DA:259,1
DA:262,1
DA:263,1
FN:266,System.Void AnyStore.BLL.Tests.categoriesBLLTests::CategoriesBLL_SetId_MaxInt_IsAllowed()
FNDA:1,System.Void AnyStore.BLL.Tests.categoriesBLLTests::CategoriesBLL_SetId_MaxInt_IsAllowed()
DA:267,1
DA:269,1
DA:272,1
DA:275,1
DA:276,1
FN:279,System.Void AnyStore.BLL.Tests.categoriesBLLTests::CategoriesBLL_SetTitle_WithSpecialChars_IsAllowed()
FNDA:1,System.Void AnyStore.BLL.Tests.categoriesBLLTests::CategoriesBLL_SetTitle_WithSpecialChars_IsAllowed()
DA:280,1
DA:282,1
DA:285,1
DA:288,1
DA:289,1
FN:292,System.Void AnyStore.BLL.Tests.categoriesBLLTests::CategoriesBLL_SetAddedDate_MinValue_IsAllowed()
FNDA:1,System.Void AnyStore.BLL.Tests.categoriesBLLTests::CategoriesBLL_SetAddedDate_MinValue_IsAllowed()
DA:293,1
DA:295,1
DA:298,1
DA:301,1
DA:302,1
FN:305,System.Void AnyStore.BLL.Tests.categoriesBLLTests::CategoriesBLL_SetDescription_LongText_IsAllowed()
FNDA:1,System.Void AnyStore.BLL.Tests.categoriesBLLTests::CategoriesBLL_SetDescription_LongText_IsAllowed()
DA:306,1
DA:308,1
DA:309,1
DA:312,1
DA:315,1
DA:316,1
FN:323,System.Void AnyStore.BLL.Tests.categoriesBLLTests::CategoriesBLL_ListOfCategories_CanBeCreated()
FNDA:1,System.Void AnyStore.BLL.Tests.categoriesBLLTests::CategoriesBLL_ListOfCategories_CanBeCreated()
DA:324,1
DA:326,1
DA:327,1
DA:328,1
DA:329,1
DA:330,1
DA:331,1
DA:332,1
DA:335,1
DA:336,1
FN:339,System.Void AnyStore.BLL.Tests.categoriesBLLTests::CategoriesBLL_FindByTitle_ReturnsCorrectCategory()
FNDA:1,System.Void AnyStore.BLL.Tests.categoriesBLLTests::CategoriesBLL_FindByTitle_ReturnsCorrectCategory()
DA:340,1
DA:342,1
DA:343,1
DA:344,1
DA:345,1
DA:346,1
DA:347,1
DA:350,3
DA:353,1
DA:354,1
DA:355,1
FN:358,System.Void AnyStore.BLL.Tests.categoriesBLLTests::CategoriesBLL_FindById_ReturnsCorrectCategory()
FNDA:1,System.Void AnyStore.BLL.Tests.categoriesBLLTests::CategoriesBLL_FindById_ReturnsCorrectCategory()
DA:359,1
DA:361,1
DA:362,1
DA:363,1
DA:364,1
DA:365,1
DA:366,1
DA:369,4
DA:372,1
DA:373,1
DA:374,1
FN:377,System.Void AnyStore.BLL.Tests.categoriesBLLTests::CategoriesBLL_SortByTitle_AlphabeticalOrder_IsCorrect()
FNDA:1,System.Void AnyStore.BLL.Tests.categoriesBLLTests::CategoriesBLL_SortByTitle_AlphabeticalOrder_IsCorrect()
DA:378,1
DA:380,1
DA:381,1
DA:382,1
DA:383,1
DA:384,1
DA:385,1
DA:388,4
DA:391,1
DA:392,1
DA:393,1
DA:394,1
FN:397,System.Void AnyStore.BLL.Tests.categoriesBLLTests::CategoriesBLL_EmptyList_HasZeroCount()
FNDA:1,System.Void AnyStore.BLL.Tests.categoriesBLLTests::CategoriesBLL_EmptyList_HasZeroCount()
DA:398,1
DA:400,1
DA:403,1
DA:404,1
LF:178
LH:178
BRF:0
BRH:0
FNF:27
FNH:27
end_of_record
SF:/modernize-data/studio-data/TNT1001/APP750165/transformed-code/122/studio-workspace/AYCmpDry02/Tests/BLL/DeaCustBLLTests.cs
FN:17,System.Void AnyStore.BLL.Tests.DeaCustBLLTests::DeaCustBLL_DefaultConstructor_CreatesInstance()
FNDA:1,System.Void AnyStore.BLL.Tests.DeaCustBLLTests::DeaCustBLL_DefaultConstructor_CreatesInstance()
DA:18,1
DA:20,1
DA:23,1
DA:24,1
FN:27,System.Void AnyStore.BLL.Tests.DeaCustBLLTests::DeaCustBLL_DefaultConstructor_IdDefaultsToZero()
FNDA:1,System.Void AnyStore.BLL.Tests.DeaCustBLLTests::DeaCustBLL_DefaultConstructor_IdDefaultsToZero()
DA:28,1
DA:30,1
DA:33,1
DA:34,1
FN:37,System.Void AnyStore.BLL.Tests.DeaCustBLLTests::DeaCustBLL_DefaultConstructor_AddedByDefaultsToZero()
FNDA:1,System.Void AnyStore.BLL.Tests.DeaCustBLLTests::DeaCustBLL_DefaultConstructor_AddedByDefaultsToZero()
DA:38,1
DA:40,1
DA:43,1
DA:44,1
FN:51,System.Void AnyStore.BLL.Tests.DeaCustBLLTests::DeaCustBLL_SetId_ReturnsCorrectValue()
FNDA:1,System.Void AnyStore.BLL.Tests.DeaCustBLLTests::DeaCustBLL_SetId_ReturnsCorrectValue()
DA:52,1
DA:54,1
DA:57,1
DA:60,1
DA:61,1
FN:64,System.Void AnyStore.BLL.Tests.DeaCustBLLTests::DeaCustBLL_SetType_Dealer_ReturnsCorrectValue()
FNDA:1,System.Void AnyStore.BLL.Tests.DeaCustBLLTests::DeaCustBLL_SetType_Dealer_ReturnsCorrectValue()
DA:65,1
DA:67,1
DA:70,1
DA:73,1
DA:74,1
FN:77,System.Void AnyStore.BLL.Tests.DeaCustBLLTests::DeaCustBLL_SetType_Customer_ReturnsCorrectValue()
FNDA:1,System.Void AnyStore.BLL.Tests.DeaCustBLLTests::DeaCustBLL_SetType_Customer_ReturnsCorrectValue()
DA:78,1
DA:80,1
DA:83,1
DA:86,1
DA:87,1
FN:90,System.Void AnyStore.BLL.Tests.DeaCustBLLTests::DeaCustBLL_SetName_ReturnsCorrectValue()
FNDA:1,System.Void AnyStore.BLL.Tests.DeaCustBLLTests::DeaCustBLL_SetName_ReturnsCorrectValue()
DA:91,1
DA:93,1
DA:96,1
DA:99,1
DA:100,1
FN:103,System.Void AnyStore.BLL.Tests.DeaCustBLLTests::DeaCustBLL_SetEmail_ReturnsCorrectValue()
FNDA:1,System.Void AnyStore.BLL.Tests.DeaCustBLLTests::DeaCustBLL_SetEmail_ReturnsCorrectValue()
DA:104,1
DA:106,1
DA:109,1
DA:112,1
DA:113,1
FN:116,System.Void AnyStore.BLL.Tests.DeaCustBLLTests::DeaCustBLL_SetContact_ReturnsCorrectValue()
FNDA:1,System.Void AnyStore.BLL.Tests.DeaCustBLLTests::DeaCustBLL_SetContact_ReturnsCorrectValue()
DA:117,1
DA:119,1
DA:122,1
DA:125,1
DA:126,1
FN:129,System.Void AnyStore.BLL.Tests.DeaCustBLLTests::DeaCustBLL_SetAddress_ReturnsCorrectValue()
FNDA:1,System.Void AnyStore.BLL.Tests.DeaCustBLLTests::DeaCustBLL_SetAddress_ReturnsCorrectValue()
DA:130,1
DA:132,1
DA:135,1
DA:138,1
DA:139,1
FN:142,System.Void AnyStore.BLL.Tests.DeaCustBLLTests::DeaCustBLL_SetAddedDate_ReturnsCorrectValue()
FNDA:1,System.Void AnyStore.BLL.Tests.DeaCustBLLTests::DeaCustBLL_SetAddedDate_ReturnsCorrectValue()
DA:143,1
DA:145,1
DA:146,1
DA:149,1
DA:152,1
DA:153,1
FN:156,System.Void AnyStore.BLL.Tests.DeaCustBLLTests::DeaCustBLL_SetAddedBy_ReturnsCorrectValue()
FNDA:1,System.Void AnyStore.BLL.Tests.DeaCustBLLTests::DeaCustBLL_SetAddedBy_ReturnsCorrectValue()
DA:157,1
DA:159,1
DA:162,1
DA:165,1
DA:166,1
FN:173,System.Void AnyStore.BLL.Tests.DeaCustBLLTests::DeaCustBLL_FullInitialization_Dealer_AllPropertiesSetCorrectly()
FNDA:1,System.Void AnyStore.BLL.Tests.DeaCustBLLTests::DeaCustBLL_FullInitialization_Dealer_AllPropertiesSetCorrectly()
DA:174,1
DA:176,1
DA:179,1
DA:180,1
DA:181,1
DA:182,1
DA:183,1
DA:184,1
DA:185,1
DA:186,1
DA:187,1
DA:188,1
DA:189,1
DA:192,1
DA:193,1
DA:194,1
DA:195,1
DA:196,1
DA:197,1
DA:198,1
DA:199,1
DA:200,1
FN:203,System.Void AnyStore.BLL.Tests.DeaCustBLLTests::DeaCustBLL_FullInitialization_Customer_AllPropertiesSetCorrectly()
FNDA:1,System.Void AnyStore.BLL.Tests.DeaCustBLLTests::DeaCustBLL_FullInitialization_Customer_AllPropertiesSetCorrectly()
DA:204,1
DA:206,1
DA:209,1
DA:210,1
DA:211,1
DA:212,1
DA:213,1
DA:214,1
DA:215,1
DA:216,1
DA:217,1
DA:218,1
DA:219,1
DA:222,1
DA:223,1
DA:224,1
DA:225,1
FN:228,System.Void AnyStore.BLL.Tests.DeaCustBLLTests::DeaCustBLL_MultipleInstances_AreIndependent()
FNDA:1,System.Void AnyStore.BLL.Tests.DeaCustBLLTests::DeaCustBLL_MultipleInstances_AreIndependent()
DA:229,1
DA:231,1
DA:232,1
DA:235,1
DA:236,1
DA:237,1
DA:238,1
FN:245,System.Void AnyStore.BLL.Tests.DeaCustBLLTests::DeaCustBLL_Type_IsDealer_IsValid()
FNDA:1,System.Void AnyStore.BLL.Tests.DeaCustBLLTests::DeaCustBLL_Type_IsDealer_IsValid()
DA:246,1
DA:248,1
DA:251,1
DA:252,1
DA:253,1
FN:256,System.Void AnyStore.BLL.Tests.DeaCustBLLTests::DeaCustBLL_Type_IsCustomer_IsValid()
FNDA:1,System.Void AnyStore.BLL.Tests.DeaCustBLLTests::DeaCustBLL_Type_IsCustomer_IsValid()
DA:257,1
DA:259,1
DA:262,1
DA:263,1
DA:264,1
FN:267,System.Void AnyStore.BLL.Tests.DeaCustBLLTests::DeaCustBLL_Name_NotNullOrEmpty_IsValid()
FNDA:1,System.Void AnyStore.BLL.Tests.DeaCustBLLTests::DeaCustBLL_Name_NotNullOrEmpty_IsValid()
DA:268,1
DA:270,1
DA:273,1
DA:274,1
FN:277,System.Void AnyStore.BLL.Tests.DeaCustBLLTests::DeaCustBLL_Id_PositiveValue_IsValidForUpdate()
FNDA:1,System.Void AnyStore.BLL.Tests.DeaCustBLLTests::DeaCustBLL_Id_PositiveValue_IsValidForUpdate()
DA:278,1
DA:280,1
DA:283,1
DA:284,1
FN:287,System.Void AnyStore.BLL.Tests.DeaCustBLLTests::DeaCustBLL_Id_PositiveValue_IsValidForDelete()
FNDA:1,System.Void AnyStore.BLL.Tests.DeaCustBLLTests::DeaCustBLL_Id_PositiveValue_IsValidForDelete()
DA:288,1
DA:290,1
DA:293,1
DA:294,1
FN:297,System.Void AnyStore.BLL.Tests.DeaCustBLLTests::DeaCustBLL_AddedBy_PositiveValue_IsValid()
FNDA:1,System.Void AnyStore.BLL.Tests.DeaCustBLLTests::DeaCustBLL_AddedBy_PositiveValue_IsValid()
DA:298,1
DA:300,1
DA:303,1
DA:304,1
FN:307,System.Void AnyStore.BLL.Tests.DeaCustBLLTests::DeaCustBLL_InsertPrep_AllRequiredFieldsPopulated()
FNDA:1,System.Void AnyStore.BLL.Tests.DeaCustBLLTests::DeaCustBLL_InsertPrep_AllRequiredFieldsPopulated()
DA:308,1
DA:310,1
DA:311,1
DA:312,1
DA:313,1
DA:314,1
DA:315,1
DA:316,1
DA:317,1
DA:318,1
DA:319,1
DA:322,1
DA:323,1
DA:324,1
DA:325,1
FN:332,System.Void AnyStore.BLL.Tests.DeaCustBLLTests::DeaCustBLL_SetId_ZeroValue_IsAllowed()
FNDA:1,System.Void AnyStore.BLL.Tests.DeaCustBLLTests::DeaCustBLL_SetId_ZeroValue_IsAllowed()
DA:333,1
DA:335,1
DA:338,1
DA:341,1
DA:342,1
FN:345,System.Void AnyStore.BLL.Tests.DeaCustBLLTests::DeaCustBLL_SetName_EmptyString_IsAllowed()
FNDA:1,System.Void AnyStore.BLL.Tests.DeaCustBLLTests::DeaCustBLL_SetName_EmptyString_IsAllowed()
DA:346,1
DA:348,1
DA:351,1
DA:354,1
DA:355,1
FN:358,System.Void AnyStore.BLL.Tests.DeaCustBLLTests::DeaCustBLL_SetEmail_EmptyString_IsAllowed()
FNDA:1,System.Void AnyStore.BLL.Tests.DeaCustBLLTests::DeaCustBLL_SetEmail_EmptyString_IsAllowed()
DA:359,1
DA:361,1
DA:364,1
DA:367,1
DA:368,1
FN:371,System.Void AnyStore.BLL.Tests.DeaCustBLLTests::DeaCustBLL_SetAddedDate_Today_IsAllowed()
FNDA:1,System.Void AnyStore.BLL.Tests.DeaCustBLLTests::DeaCustBLL_SetAddedDate_Today_IsAllowed()
DA:372,1
DA:374,1
DA:375,1
DA:378,1
DA:381,1
DA:382,1
FN:385,System.Void AnyStore.BLL.Tests.DeaCustBLLTests::DeaCustBLL_SetId_MaxInt_IsAllowed()
FNDA:1,System.Void AnyStore.BLL.Tests.DeaCustBLLTests::DeaCustBLL_SetId_MaxInt_IsAllowed()
DA:386,1
DA:388,1
DA:391,1
DA:394,1
DA:395,1
FN:402,System.Void AnyStore.BLL.Tests.DeaCustBLLTests::DeaCustBLL_ListOfDealersAndCustomers_CanBeCreated()
FNDA:1,System.Void AnyStore.BLL.Tests.DeaCustBLLTests::DeaCustBLL_ListOfDealersAndCustomers_CanBeCreated()
DA:403,1
DA:405,1
DA:406,1
DA:407,1
DA:408,1
DA:409,1
DA:410,1
DA:413,1
DA:414,1
FN:417,System.Void AnyStore.BLL.Tests.DeaCustBLLTests::DeaCustBLL_FilterByType_Dealer_ReturnsOnlyDealers()
FNDA:1,System.Void AnyStore.BLL.Tests.DeaCustBLLTests::DeaCustBLL_FilterByType_Dealer_ReturnsOnlyDealers()
DA:418,1
DA:420,1
DA:421,1
DA:422,1
DA:423,1
DA:424,1
DA:425,1
DA:428,4
DA:431,1
DA:432,1
FN:435,System.Void AnyStore.BLL.Tests.DeaCustBLLTests::DeaCustBLL_FilterByType_Customer_ReturnsOnlyCustomers()
FNDA:1,System.Void AnyStore.BLL.Tests.DeaCustBLLTests::DeaCustBLL_FilterByType_Customer_ReturnsOnlyCustomers()
DA:436,1
DA:438,1
DA:439,1
DA:440,1
DA:441,1
DA:442,1
DA:443,1
DA:446,4
DA:449,1
DA:450,1
FN:453,System.Void AnyStore.BLL.Tests.DeaCustBLLTests::DeaCustBLL_FindById_ReturnsCorrectEntity()
FNDA:1,System.Void AnyStore.BLL.Tests.DeaCustBLLTests::DeaCustBLL_FindById_ReturnsCorrectEntity()
DA:454,1
DA:456,1
DA:457,1
DA:458,1
DA:459,1
DA:460,1
DA:461,1
DA:464,3
DA:467,1
DA:468,1
DA:469,1
LF:211
LH:211
BRF:0
BRH:0
FNF:31
FNH:31
end_of_record
SF:/modernize-data/studio-data/TNT1001/APP750165/transformed-code/122/studio-workspace/AYCmpDry02/Tests/BLL/loginBLLTests.cs
FN:16,System.Void AnyStore.BLL.Tests.loginBLLTests::LoginBLL_DefaultConstructor_CreatesInstance()
FNDA:1,System.Void AnyStore.BLL.Tests.loginBLLTests::LoginBLL_DefaultConstructor_CreatesInstance()
DA:17,1
DA:19,1
DA:22,1
DA:23,1
FN:26,System.Void AnyStore.BLL.Tests.loginBLLTests::LoginBLL_DefaultConstructor_UsernameIsNull()
FNDA:1,System.Void AnyStore.BLL.Tests.loginBLLTests::LoginBLL_DefaultConstructor_UsernameIsNull()
DA:27,1
DA:29,1
DA:32,1
DA:33,1
FN:36,System.Void AnyStore.BLL.Tests.loginBLLTests::LoginBLL_DefaultConstructor_PasswordIsNull()
FNDA:1,System.Void AnyStore.BLL.Tests.loginBLLTests::LoginBLL_DefaultConstructor_PasswordIsNull()
DA:37,1
DA:39,1
DA:42,1
DA:43,1
FN:46,System.Void AnyStore.BLL.Tests.loginBLLTests::LoginBLL_DefaultConstructor_UserTypeIsNull()
FNDA:1,System.Void AnyStore.BLL.Tests.loginBLLTests::LoginBLL_DefaultConstructor_UserTypeIsNull()
DA:47,1
DA:49,1
DA:52,1
DA:53,1
FN:60,System.Void AnyStore.BLL.Tests.loginBLLTests::LoginBLL_SetUsername_ReturnsCorrectValue()
FNDA:1,System.Void AnyStore.BLL.Tests.loginBLLTests::LoginBLL_SetUsername_ReturnsCorrectValue()
DA:61,1
DA:63,1
DA:66,1
DA:69,1
DA:70,1
FN:73,System.Void AnyStore.BLL.Tests.loginBLLTests::LoginBLL_SetPassword_ReturnsCorrectValue()
FNDA:1,System.Void AnyStore.BLL.Tests.loginBLLTests::LoginBLL_SetPassword_ReturnsCorrectValue()
DA:74,1
DA:76,1
DA:79,1
DA:82,1
DA:83,1
FN:86,System.Void AnyStore.BLL.Tests.loginBLLTests::LoginBLL_SetUserType_Admin_ReturnsCorrectValue()
FNDA:1,System.Void AnyStore.BLL.Tests.loginBLLTests::LoginBLL_SetUserType_Admin_ReturnsCorrectValue()
DA:87,1
DA:89,1
DA:92,1
DA:95,1
DA:96,1
FN:99,System.Void AnyStore.BLL.Tests.loginBLLTests::LoginBLL_SetUserType_User_ReturnsCorrectValue()
FNDA:1,System.Void AnyStore.BLL.Tests.loginBLLTests::LoginBLL_SetUserType_User_ReturnsCorrectValue()
DA:100,1
DA:102,1
DA:105,1
DA:108,1
DA:109,1
FN:116,System.Void AnyStore.BLL.Tests.loginBLLTests::LoginBLL_FullInitialization_AllPropertiesSetCorrectly()
FNDA:1,System.Void AnyStore.BLL.Tests.loginBLLTests::LoginBLL_FullInitialization_AllPropertiesSetCorrectly()
DA:117,1
DA:119,1
DA:120,1
DA:121,1
DA:122,1
DA:123,1
DA:124,1
DA:127,1
DA:128,1
DA:129,1
DA:130,1
FN:133,System.Void AnyStore.BLL.Tests.loginBLLTests::LoginBLL_MultipleInstances_AreIndependent()
FNDA:1,System.Void AnyStore.BLL.Tests.loginBLLTests::LoginBLL_MultipleInstances_AreIndependent()
DA:134,1
DA:136,1
DA:137,1
DA:140,1
DA:141,1
DA:142,1
DA:143,1
FN:150,System.Void AnyStore.BLL.Tests.loginBLLTests::LoginBLL_ValidCredentials_UsernameNotEmpty()
FNDA:1,System.Void AnyStore.BLL.Tests.loginBLLTests::LoginBLL_ValidCredentials_UsernameNotEmpty()
DA:151,1
DA:153,1
DA:156,1
DA:157,1
FN:160,System.Void AnyStore.BLL.Tests.loginBLLTests::LoginBLL_ValidCredentials_PasswordNotEmpty()
FNDA:1,System.Void AnyStore.BLL.Tests.loginBLLTests::LoginBLL_ValidCredentials_PasswordNotEmpty()
DA:161,1
DA:163,1
DA:166,1
DA:167,1
FN:170,System.Void AnyStore.BLL.Tests.loginBLLTests::LoginBLL_ValidCredentials_UserTypeNotEmpty()
FNDA:1,System.Void AnyStore.BLL.Tests.loginBLLTests::LoginBLL_ValidCredentials_UserTypeNotEmpty()
DA:171,1
DA:173,1
DA:176,1
DA:177,1
FN:180,System.Void AnyStore.BLL.Tests.loginBLLTests::LoginBLL_EmptyUsername_IsInvalid()
FNDA:1,System.Void AnyStore.BLL.Tests.loginBLLTests::LoginBLL_EmptyUsername_IsInvalid()
DA:181,1
DA:183,1
DA:186,1
DA:187,1
FN:190,System.Void AnyStore.BLL.Tests.loginBLLTests::LoginBLL_EmptyPassword_IsInvalid()
FNDA:1,System.Void AnyStore.BLL.Tests.loginBLLTests::LoginBLL_EmptyPassword_IsInvalid()
DA:191,1
DA:193,1
DA:196,1
DA:197,1
FN:200,System.Void AnyStore.BLL.Tests.loginBLLTests::LoginBLL_EmptyUserType_IsInvalid()
FNDA:1,System.Void AnyStore.BLL.Tests.loginBLLTests::LoginBLL_EmptyUserType_IsInvalid()
DA:201,1
DA:203,1
DA:206,1
DA:207,1
FN:210,System.Void AnyStore.BLL.Tests.loginBLLTests::LoginBLL_NullUsername_IsInvalid()
FNDA:1,System.Void AnyStore.BLL.Tests.loginBLLTests::LoginBLL_NullUsername_IsInvalid()
DA:211,1
DA:213,1
DA:216,1
DA:217,1
FN:220,System.Void AnyStore.BLL.Tests.loginBLLTests::LoginBLL_NullPassword_IsInvalid()
FNDA:1,System.Void AnyStore.BLL.Tests.loginBLLTests::LoginBLL_NullPassword_IsInvalid()
DA:221,1
DA:223,1
DA:226,1
DA:227,1
FN:230,System.Void AnyStore.BLL.Tests.loginBLLTests::LoginBLL_UserType_IsAdminOrUser_IsValid()
FNDA:1,System.Void AnyStore.BLL.Tests.loginBLLTests::LoginBLL_UserType_IsAdminOrUser_IsValid()
DA:231,1
DA:233,1
DA:234,1
DA:237,1
DA:238,1
DA:239,1
BRDA:237,53,0,0
BRDA:237,53,1,1
BRDA:238,96,0,1
BRDA:238,96,1,0
FN:242,System.Void AnyStore.BLL.Tests.loginBLLTests::LoginBLL_AllFieldsPopulated_IsValidForLoginCheck()
FNDA:1,System.Void AnyStore.BLL.Tests.loginBLLTests::LoginBLL_AllFieldsPopulated_IsValidForLoginCheck()
DA:243,1
DA:245,1
DA:246,1
DA:247,1
DA:248,1
DA:249,1
DA:250,1
DA:253,1
DA:254,1
DA:255,1
DA:256,1
FN:263,System.Void AnyStore.BLL.Tests.loginBLLTests::LoginBLL_Username_WithSpaces_IsAllowed()
FNDA:1,System.Void AnyStore.BLL.Tests.loginBLLTests::LoginBLL_Username_WithSpaces_IsAllowed()
DA:264,1
DA:266,1
DA:269,1
DA:272,1
DA:273,1
FN:276,System.Void AnyStore.BLL.Tests.loginBLLTests::LoginBLL_Password_WithSpecialChars_IsAllowed()
FNDA:1,System.Void AnyStore.BLL.Tests.loginBLLTests::LoginBLL_Password_WithSpecialChars_IsAllowed()
DA:277,1
DA:279,1
DA:282,1
DA:285,1
DA:286,1
FN:289,System.Void AnyStore.BLL.Tests.loginBLLTests::LoginBLL_Username_CaseSensitive_DifferentValues()
FNDA:1,System.Void AnyStore.BLL.Tests.loginBLLTests::LoginBLL_Username_CaseSensitive_DifferentValues()
DA:290,1
DA:292,1
DA:293,1
DA:296,1
DA:297,1
FN:300,System.Void AnyStore.BLL.Tests.loginBLLTests::LoginBLL_Password_CaseSensitive_DifferentValues()
FNDA:1,System.Void AnyStore.BLL.Tests.loginBLLTests::LoginBLL_Password_CaseSensitive_DifferentValues()
DA:301,1
DA:303,1
DA:304,1
DA:307,1
DA:308,1
FN:311,System.Void AnyStore.BLL.Tests.loginBLLTests::LoginBLL_Username_LongString_IsAllowed()
FNDA:1,System.Void AnyStore.BLL.Tests.loginBLLTests::LoginBLL_Username_LongString_IsAllowed()
DA:312,1
DA:314,1
DA:315,1
DA:318,1
DA:321,1
DA:322,1
FN:329,System.Void AnyStore.BLL.Tests.loginBLLTests::LoginBLL_ListOfLogins_CanBeCreated()
FNDA:1,System.Void AnyStore.BLL.Tests.loginBLLTests::LoginBLL_ListOfLogins_CanBeCreated()
DA:330,1
DA:332,1
DA:333,1
DA:334,1
DA:335,1
DA:336,1
DA:339,1
DA:340,1
FN:343,System.Void AnyStore.BLL.Tests.loginBLLTests::LoginBLL_FilterByUserType_Admin_ReturnsOnlyAdmins()
FNDA:1,System.Void AnyStore.BLL.Tests.loginBLLTests::LoginBLL_FilterByUserType_Admin_ReturnsOnlyAdmins()
DA:344,1
DA:346,1
DA:347,1
DA:348,1
DA:349,1
DA:350,1
DA:351,1
DA:354,4
DA:357,1
DA:358,1
LF:147
LH:147
BRF:4
BRH:2
FNF:27
FNH:27
end_of_record
SF:/modernize-data/studio-data/TNT1001/APP750165/transformed-code/122/studio-workspace/AYCmpDry02/Tests/BLL/productsBLLTests.cs
FN:18,System.Void AnyStore.BLL.Tests.productsBLLTests::ProductsBLL_DefaultConstructor_CreatesInstance()
FNDA:1,System.Void AnyStore.BLL.Tests.productsBLLTests::ProductsBLL_DefaultConstructor_CreatesInstance()
DA:19,1
DA:21,1
DA:24,1
DA:25,1
FN:28,System.Void AnyStore.BLL.Tests.productsBLLTests::ProductsBLL_DefaultConstructor_IdDefaultsToZero()
FNDA:1,System.Void AnyStore.BLL.Tests.productsBLLTests::ProductsBLL_DefaultConstructor_IdDefaultsToZero()
DA:29,1
DA:31,1
DA:34,1
DA:35,1
FN:38,System.Void AnyStore.BLL.Tests.productsBLLTests::ProductsBLL_DefaultConstructor_RateDefaultsToZero()
FNDA:1,System.Void AnyStore.BLL.Tests.productsBLLTests::ProductsBLL_DefaultConstructor_RateDefaultsToZero()
DA:39,1
DA:41,1
DA:44,1
DA:45,1
FN:48,System.Void AnyStore.BLL.Tests.productsBLLTests::ProductsBLL_DefaultConstructor_QtyDefaultsToZero()
FNDA:1,System.Void AnyStore.BLL.Tests.productsBLLTests::ProductsBLL_DefaultConstructor_QtyDefaultsToZero()
DA:49,1
DA:51,1
DA:54,1
DA:55,1
FN:58,System.Void AnyStore.BLL.Tests.productsBLLTests::ProductsBLL_DefaultConstructor_AddedByDefaultsToZero()
FNDA:1,System.Void AnyStore.BLL.Tests.productsBLLTests::ProductsBLL_DefaultConstructor_AddedByDefaultsToZero()
DA:59,1
DA:61,1
DA:64,1
DA:65,1
FN:72,System.Void AnyStore.BLL.Tests.productsBLLTests::ProductsBLL_SetId_ReturnsCorrectValue()
FNDA:1,System.Void AnyStore.BLL.Tests.productsBLLTests::ProductsBLL_SetId_ReturnsCorrectValue()
DA:73,1
DA:75,1
DA:78,1
DA:81,1
DA:82,1
FN:85,System.Void AnyStore.BLL.Tests.productsBLLTests::ProductsBLL_SetName_ReturnsCorrectValue()
FNDA:1,System.Void AnyStore.BLL.Tests.productsBLLTests::ProductsBLL_SetName_ReturnsCorrectValue()
DA:86,1
DA:88,1
DA:91,1
DA:94,1
DA:95,1
FN:98,System.Void AnyStore.BLL.Tests.productsBLLTests::ProductsBLL_SetCategory_ReturnsCorrectValue()
FNDA:1,System.Void AnyStore.BLL.Tests.productsBLLTests::ProductsBLL_SetCategory_ReturnsCorrectValue()
DA:99,1
DA:101,1
DA:104,1
DA:107,1
DA:108,1
FN:111,System.Void AnyStore.BLL.Tests.productsBLLTests::ProductsBLL_SetDescription_ReturnsCorrectValue()
FNDA:1,System.Void AnyStore.BLL.Tests.productsBLLTests::ProductsBLL_SetDescription_ReturnsCorrectValue()
DA:112,1
DA:114,1
DA:117,1
DA:120,1
DA:121,1
FN:124,System.Void AnyStore.BLL.Tests.productsBLLTests::ProductsBLL_SetRate_ReturnsCorrectValue()
FNDA:1,System.Void AnyStore.BLL.Tests.productsBLLTests::ProductsBLL_SetRate_ReturnsCorrectValue()
DA:125,1
DA:127,1
DA:130,1
DA:133,1
DA:134,1
FN:137,System.Void AnyStore.BLL.Tests.productsBLLTests::ProductsBLL_SetQty_ReturnsCorrectValue()
FNDA:1,System.Void AnyStore.BLL.Tests.productsBLLTests::ProductsBLL_SetQty_ReturnsCorrectValue()
DA:138,1
DA:140,1
DA:143,1
DA:146,1
DA:147,1
FN:150,System.Void AnyStore.BLL.Tests.productsBLLTests::ProductsBLL_SetAddedDate_ReturnsCorrectValue()
FNDA:1,System.Void AnyStore.BLL.Tests.productsBLLTests::ProductsBLL_SetAddedDate_ReturnsCorrectValue()
DA:151,1
DA:153,1
DA:154,1
DA:157,1
DA:160,1
DA:161,1
FN:164,System.Void AnyStore.BLL.Tests.productsBLLTests::ProductsBLL_SetAddedBy_ReturnsCorrectValue()
FNDA:1,System.Void AnyStore.BLL.Tests.productsBLLTests::ProductsBLL_SetAddedBy_ReturnsCorrectValue()
DA:165,1
DA:167,1
DA:170,1
DA:173,1
DA:174,1
FN:181,System.Void AnyStore.BLL.Tests.productsBLLTests::ProductsBLL_FullInitialization_AllPropertiesSetCorrectly()
FNDA:1,System.Void AnyStore.BLL.Tests.productsBLLTests::ProductsBLL_FullInitialization_AllPropertiesSetCorrectly()
DA:182,1
DA:184,1
DA:187,1
DA:188,1
DA:189,1
DA:190,1
DA:191,1
DA:192,1
DA:193,1
DA:194,1
DA:195,1
DA:196,1
DA:197,1
DA:200,1
DA:201,1
DA:202,1
DA:203,1
DA:204,1
DA:205,1
DA:206,1
DA:207,1
DA:208,1
FN:211,System.Void AnyStore.BLL.Tests.productsBLLTests::ProductsBLL_MultipleInstances_AreIndependent()
FNDA:1,System.Void AnyStore.BLL.Tests.productsBLLTests::ProductsBLL_MultipleInstances_AreIndependent()
DA:212,1
DA:214,1
DA:215,1
DA:218,1
DA:219,1
DA:220,1
DA:221,1
FN:228,System.Void AnyStore.BLL.Tests.productsBLLTests::ProductsBLL_IncreaseQty_AddsCorrectly()
FNDA:1,System.Void AnyStore.BLL.Tests.productsBLLTests::ProductsBLL_IncreaseQty_AddsCorrectly()
DA:229,1
DA:231,1
DA:232,1
DA:235,1
DA:238,1
DA:239,1
FN:242,System.Void AnyStore.BLL.Tests.productsBLLTests::ProductsBLL_DecreaseQty_SubtractsCorrectly()
FNDA:1,System.Void AnyStore.BLL.Tests.productsBLLTests::ProductsBLL_DecreaseQty_SubtractsCorrectly()
DA:243,1
DA:245,1
DA:246,1
DA:249,1
DA:252,1
DA:253,1
FN:256,System.Void AnyStore.BLL.Tests.productsBLLTests::ProductsBLL_DecreaseQty_ToZero_ResultsInZero()
FNDA:1,System.Void AnyStore.BLL.Tests.productsBLLTests::ProductsBLL_DecreaseQty_ToZero_ResultsInZero()
DA:257,1
DA:259,1
DA:262,1
DA:265,1
DA:266,1
FN:269,System.Void AnyStore.BLL.Tests.productsBLLTests::ProductsBLL_CalculateTotal_RateTimesQty_IsCorrect()
FNDA:1,System.Void AnyStore.BLL.Tests.productsBLLTests::ProductsBLL_CalculateTotal_RateTimesQty_IsCorrect()
DA:270,1
DA:272,1
DA:275,1
DA:278,1
DA:279,1
FN:282,System.Void AnyStore.BLL.Tests.productsBLLTests::ProductsBLL_CalculateTotal_WithDecimalRate_IsCorrect()
FNDA:1,System.Void AnyStore.BLL.Tests.productsBLLTests::ProductsBLL_CalculateTotal_WithDecimalRate_IsCorrect()
DA:283,1
DA:285,1
DA:288,1
DA:291,1
DA:292,1
FN:295,System.Void AnyStore.BLL.Tests.productsBLLTests::ProductsBLL_IncreaseQty_FromZero_IsCorrect()
FNDA:1,System.Void AnyStore.BLL.Tests.productsBLLTests::ProductsBLL_IncreaseQty_FromZero_IsCorrect()
DA:296,1
DA:298,1
DA:301,1
DA:304,1
DA:305,1
FN:308,System.Void AnyStore.BLL.Tests.productsBLLTests::ProductsBLL_IncreaseQty_LargeAmount_IsCorrect()
FNDA:1,System.Void AnyStore.BLL.Tests.productsBLLTests::ProductsBLL_IncreaseQty_LargeAmount_IsCorrect()
DA:309,1
DA:311,1
DA:314,1
DA:317,1
DA:318,1
FN:325,System.Void AnyStore.BLL.Tests.productsBLLTests::ProductsBLL_Name_NotNullOrEmpty_IsValid()
FNDA:1,System.Void AnyStore.BLL.Tests.productsBLLTests::ProductsBLL_Name_NotNullOrEmpty_IsValid()
DA:326,1
DA:328,1
DA:331,1
DA:332,1
FN:335,System.Void AnyStore.BLL.Tests.productsBLLTests::ProductsBLL_Category_NotNullOrEmpty_IsValid()
FNDA:1,System.Void AnyStore.BLL.Tests.productsBLLTests::ProductsBLL_Category_NotNullOrEmpty_IsValid()
DA:336,1
DA:338,1
DA:341,1
DA:342,1
FN:345,System.Void AnyStore.BLL.Tests.productsBLLTests::ProductsBLL_Rate_PositiveValue_IsValid()
FNDA:1,System.Void AnyStore.BLL.Tests.productsBLLTests::ProductsBLL_Rate_PositiveValue_IsValid()
DA:346,1
DA:348,1
DA:351,1
DA:352,1
FN:355,System.Void AnyStore.BLL.Tests.productsBLLTests::ProductsBLL_Qty_NonNegativeValue_IsValid()
FNDA:1,System.Void AnyStore.BLL.Tests.productsBLLTests::ProductsBLL_Qty_NonNegativeValue_IsValid()
DA:356,1
DA:358,1
DA:361,1
DA:362,1
FN:365,System.Void AnyStore.BLL.Tests.productsBLLTests::ProductsBLL_Id_PositiveValue_IsValidForUpdate()
FNDA:1,System.Void AnyStore.BLL.Tests.productsBLLTests::ProductsBLL_Id_PositiveValue_IsValidForUpdate()
DA:366,1
DA:368,1
DA:371,1
DA:372,1
FN:375,System.Void AnyStore.BLL.Tests.productsBLLTests::ProductsBLL_InsertPrep_AllRequiredFieldsPopulated()
FNDA:1,System.Void AnyStore.BLL.Tests.productsBLLTests::ProductsBLL_InsertPrep_AllRequiredFieldsPopulated()
DA:376,1
DA:378,1
DA:379,1
DA:380,1
DA:381,1
DA:382,1
DA:383,1
DA:384,1
DA:385,1
DA:386,1
DA:387,1
DA:390,1
DA:391,1
DA:392,1
DA:393,1
DA:394,1
DA:395,1
FN:402,System.Void AnyStore.BLL.Tests.productsBLLTests::ProductsBLL_SetRate_ZeroValue_IsAllowed()
FNDA:1,System.Void AnyStore.BLL.Tests.productsBLLTests::ProductsBLL_SetRate_ZeroValue_IsAllowed()
DA:403,1
DA:405,1
DA:408,1
DA:411,1
DA:412,1
FN:415,System.Void AnyStore.BLL.Tests.productsBLLTests::ProductsBLL_SetRate_LargeDecimal_IsAllowed()
FNDA:1,System.Void AnyStore.BLL.Tests.productsBLLTests::ProductsBLL_SetRate_LargeDecimal_IsAllowed()
DA:416,1
DA:418,1
DA:421,1
DA:424,1
DA:425,1
FN:428,System.Void AnyStore.BLL.Tests.productsBLLTests::ProductsBLL_SetQty_FractionalValue_IsAllowed()
FNDA:1,System.Void AnyStore.BLL.Tests.productsBLLTests::ProductsBLL_SetQty_FractionalValue_IsAllowed()
DA:429,1
DA:431,1
DA:434,1
DA:437,1
DA:438,1
FN:441,System.Void AnyStore.BLL.Tests.productsBLLTests::ProductsBLL_SetName_EmptyString_IsAllowed()
FNDA:1,System.Void AnyStore.BLL.Tests.productsBLLTests::ProductsBLL_SetName_EmptyString_IsAllowed()
DA:442,1
DA:444,1
DA:447,1
DA:450,1
DA:451,1
FN:454,System.Void AnyStore.BLL.Tests.productsBLLTests::ProductsBLL_SetDescription_LongText_IsAllowed()
FNDA:1,System.Void AnyStore.BLL.Tests.productsBLLTests::ProductsBLL_SetDescription_LongText_IsAllowed()
DA:455,1
DA:457,1
DA:458,1
DA:461,1
DA:464,1
DA:465,1
FN:472,System.Void AnyStore.BLL.Tests.productsBLLTests::ProductsBLL_ListOfProducts_CanBeCreated()
FNDA:1,System.Void AnyStore.BLL.Tests.productsBLLTests::ProductsBLL_ListOfProducts_CanBeCreated()
DA:473,1
DA:475,1
DA:476,1
DA:477,1
DA:478,1
DA:479,1
DA:480,1
DA:483,1
DA:484,1
FN:487,System.Void AnyStore.BLL.Tests.productsBLLTests::ProductsBLL_FilterByCategory_ReturnsCorrectProducts()
FNDA:1,System.Void AnyStore.BLL.Tests.productsBLLTests::ProductsBLL_FilterByCategory_ReturnsCorrectProducts()
DA:488,1
DA:490,1
DA:491,1
DA:492,1
DA:493,1
DA:494,1
DA:495,1
DA:498,4
DA:501,1
DA:502,1
FN:505,System.Void AnyStore.BLL.Tests.productsBLLTests::ProductsBLL_SortByRate_AscendingOrder_IsCorrect()
FNDA:1,System.Void AnyStore.BLL.Tests.productsBLLTests::ProductsBLL_SortByRate_AscendingOrder_IsCorrect()
DA:506,1
DA:508,1
DA:509,1
DA:510,1
DA:511,1
DA:512,1
DA:513,1
DA:516,4
DA:519,1
DA:520,1
DA:521,1
DA:522,1
FN:525,System.Void AnyStore.BLL.Tests.productsBLLTests::ProductsBLL_TotalInventoryValue_CalculatedCorrectly()
FNDA:1,System.Void AnyStore.BLL.Tests.productsBLLTests::ProductsBLL_TotalInventoryValue_CalculatedCorrectly()
DA:526,1
DA:528,1
DA:529,1
DA:530,1
DA:531,1
DA:532,1
DA:533,1
DA:536,4
DA:539,1
DA:540,1
FN:543,System.Void AnyStore.BLL.Tests.productsBLLTests::ProductsBLL_FindById_ReturnsCorrectProduct()
FNDA:1,System.Void AnyStore.BLL.Tests.productsBLLTests::ProductsBLL_FindById_ReturnsCorrectProduct()
DA:544,1
DA:546,1
DA:547,1
DA:548,1
DA:549,1
DA:550,1
DA:551,1
DA:554,3
DA:557,1
DA:558,1
DA:559,1
LF:242
LH:242
BRF:0
BRH:0
FNF:38
FNH:38
end_of_record
SF:/modernize-data/studio-data/TNT1001/APP750165/transformed-code/122/studio-workspace/AYCmpDry02/Tests/BLL/transactionDetailBLLTests.cs
FN:18,System.Void AnyStore.BLL.Tests.transactionDetailBLLTests::TransactionDetailBLL_DefaultConstructor_CreatesInstance()
FNDA:1,System.Void AnyStore.BLL.Tests.transactionDetailBLLTests::TransactionDetailBLL_DefaultConstructor_CreatesInstance()
DA:19,1
DA:21,1
DA:24,1
DA:25,1
FN:28,System.Void AnyStore.BLL.Tests.transactionDetailBLLTests::TransactionDetailBLL_DefaultConstructor_IdDefaultsToZero()
FNDA:1,System.Void AnyStore.BLL.Tests.transactionDetailBLLTests::TransactionDetailBLL_DefaultConstructor_IdDefaultsToZero()
DA:29,1
DA:31,1
DA:34,1
DA:35,1
FN:38,System.Void AnyStore.BLL.Tests.transactionDetailBLLTests::TransactionDetailBLL_DefaultConstructor_ProductIdDefaultsToZero()
FNDA:1,System.Void AnyStore.BLL.Tests.transactionDetailBLLTests::TransactionDetailBLL_DefaultConstructor_ProductIdDefaultsToZero()
DA:39,1
DA:41,1
DA:44,1
DA:45,1
FN:48,System.Void AnyStore.BLL.Tests.transactionDetailBLLTests::TransactionDetailBLL_DefaultConstructor_RateDefaultsToZero()
FNDA:1,System.Void AnyStore.BLL.Tests.transactionDetailBLLTests::TransactionDetailBLL_DefaultConstructor_RateDefaultsToZero()
DA:49,1
DA:51,1
DA:54,1
DA:55,1
FN:58,System.Void AnyStore.BLL.Tests.transactionDetailBLLTests::TransactionDetailBLL_DefaultConstructor_QtyDefaultsToZero()
FNDA:1,System.Void AnyStore.BLL.Tests.transactionDetailBLLTests::TransactionDetailBLL_DefaultConstructor_QtyDefaultsToZero()
DA:59,1
DA:61,1
DA:64,1
DA:65,1
FN:68,System.Void AnyStore.BLL.Tests.transactionDetailBLLTests::TransactionDetailBLL_DefaultConstructor_TotalDefaultsToZero()
FNDA:1,System.Void AnyStore.BLL.Tests.transactionDetailBLLTests::TransactionDetailBLL_DefaultConstructor_TotalDefaultsToZero()
DA:69,1
DA:71,1
DA:74,1
DA:75,1
FN:78,System.Void AnyStore.BLL.Tests.transactionDetailBLLTests::TransactionDetailBLL_DefaultConstructor_DeaCustIdDefaultsToZero()
FNDA:1,System.Void AnyStore.BLL.Tests.transactionDetailBLLTests::TransactionDetailBLL_DefaultConstructor_DeaCustIdDefaultsToZero()
DA:79,1
DA:81,1
DA:84,1
DA:85,1
FN:88,System.Void AnyStore.BLL.Tests.transactionDetailBLLTests::TransactionDetailBLL_DefaultConstructor_AddedByDefaultsToZero()
FNDA:1,System.Void AnyStore.BLL.Tests.transactionDetailBLLTests::TransactionDetailBLL_DefaultConstructor_AddedByDefaultsToZero()
DA:89,1
DA:91,1
DA:94,1
DA:95,1
FN:102,System.Void AnyStore.BLL.Tests.transactionDetailBLLTests::TransactionDetailBLL_SetId_ReturnsCorrectValue()
FNDA:1,System.Void AnyStore.BLL.Tests.transactionDetailBLLTests::TransactionDetailBLL_SetId_ReturnsCorrectValue()
DA:103,1
DA:105,1
DA:108,1
DA:111,1
DA:112,1
FN:115,System.Void AnyStore.BLL.Tests.transactionDetailBLLTests::TransactionDetailBLL_SetProductId_ReturnsCorrectValue()
FNDA:1,System.Void AnyStore.BLL.Tests.transactionDetailBLLTests::TransactionDetailBLL_SetProductId_ReturnsCorrectValue()
DA:116,1
DA:118,1
DA:121,1
DA:124,1
DA:125,1
FN:128,System.Void AnyStore.BLL.Tests.transactionDetailBLLTests::TransactionDetailBLL_SetRate_ReturnsCorrectValue()
FNDA:1,System.Void AnyStore.BLL.Tests.transactionDetailBLLTests::TransactionDetailBLL_SetRate_ReturnsCorrectValue()
DA:129,1
DA:131,1
DA:134,1
DA:137,1
DA:138,1
FN:141,System.Void AnyStore.BLL.Tests.transactionDetailBLLTests::TransactionDetailBLL_SetQty_ReturnsCorrectValue()
FNDA:1,System.Void AnyStore.BLL.Tests.transactionDetailBLLTests::TransactionDetailBLL_SetQty_ReturnsCorrectValue()
DA:142,1
DA:144,1
DA:147,1
DA:150,1
DA:151,1
FN:154,System.Void AnyStore.BLL.Tests.transactionDetailBLLTests::TransactionDetailBLL_SetTotal_ReturnsCorrectValue()
FNDA:1,System.Void AnyStore.BLL.Tests.transactionDetailBLLTests::TransactionDetailBLL_SetTotal_ReturnsCorrectValue()
DA:155,1
DA:157,1
DA:160,1
DA:163,1
DA:164,1
FN:167,System.Void AnyStore.BLL.Tests.transactionDetailBLLTests::TransactionDetailBLL_SetDeaCustId_ReturnsCorrectValue()
FNDA:1,System.Void AnyStore.BLL.Tests.transactionDetailBLLTests::TransactionDetailBLL_SetDeaCustId_ReturnsCorrectValue()
DA:168,1
DA:170,1
DA:173,1
DA:176,1
DA:177,1
FN:180,System.Void AnyStore.BLL.Tests.transactionDetailBLLTests::TransactionDetailBLL_SetAddedDate_ReturnsCorrectValue()
FNDA:1,System.Void AnyStore.BLL.Tests.transactionDetailBLLTests::TransactionDetailBLL_SetAddedDate_ReturnsCorrectValue()
DA:181,1
DA:183,1
DA:184,1
DA:187,1
DA:190,1
DA:191,1
FN:194,System.Void AnyStore.BLL.Tests.transactionDetailBLLTests::TransactionDetailBLL_SetAddedBy_ReturnsCorrectValue()
FNDA:1,System.Void AnyStore.BLL.Tests.transactionDetailBLLTests::TransactionDetailBLL_SetAddedBy_ReturnsCorrectValue()
DA:195,1
DA:197,1
DA:200,1
DA:203,1
DA:204,1
FN:211,System.Void AnyStore.BLL.Tests.transactionDetailBLLTests::TransactionDetailBLL_FullInitialization_AllPropertiesSetCorrectly()
FNDA:1,System.Void AnyStore.BLL.Tests.transactionDetailBLLTests::TransactionDetailBLL_FullInitialization_AllPropertiesSetCorrectly()
DA:212,1
DA:214,1
DA:217,1
DA:218,1
DA:219,1
DA:220,1
DA:221,1
DA:222,1
DA:223,1
DA:224,1
DA:225,1
DA:226,1
DA:227,1
DA:230,1
DA:231,1
DA:232,1
DA:233,1
DA:234,1
DA:235,1
DA:236,1
DA:237,1
DA:238,1
FN:241,System.Void AnyStore.BLL.Tests.transactionDetailBLLTests::TransactionDetailBLL_MultipleInstances_AreIndependent()
FNDA:1,System.Void AnyStore.BLL.Tests.transactionDetailBLLTests::TransactionDetailBLL_MultipleInstances_AreIndependent()
DA:242,1
DA:244,1
DA:245,1
DA:248,1
DA:249,1
DA:250,1
DA:251,1
DA:252,1
FN:259,System.Void AnyStore.BLL.Tests.transactionDetailBLLTests::TransactionDetailBLL_Total_EqualsRate_Times_Qty()
FNDA:1,System.Void AnyStore.BLL.Tests.transactionDetailBLLTests::TransactionDetailBLL_Total_EqualsRate_Times_Qty()
DA:260,1
DA:262,1
DA:265,1
DA:268,1
DA:269,1
FN:272,System.Void AnyStore.BLL.Tests.transactionDetailBLLTests::TransactionDetailBLL_Total_WithDecimalRate_IsCorrect()
FNDA:1,System.Void AnyStore.BLL.Tests.transactionDetailBLLTests::TransactionDetailBLL_Total_WithDecimalRate_IsCorrect()
DA:273,1
DA:275,1
DA:278,1
DA:281,1
DA:282,1
FN:285,System.Void AnyStore.BLL.Tests.transactionDetailBLLTests::TransactionDetailBLL_Total_WithDecimalQty_IsCorrect()
FNDA:1,System.Void AnyStore.BLL.Tests.transactionDetailBLLTests::TransactionDetailBLL_Total_WithDecimalQty_IsCorrect()
DA:286,1
DA:288,1
DA:291,1
DA:294,1
DA:295,1
FN:298,System.Void AnyStore.BLL.Tests.transactionDetailBLLTests::TransactionDetailBLL_Total_WithZeroQty_IsZero()
FNDA:1,System.Void AnyStore.BLL.Tests.transactionDetailBLLTests::TransactionDetailBLL_Total_WithZeroQty_IsZero()
DA:299,1
DA:301,1
DA:304,1
DA:307,1
DA:308,1
FN:311,System.Void AnyStore.BLL.Tests.transactionDetailBLLTests::TransactionDetailBLL_Total_WithZeroRate_IsZero()
FNDA:1,System.Void AnyStore.BLL.Tests.transactionDetailBLLTests::TransactionDetailBLL_Total_WithZeroRate_IsZero()
DA:312,1
DA:314,1
DA:317,1
DA:320,1
DA:321,1
FN:324,System.Void AnyStore.BLL.Tests.transactionDetailBLLTests::TransactionDetailBLL_Total_WithLargeValues_IsCorrect()
FNDA:1,System.Void AnyStore.BLL.Tests.transactionDetailBLLTests::TransactionDetailBLL_Total_WithLargeValues_IsCorrect()
DA:325,1
DA:327,1
DA:330,1
DA:333,1
DA:334,1
FN:337,System.Void AnyStore.BLL.Tests.transactionDetailBLLTests::TransactionDetailBLL_Total_IsGreaterThanRate_WhenQtyGreaterThanOne()
FNDA:1,System.Void AnyStore.BLL.Tests.transactionDetailBLLTests::TransactionDetailBLL_Total_IsGreaterThanRate_WhenQtyGreaterThanOne()
DA:338,1
DA:340,1
DA:343,1
DA:346,1
DA:347,1
FN:354,System.Void AnyStore.BLL.Tests.transactionDetailBLLTests::TransactionDetailBLL_ProductId_PositiveValue_IsValid()
FNDA:1,System.Void AnyStore.BLL.Tests.transactionDetailBLLTests::TransactionDetailBLL_ProductId_PositiveValue_IsValid()
DA:355,1
DA:357,1
DA:360,1
DA:361,1
FN:364,System.Void AnyStore.BLL.Tests.transactionDetailBLLTests::TransactionDetailBLL_Rate_PositiveValue_IsValid()
FNDA:1,System.Void AnyStore.BLL.Tests.transactionDetailBLLTests::TransactionDetailBLL_Rate_PositiveValue_IsValid()
DA:365,1
DA:367,1
DA:370,1
DA:371,1
FN:374,System.Void AnyStore.BLL.Tests.transactionDetailBLLTests::TransactionDetailBLL_Qty_PositiveValue_IsValid()
FNDA:1,System.Void AnyStore.BLL.Tests.transactionDetailBLLTests::TransactionDetailBLL_Qty_PositiveValue_IsValid()
DA:375,1
DA:377,1
DA:380,1
DA:381,1
FN:384,System.Void AnyStore.BLL.Tests.transactionDetailBLLTests::TransactionDetailBLL_Total_PositiveValue_IsValid()
FNDA:1,System.Void AnyStore.BLL.Tests.transactionDetailBLLTests::TransactionDetailBLL_Total_PositiveValue_IsValid()
DA:385,1
DA:387,1
DA:390,1
DA:391,1
FN:394,System.Void AnyStore.BLL.Tests.transactionDetailBLLTests::TransactionDetailBLL_DeaCustId_PositiveValue_IsValid()
FNDA:1,System.Void AnyStore.BLL.Tests.transactionDetailBLLTests::TransactionDetailBLL_DeaCustId_PositiveValue_IsValid()
DA:395,1
DA:397,1
DA:400,1
DA:401,1
FN:404,System.Void AnyStore.BLL.Tests.transactionDetailBLLTests::TransactionDetailBLL_AddedBy_PositiveValue_IsValid()
FNDA:1,System.Void AnyStore.BLL.Tests.transactionDetailBLLTests::TransactionDetailBLL_AddedBy_PositiveValue_IsValid()
DA:405,1
DA:407,1
DA:410,1
DA:411,1
FN:414,System.Void AnyStore.BLL.Tests.transactionDetailBLLTests::TransactionDetailBLL_InsertPrep_AllRequiredFieldsPopulated()
FNDA:1,System.Void AnyStore.BLL.Tests.transactionDetailBLLTests::TransactionDetailBLL_InsertPrep_AllRequiredFieldsPopulated()
DA:415,1
DA:417,1
DA:418,1
DA:419,1
DA:420,1
DA:421,1
DA:422,1
DA:423,1
DA:424,1
DA:425,1
DA:426,1
DA:429,1
DA:430,1
DA:431,1
DA:432,1
DA:433,1
DA:434,1
DA:435,1
FN:442,System.Void AnyStore.BLL.Tests.transactionDetailBLLTests::TransactionDetailBLL_SetRate_FractionalValue_IsAllowed()
FNDA:1,System.Void AnyStore.BLL.Tests.transactionDetailBLLTests::TransactionDetailBLL_SetRate_FractionalValue_IsAllowed()
DA:443,1
DA:445,1
DA:448,1
DA:451,1
DA:452,1
FN:455,System.Void AnyStore.BLL.Tests.transactionDetailBLLTests::TransactionDetailBLL_SetQty_FractionalValue_IsAllowed()
FNDA:1,System.Void AnyStore.BLL.Tests.transactionDetailBLLTests::TransactionDetailBLL_SetQty_FractionalValue_IsAllowed()
DA:456,1
DA:458,1
DA:461,1
DA:464,1
DA:465,1
FN:468,System.Void AnyStore.BLL.Tests.transactionDetailBLLTests::TransactionDetailBLL_SetId_MaxInt_IsAllowed()
FNDA:1,System.Void AnyStore.BLL.Tests.transactionDetailBLLTests::TransactionDetailBLL_SetId_MaxInt_IsAllowed()
DA:469,1
DA:471,1
DA:474,1
DA:477,1
DA:478,1
FN:481,System.Void AnyStore.BLL.Tests.transactionDetailBLLTests::TransactionDetailBLL_SetAddedDate_Today_IsAllowed()
FNDA:1,System.Void AnyStore.BLL.Tests.transactionDetailBLLTests::TransactionDetailBLL_SetAddedDate_Today_IsAllowed()
DA:482,1
DA:484,1
DA:485,1
DA:488,1
DA:491,1
DA:492,1
FN:499,System.Void AnyStore.BLL.Tests.transactionDetailBLLTests::TransactionDetailBLL_ListOfDetails_CanBeCreated()
FNDA:1,System.Void AnyStore.BLL.Tests.transactionDetailBLLTests::TransactionDetailBLL_ListOfDetails_CanBeCreated()
DA:500,1
DA:502,1
DA:503,1
DA:504,1
DA:505,1
DA:506,1
DA:507,1
DA:510,1
DA:511,1
FN:514,System.Void AnyStore.BLL.Tests.transactionDetailBLLTests::TransactionDetailBLL_SumOfTotals_IsCorrect()
FNDA:1,System.Void AnyStore.BLL.Tests.transactionDetailBLLTests::TransactionDetailBLL_SumOfTotals_IsCorrect()
DA:515,1
DA:517,1
DA:518,1
DA:519,1
DA:520,1
DA:521,1
DA:522,1
DA:525,4
DA:528,1
DA:529,1
FN:532,System.Void AnyStore.BLL.Tests.transactionDetailBLLTests::TransactionDetailBLL_FilterByProductId_ReturnsCorrectDetails()
FNDA:1,System.Void AnyStore.BLL.Tests.transactionDetailBLLTests::TransactionDetailBLL_FilterByProductId_ReturnsCorrectDetails()
DA:533,1
DA:535,1
DA:536,1
DA:537,1
DA:538,1
DA:539,1
DA:540,1
DA:543,4
DA:546,1
DA:547,1
FN:550,System.Void AnyStore.BLL.Tests.transactionDetailBLLTests::TransactionDetailBLL_FilterByDeaCustId_ReturnsCorrectDetails()
FNDA:1,System.Void AnyStore.BLL.Tests.transactionDetailBLLTests::TransactionDetailBLL_FilterByDeaCustId_ReturnsCorrectDetails()
DA:551,1
DA:553,1
DA:554,1
DA:555,1
DA:556,1
DA:557,1
DA:558,1
DA:561,4
DA:564,1
DA:565,1
FN:568,System.Void AnyStore.BLL.Tests.transactionDetailBLLTests::TransactionDetailBLL_TotalCalculation_MatchesRateTimesQty_ForAllItems()
FNDA:1,System.Void AnyStore.BLL.Tests.transactionDetailBLLTests::TransactionDetailBLL_TotalCalculation_MatchesRateTimesQty_ForAllItems()
DA:569,1
DA:571,1
DA:572,1
DA:573,1
DA:574,1
DA:575,1
DA:576,1
DA:579,9
DA:580,3
DA:581,3
DA:582,3
DA:585,1
DA:586,1
DA:587,1
DA:588,1
BRDA:579,199,1,3
BRDA:579,199,0,1
LF:255
LH:255
BRF:2
BRH:2
FNF:41
FNH:41
end_of_record
SF:/modernize-data/studio-data/TNT1001/APP750165/transformed-code/122/studio-workspace/AYCmpDry02/Tests/BLL/transactionsBLLTests.cs
FN:19,System.Void AnyStore.BLL.Tests.transactionsBLLTests::TransactionsBLL_DefaultConstructor_CreatesInstance()
FNDA:1,System.Void AnyStore.BLL.Tests.transactionsBLLTests::TransactionsBLL_DefaultConstructor_CreatesInstance()
DA:20,1
DA:22,1
DA:25,1
DA:26,1
FN:29,System.Void AnyStore.BLL.Tests.transactionsBLLTests::TransactionsBLL_DefaultConstructor_IdDefaultsToZero()
FNDA:1,System.Void AnyStore.BLL.Tests.transactionsBLLTests::TransactionsBLL_DefaultConstructor_IdDefaultsToZero()
DA:30,1
DA:32,1
DA:35,1
DA:36,1
FN:39,System.Void AnyStore.BLL.Tests.transactionsBLLTests::TransactionsBLL_DefaultConstructor_GrandTotalDefaultsToZero()
FNDA:1,System.Void AnyStore.BLL.Tests.transactionsBLLTests::TransactionsBLL_DefaultConstructor_GrandTotalDefaultsToZero()
DA:40,1
DA:42,1
DA:45,1
DA:46,1
FN:49,System.Void AnyStore.BLL.Tests.transactionsBLLTests::TransactionsBLL_DefaultConstructor_TaxDefaultsToZero()
FNDA:1,System.Void AnyStore.BLL.Tests.transactionsBLLTests::TransactionsBLL_DefaultConstructor_TaxDefaultsToZero()
DA:50,1
DA:52,1
DA:55,1
DA:56,1
FN:59,System.Void AnyStore.BLL.Tests.transactionsBLLTests::TransactionsBLL_DefaultConstructor_DiscountDefaultsToZero()
FNDA:1,System.Void AnyStore.BLL.Tests.transactionsBLLTests::TransactionsBLL_DefaultConstructor_DiscountDefaultsToZero()
DA:60,1
DA:62,1
DA:65,1
DA:66,1
FN:69,System.Void AnyStore.BLL.Tests.transactionsBLLTests::TransactionsBLL_DefaultConstructor_AddedByDefaultsToZero()
FNDA:1,System.Void AnyStore.BLL.Tests.transactionsBLLTests::TransactionsBLL_DefaultConstructor_AddedByDefaultsToZero()
DA:70,1
DA:72,1
DA:75,1
DA:76,1
FN:83,System.Void AnyStore.BLL.Tests.transactionsBLLTests::TransactionsBLL_SetId_ReturnsCorrectValue()
FNDA:1,System.Void AnyStore.BLL.Tests.transactionsBLLTests::TransactionsBLL_SetId_ReturnsCorrectValue()
DA:84,1
DA:86,1
DA:89,1
DA:92,1
DA:93,1
FN:96,System.Void AnyStore.BLL.Tests.transactionsBLLTests::TransactionsBLL_SetType_Purchase_ReturnsCorrectValue()
FNDA:1,System.Void AnyStore.BLL.Tests.transactionsBLLTests::TransactionsBLL_SetType_Purchase_ReturnsCorrectValue()
DA:97,1
DA:99,1
DA:102,1
DA:105,1
DA:106,1
FN:109,System.Void AnyStore.BLL.Tests.transactionsBLLTests::TransactionsBLL_SetType_Sales_ReturnsCorrectValue()
FNDA:1,System.Void AnyStore.BLL.Tests.transactionsBLLTests::TransactionsBLL_SetType_Sales_ReturnsCorrectValue()
DA:110,1
DA:112,1
DA:115,1
DA:118,1
DA:119,1
FN:122,System.Void AnyStore.BLL.Tests.transactionsBLLTests::TransactionsBLL_SetDeaCustId_ReturnsCorrectValue()
FNDA:1,System.Void AnyStore.BLL.Tests.transactionsBLLTests::TransactionsBLL_SetDeaCustId_ReturnsCorrectValue()
DA:123,1
DA:125,1
DA:128,1
DA:131,1
DA:132,1
FN:135,System.Void AnyStore.BLL.Tests.transactionsBLLTests::TransactionsBLL_SetGrandTotal_ReturnsCorrectValue()
FNDA:1,System.Void AnyStore.BLL.Tests.transactionsBLLTests::TransactionsBLL_SetGrandTotal_ReturnsCorrectValue()
DA:136,1
DA:138,1
DA:141,1
DA:144,1
DA:145,1
FN:148,System.Void AnyStore.BLL.Tests.transactionsBLLTests::TransactionsBLL_SetTransactionDate_ReturnsCorrectValue()
FNDA:1,System.Void AnyStore.BLL.Tests.transactionsBLLTests::TransactionsBLL_SetTransactionDate_ReturnsCorrectValue()
DA:149,1
DA:151,1
DA:152,1
DA:155,1
DA:158,1
DA:159,1
FN:162,System.Void AnyStore.BLL.Tests.transactionsBLLTests::TransactionsBLL_SetTax_ReturnsCorrectValue()
FNDA:1,System.Void AnyStore.BLL.Tests.transactionsBLLTests::TransactionsBLL_SetTax_ReturnsCorrectValue()
DA:163,1
DA:165,1
DA:168,1
DA:171,1
DA:172,1
FN:175,System.Void AnyStore.BLL.Tests.transactionsBLLTests::TransactionsBLL_SetDiscount_ReturnsCorrectValue()
FNDA:1,System.Void AnyStore.BLL.Tests.transactionsBLLTests::TransactionsBLL_SetDiscount_ReturnsCorrectValue()
DA:176,1
DA:178,1
DA:181,1
DA:184,1
DA:185,1
FN:188,System.Void AnyStore.BLL.Tests.transactionsBLLTests::TransactionsBLL_SetAddedBy_ReturnsCorrectValue()
FNDA:1,System.Void AnyStore.BLL.Tests.transactionsBLLTests::TransactionsBLL_SetAddedBy_ReturnsCorrectValue()
DA:189,1
DA:191,1
DA:194,1
DA:197,1
DA:198,1
FN:201,System.Void AnyStore.BLL.Tests.transactionsBLLTests::TransactionsBLL_SetTransactionDetails_DataTable_ReturnsCorrectValue()
FNDA:1,System.Void AnyStore.BLL.Tests.transactionsBLLTests::TransactionsBLL_SetTransactionDetails_DataTable_ReturnsCorrectValue()
DA:202,1
DA:204,1
DA:205,1
DA:206,1
DA:207,1
DA:208,1
DA:209,1
DA:212,1
DA:215,1
DA:216,1
DA:217,1
FN:224,System.Void AnyStore.BLL.Tests.transactionsBLLTests::TransactionsBLL_FullInitialization_Purchase_AllPropertiesSetCorrectly()
FNDA:1,System.Void AnyStore.BLL.Tests.transactionsBLLTests::TransactionsBLL_FullInitialization_Purchase_AllPropertiesSetCorrectly()
DA:225,1
DA:227,1
DA:230,1
DA:231,1
DA:232,1
DA:233,1
DA:234,1
DA:235,1
DA:236,1
DA:237,1
DA:238,1
DA:239,1
DA:240,1
DA:243,1
DA:244,1
DA:245,1
DA:246,1
DA:247,1
DA:248,1
DA:249,1
DA:250,1
DA:251,1
FN:254,System.Void AnyStore.BLL.Tests.transactionsBLLTests::TransactionsBLL_FullInitialization_Sales_AllPropertiesSetCorrectly()
FNDA:1,System.Void AnyStore.BLL.Tests.transactionsBLLTests::TransactionsBLL_FullInitialization_Sales_AllPropertiesSetCorrectly()
DA:255,1
DA:257,1
DA:260,1
DA:261,1
DA:262,1
DA:263,1
DA:264,1
DA:265,1
DA:266,1
DA:267,1
DA:268,1
DA:269,1
DA:270,1
DA:273,1
DA:274,1
DA:275,1
DA:276,1
DA:277,1
FN:280,System.Void AnyStore.BLL.Tests.transactionsBLLTests::TransactionsBLL_MultipleInstances_AreIndependent()
FNDA:1,System.Void AnyStore.BLL.Tests.transactionsBLLTests::TransactionsBLL_MultipleInstances_AreIndependent()
DA:281,1
DA:283,1
DA:284,1
DA:287,1
DA:288,1
DA:289,1
DA:290,1
FN:297,System.Void AnyStore.BLL.Tests.transactionsBLLTests::TransactionsBLL_GrandTotal_WithTaxAndDiscount_CalculatedCorrectly()
FNDA:1,System.Void AnyStore.BLL.Tests.transactionsBLLTests::TransactionsBLL_GrandTotal_WithTaxAndDiscount_CalculatedCorrectly()
DA:298,1
DA:300,1
DA:301,1
DA:302,1
DA:305,1
DA:308,1
DA:309,1
FN:312,System.Void AnyStore.BLL.Tests.transactionsBLLTests::TransactionsBLL_GrandTotal_WithZeroTaxAndDiscount_EqualsSubtotal()
FNDA:1,System.Void AnyStore.BLL.Tests.transactionsBLLTests::TransactionsBLL_GrandTotal_WithZeroTaxAndDiscount_EqualsSubtotal()
DA:313,1
DA:315,1
DA:316,1
DA:317,1
DA:320,1
DA:323,1
DA:324,1
FN:327,System.Void AnyStore.BLL.Tests.transactionsBLLTests::TransactionsBLL_GrandTotal_WithFullDiscount_IsZero()
FNDA:1,System.Void AnyStore.BLL.Tests.transactionsBLLTests::TransactionsBLL_GrandTotal_WithFullDiscount_IsZero()
DA:328,1
DA:330,1
DA:331,1
DA:332,1
DA:335,1
DA:338,1
DA:339,1
FN:342,System.Void AnyStore.BLL.Tests.transactionsBLLTests::TransactionsBLL_Tax_CalculatedAsPercentage_IsCorrect()
FNDA:1,System.Void AnyStore.BLL.Tests.transactionsBLLTests::TransactionsBLL_Tax_CalculatedAsPercentage_IsCorrect()
DA:343,1
DA:345,1
DA:346,1
DA:349,1
DA:352,1
DA:353,1
FN:356,System.Void AnyStore.BLL.Tests.transactionsBLLTests::TransactionsBLL_Discount_CalculatedAsPercentage_IsCorrect()
FNDA:1,System.Void AnyStore.BLL.Tests.transactionsBLLTests::TransactionsBLL_Discount_CalculatedAsPercentage_IsCorrect()
DA:357,1
DA:359,1
DA:360,1
DA:363,1
DA:366,1
DA:367,1
FN:370,System.Void AnyStore.BLL.Tests.transactionsBLLTests::TransactionsBLL_GrandTotal_IsPositive_IsValid()
FNDA:1,System.Void AnyStore.BLL.Tests.transactionsBLLTests::TransactionsBLL_GrandTotal_IsPositive_IsValid()
DA:371,1
DA:373,1
DA:376,1
DA:377,1
FN:384,System.Void AnyStore.BLL.Tests.transactionsBLLTests::TransactionsBLL_Type_IsPurchase_IsValid()
FNDA:1,System.Void AnyStore.BLL.Tests.transactionsBLLTests::TransactionsBLL_Type_IsPurchase_IsValid()
DA:385,1
DA:387,1
DA:390,1
DA:391,1
DA:392,1
FN:395,System.Void AnyStore.BLL.Tests.transactionsBLLTests::TransactionsBLL_Type_IsSales_IsValid()
FNDA:1,System.Void AnyStore.BLL.Tests.transactionsBLLTests::TransactionsBLL_Type_IsSales_IsValid()
DA:396,1
DA:398,1
DA:401,1
DA:402,1
DA:403,1
FN:406,System.Void AnyStore.BLL.Tests.transactionsBLLTests::TransactionsBLL_Type_IsPurchaseOrSales_IsValid()
FNDA:1,System.Void AnyStore.BLL.Tests.transactionsBLLTests::TransactionsBLL_Type_IsPurchaseOrSales_IsValid()
DA:407,1
DA:409,1
DA:410,1
DA:413,1
DA:414,1
DA:415,1
BRDA:413,53,0,0
BRDA:413,53,1,1
BRDA:414,96,0,1
BRDA:414,96,1,0
FN:418,System.Void AnyStore.BLL.Tests.transactionsBLLTests::TransactionsBLL_DeaCustId_PositiveValue_IsValid()
FNDA:1,System.Void AnyStore.BLL.Tests.transactionsBLLTests::TransactionsBLL_DeaCustId_PositiveValue_IsValid()
DA:419,1
DA:421,1
DA:424,1
DA:425,1
FN:428,System.Void AnyStore.BLL.Tests.transactionsBLLTests::TransactionsBLL_AddedBy_PositiveValue_IsValid()
FNDA:1,System.Void AnyStore.BLL.Tests.transactionsBLLTests::TransactionsBLL_AddedBy_PositiveValue_IsValid()
DA:429,1
DA:431,1
DA:434,1
DA:435,1
FN:438,System.Void AnyStore.BLL.Tests.transactionsBLLTests::TransactionsBLL_InsertPrep_AllRequiredFieldsPopulated()
FNDA:1,System.Void AnyStore.BLL.Tests.transactionsBLLTests::TransactionsBLL_InsertPrep_AllRequiredFieldsPopulated()
DA:439,1
DA:441,1
DA:442,1
DA:443,1
DA:444,1
DA:445,1
DA:446,1
DA:447,1
DA:448,1
DA:449,1
DA:450,1
DA:453,1
DA:454,1
DA:455,1
DA:456,1
DA:457,1
FN:464,System.Void AnyStore.BLL.Tests.transactionsBLLTests::TransactionsBLL_TransactionDetails_CanBeSetToNewDataTable()
FNDA:1,System.Void AnyStore.BLL.Tests.transactionsBLLTests::TransactionsBLL_TransactionDetails_CanBeSetToNewDataTable()
DA:465,1
DA:467,1
DA:468,1
DA:471,1
DA:474,1
DA:475,1
DA:476,1
FN:479,System.Void AnyStore.BLL.Tests.transactionsBLLTests::TransactionsBLL_TransactionDetails_WithRows_HasCorrectRowCount()
FNDA:1,System.Void AnyStore.BLL.Tests.transactionsBLLTests::TransactionsBLL_TransactionDetails_WithRows_HasCorrectRowCount()
DA:480,1
DA:482,1
DA:483,1
DA:484,1
DA:485,1
DA:486,1
DA:487,1
DA:488,1
DA:491,1
DA:494,1
DA:495,1
FN:498,System.Void AnyStore.BLL.Tests.transactionsBLLTests::TransactionsBLL_TransactionDetails_DefaultIsNull()
FNDA:1,System.Void AnyStore.BLL.Tests.transactionsBLLTests::TransactionsBLL_TransactionDetails_DefaultIsNull()
DA:499,1
DA:501,1
DA:504,1
DA:505,1
FN:512,System.Void AnyStore.BLL.Tests.transactionsBLLTests::TransactionsBLL_ListOfTransactions_CanBeCreated()
FNDA:1,System.Void AnyStore.BLL.Tests.transactionsBLLTests::TransactionsBLL_ListOfTransactions_CanBeCreated()
DA:513,1
DA:515,1
DA:516,1
DA:517,1
DA:518,1
DA:519,1
DA:520,1
DA:523,1
DA:524,1
FN:527,System.Void AnyStore.BLL.Tests.transactionsBLLTests::TransactionsBLL_FilterByType_Purchase_ReturnsOnlyPurchases()
FNDA:1,System.Void AnyStore.BLL.Tests.transactionsBLLTests::TransactionsBLL_FilterByType_Purchase_ReturnsOnlyPurchases()
DA:528,1
DA:530,1
DA:531,1
DA:532,1
DA:533,1
DA:534,1
DA:535,1
DA:538,4
DA:541,1
DA:542,1
FN:545,System.Void AnyStore.BLL.Tests.transactionsBLLTests::TransactionsBLL_FilterByType_Sales_ReturnsOnlySales()
FNDA:1,System.Void AnyStore.BLL.Tests.transactionsBLLTests::TransactionsBLL_FilterByType_Sales_ReturnsOnlySales()
DA:546,1
DA:548,1
DA:549,1
DA:550,1
DA:551,1
DA:552,1
DA:553,1
DA:556,4
DA:559,1
DA:560,1
FN:563,System.Void AnyStore.BLL.Tests.transactionsBLLTests::TransactionsBLL_TotalGrandTotal_SummedCorrectly()
FNDA:1,System.Void AnyStore.BLL.Tests.transactionsBLLTests::TransactionsBLL_TotalGrandTotal_SummedCorrectly()
DA:564,1
DA:566,1
DA:567,1
DA:568,1
DA:569,1
DA:570,1
DA:571,1
DA:574,4
DA:577,1
DA:578,1
LF:266
LH:266
BRF:4
BRH:2
FNF:38
FNH:38
end_of_record
SF:/modernize-data/studio-data/TNT1001/APP750165/transformed-code/122/studio-workspace/AYCmpDry02/Tests/BLL/userBLLTests.cs
FN:16,System.Void AnyStore.BLL.Tests.userBLLTests::UserBLL_DefaultConstructor_CreatesInstance()
FNDA:1,System.Void AnyStore.BLL.Tests.userBLLTests::UserBLL_DefaultConstructor_CreatesInstance()
DA:17,1
DA:19,1
DA:22,1
DA:23,1
FN:26,System.Void AnyStore.BLL.Tests.userBLLTests::UserBLL_DefaultConstructor_IdDefaultsToZero()
FNDA:1,System.Void AnyStore.BLL.Tests.userBLLTests::UserBLL_DefaultConstructor_IdDefaultsToZero()
DA:27,1
DA:29,1
DA:32,1
DA:33,1
FN:36,System.Void AnyStore.BLL.Tests.userBLLTests::UserBLL_DefaultConstructor_AddedByDefaultsToZero()
FNDA:1,System.Void AnyStore.BLL.Tests.userBLLTests::UserBLL_DefaultConstructor_AddedByDefaultsToZero()
DA:37,1
DA:39,1
DA:42,1
DA:43,1
FN:50,System.Void AnyStore.BLL.Tests.userBLLTests::UserBLL_SetId_ReturnsCorrectValue()
FNDA:1,System.Void AnyStore.BLL.Tests.userBLLTests::UserBLL_SetId_ReturnsCorrectValue()
DA:51,1
DA:53,1
DA:56,1
DA:59,1
DA:60,1
FN:63,System.Void AnyStore.BLL.Tests.userBLLTests::UserBLL_SetFirstName_ReturnsCorrectValue()
FNDA:1,System.Void AnyStore.BLL.Tests.userBLLTests::UserBLL_SetFirstName_ReturnsCorrectValue()
DA:64,1
DA:66,1
DA:69,1
DA:72,1
DA:73,1
FN:76,System.Void AnyStore.BLL.Tests.userBLLTests::UserBLL_SetLastName_ReturnsCorrectValue()
FNDA:1,System.Void AnyStore.BLL.Tests.userBLLTests::UserBLL_SetLastName_ReturnsCorrectValue()
DA:77,1
DA:79,1
DA:82,1
DA:85,1
DA:86,1
FN:89,System.Void AnyStore.BLL.Tests.userBLLTests::UserBLL_SetEmail_ReturnsCorrectValue()
FNDA:1,System.Void AnyStore.BLL.Tests.userBLLTests::UserBLL_SetEmail_ReturnsCorrectValue()
DA:90,1
DA:92,1
DA:95,1
DA:98,1
DA:99,1
FN:102,System.Void AnyStore.BLL.Tests.userBLLTests::UserBLL_SetUsername_ReturnsCorrectValue()
FNDA:1,System.Void AnyStore.BLL.Tests.userBLLTests::UserBLL_SetUsername_ReturnsCorrectValue()
DA:103,1
DA:105,1
DA:108,1
DA:111,1
DA:112,1
FN:115,System.Void AnyStore.BLL.Tests.userBLLTests::UserBLL_SetPassword_ReturnsCorrectValue()
FNDA:1,System.Void AnyStore.BLL.Tests.userBLLTests::UserBLL_SetPassword_ReturnsCorrectValue()
DA:116,1
DA:118,1
DA:121,1
DA:124,1
DA:125,1
FN:128,System.Void AnyStore.BLL.Tests.userBLLTests::UserBLL_SetContact_ReturnsCorrectValue()
FNDA:1,System.Void AnyStore.BLL.Tests.userBLLTests::UserBLL_SetContact_ReturnsCorrectValue()
DA:129,1
DA:131,1
DA:134,1
DA:137,1
DA:138,1
FN:141,System.Void AnyStore.BLL.Tests.userBLLTests::UserBLL_SetAddress_ReturnsCorrectValue()
FNDA:1,System.Void AnyStore.BLL.Tests.userBLLTests::UserBLL_SetAddress_ReturnsCorrectValue()
DA:142,1
DA:144,1
DA:147,1
DA:150,1
DA:151,1
FN:154,System.Void AnyStore.BLL.Tests.userBLLTests::UserBLL_SetGender_Male_ReturnsCorrectValue()
FNDA:1,System.Void AnyStore.BLL.Tests.userBLLTests::UserBLL_SetGender_Male_ReturnsCorrectValue()
DA:155,1
DA:157,1
DA:160,1
DA:163,1
DA:164,1
FN:167,System.Void AnyStore.BLL.Tests.userBLLTests::UserBLL_SetGender_Female_ReturnsCorrectValue()
FNDA:1,System.Void AnyStore.BLL.Tests.userBLLTests::UserBLL_SetGender_Female_ReturnsCorrectValue()
DA:168,1
DA:170,1
DA:173,1
DA:176,1
DA:177,1
FN:180,System.Void AnyStore.BLL.Tests.userBLLTests::UserBLL_SetUserType_Admin_ReturnsCorrectValue()
FNDA:1,System.Void AnyStore.BLL.Tests.userBLLTests::UserBLL_SetUserType_Admin_ReturnsCorrectValue()
DA:181,1
DA:183,1
DA:186,1
DA:189,1
DA:190,1
FN:193,System.Void AnyStore.BLL.Tests.userBLLTests::UserBLL_SetUserType_User_ReturnsCorrectValue()
FNDA:1,System.Void AnyStore.BLL.Tests.userBLLTests::UserBLL_SetUserType_User_ReturnsCorrectValue()
DA:194,1
DA:196,1
DA:199,1
DA:202,1
DA:203,1
FN:206,System.Void AnyStore.BLL.Tests.userBLLTests::UserBLL_SetAddedDate_ReturnsCorrectValue()
FNDA:1,System.Void AnyStore.BLL.Tests.userBLLTests::UserBLL_SetAddedDate_ReturnsCorrectValue()
DA:207,1
DA:209,1
DA:210,1
DA:213,1
DA:216,1
DA:217,1
FN:220,System.Void AnyStore.BLL.Tests.userBLLTests::UserBLL_SetAddedBy_ReturnsCorrectValue()
FNDA:1,System.Void AnyStore.BLL.Tests.userBLLTests::UserBLL_SetAddedBy_ReturnsCorrectValue()
DA:221,1
DA:223,1
DA:226,1
DA:229,1
DA:230,1
FN:237,System.Void AnyStore.BLL.Tests.userBLLTests::UserBLL_FullInitialization_AllPropertiesSetCorrectly()
FNDA:1,System.Void AnyStore.BLL.Tests.userBLLTests::UserBLL_FullInitialization_AllPropertiesSetCorrectly()
DA:238,1
DA:240,1
DA:243,1
DA:244,1
DA:245,1
DA:246,1
DA:247,1
DA:248,1
DA:249,1
DA:250,1
DA:251,1
DA:252,1
DA:253,1
DA:254,1
DA:255,1
DA:256,1
DA:257,1
DA:260,1
DA:261,1
DA:262,1
DA:263,1
DA:264,1
DA:265,1
DA:266,1
DA:267,1
DA:268,1
DA:269,1
DA:270,1
DA:271,1
DA:272,1
FN:275,System.Void AnyStore.BLL.Tests.userBLLTests::UserBLL_MultipleInstances_AreIndependent()
FNDA:1,System.Void AnyStore.BLL.Tests.userBLLTests::UserBLL_MultipleInstances_AreIndependent()
DA:276,1
DA:278,1
DA:279,1
DA:282,1
DA:283,1
DA:284,1
DA:285,1
FN:292,System.Void AnyStore.BLL.Tests.userBLLTests::UserBLL_SetId_NegativeValue_IsAllowed()
FNDA:1,System.Void AnyStore.BLL.Tests.userBLLTests::UserBLL_SetId_NegativeValue_IsAllowed()
DA:293,1
DA:295,1
DA:298,1
DA:301,1
DA:302,1
FN:305,System.Void AnyStore.BLL.Tests.userBLLTests::UserBLL_SetId_MaxInt_IsAllowed()
FNDA:1,System.Void AnyStore.BLL.Tests.userBLLTests::UserBLL_SetId_MaxInt_IsAllowed()
DA:306,1
DA:308,1
DA:311,1
DA:314,1
DA:315,1
FN:318,System.Void AnyStore.BLL.Tests.userBLLTests::UserBLL_SetFirstName_EmptyString_IsAllowed()
FNDA:1,System.Void AnyStore.BLL.Tests.userBLLTests::UserBLL_SetFirstName_EmptyString_IsAllowed()
DA:319,1
DA:321,1
DA:324,1
DA:327,1
DA:328,1
FN:331,System.Void AnyStore.BLL.Tests.userBLLTests::UserBLL_SetEmail_WithSpecialChars_IsAllowed()
FNDA:1,System.Void AnyStore.BLL.Tests.userBLLTests::UserBLL_SetEmail_WithSpecialChars_IsAllowed()
DA:332,1
DA:334,1
DA:337,1
DA:340,1
DA:341,1
FN:344,System.Void AnyStore.BLL.Tests.userBLLTests::UserBLL_SetAddedDate_MinValue_IsAllowed()
FNDA:1,System.Void AnyStore.BLL.Tests.userBLLTests::UserBLL_SetAddedDate_MinValue_IsAllowed()
DA:345,1
DA:347,1
DA:350,1
DA:353,1
DA:354,1
FN:357,System.Void AnyStore.BLL.Tests.userBLLTests::UserBLL_SetAddedDate_Today_IsAllowed()
FNDA:1,System.Void AnyStore.BLL.Tests.userBLLTests::UserBLL_SetAddedDate_Today_IsAllowed()
DA:358,1
DA:360,1
DA:361,1
DA:364,1
DA:367,1
DA:368,1
FN:375,System.Void AnyStore.BLL.Tests.userBLLTests::UserBLL_Username_NotNullOrEmpty_IsValid()
FNDA:1,System.Void AnyStore.BLL.Tests.userBLLTests::UserBLL_Username_NotNullOrEmpty_IsValid()
DA:376,1
DA:378,1
DA:381,1
DA:382,1
FN:385,System.Void AnyStore.BLL.Tests.userBLLTests::UserBLL_Password_NotNullOrEmpty_IsValid()
FNDA:1,System.Void AnyStore.BLL.Tests.userBLLTests::UserBLL_Password_NotNullOrEmpty_IsValid()
DA:386,1
DA:388,1
DA:391,1
DA:392,1
FN:395,System.Void AnyStore.BLL.Tests.userBLLTests::UserBLL_UserType_IsAdminOrUser_IsValid()
FNDA:1,System.Void AnyStore.BLL.Tests.userBLLTests::UserBLL_UserType_IsAdminOrUser_IsValid()
DA:396,1
DA:398,1
DA:399,1
DA:402,1
DA:403,1
DA:404,1
BRDA:402,53,0,0
BRDA:402,53,1,1
BRDA:403,96,0,1
BRDA:403,96,1,0
FN:407,System.Void AnyStore.BLL.Tests.userBLLTests::UserBLL_AddedBy_PositiveValue_IsValid()
FNDA:1,System.Void AnyStore.BLL.Tests.userBLLTests::UserBLL_AddedBy_PositiveValue_IsValid()
DA:408,1
DA:410,1
DA:413,1
DA:414,1
FN:417,System.Void AnyStore.BLL.Tests.userBLLTests::UserBLL_Id_PositiveValue_IsValidForUpdate()
FNDA:1,System.Void AnyStore.BLL.Tests.userBLLTests::UserBLL_Id_PositiveValue_IsValidForUpdate()
DA:418,1
DA:420,1
DA:423,1
DA:424,1
FN:427,System.Void AnyStore.BLL.Tests.userBLLTests::UserBLL_FullName_ConcatenationWorks()
FNDA:1,System.Void AnyStore.BLL.Tests.userBLLTests::UserBLL_FullName_ConcatenationWorks()
DA:428,1
DA:430,1
DA:433,1
DA:436,1
DA:437,1
FN:444,System.Void AnyStore.BLL.Tests.userBLLTests::UserBLL_ListOfUsers_CanBeCreated()
FNDA:1,System.Void AnyStore.BLL.Tests.userBLLTests::UserBLL_ListOfUsers_CanBeCreated()
DA:445,1
DA:447,1
DA:448,1
DA:449,1
DA:450,1
DA:451,1
DA:452,1
DA:455,1
DA:456,1
DA:457,1
DA:458,1
FN:461,System.Void AnyStore.BLL.Tests.userBLLTests::UserBLL_FilterByUserType_Admin_ReturnsOnlyAdmins()
FNDA:1,System.Void AnyStore.BLL.Tests.userBLLTests::UserBLL_FilterByUserType_Admin_ReturnsOnlyAdmins()
DA:462,1
DA:464,1
DA:465,1
DA:466,1
DA:467,1
DA:468,1
DA:469,1
DA:472,4
DA:475,1
DA:476,1
FN:479,System.Void AnyStore.BLL.Tests.userBLLTests::UserBLL_FilterByUserType_User_ReturnsOnlyUsers()
FNDA:1,System.Void AnyStore.BLL.Tests.userBLLTests::UserBLL_FilterByUserType_User_ReturnsOnlyUsers()
DA:480,1
DA:482,1
DA:483,1
DA:484,1
DA:485,1
DA:486,1
DA:487,1
DA:490,4
DA:493,1
DA:494,1
LF:209
LH:209
BRF:4
BRH:2
FNF:34
FNH:34
end_of_record
SF:/modernize-data/studio-data/TNT1001/APP750165/transformed-code/122/studio-workspace/AYCmpDry02/Tests/DAL/DALModelValidationTests.cs
FN:16,System.Void AnyStore.BLL.Tests.DALModelValidationTests::UserDAL_InsertPrep_UserBLL_HasRequiredFields()
FNDA:1,System.Void AnyStore.BLL.Tests.DALModelValidationTests::UserDAL_InsertPrep_UserBLL_HasRequiredFields()
DA:17,1
DA:19,1
DA:20,1
DA:21,1
DA:22,1
DA:23,1
DA:24,1
DA:25,1
DA:26,1
DA:27,1
DA:28,1
DA:29,1
DA:30,1
DA:31,1
DA:32,1
DA:35,1
DA:36,1
DA:37,1
DA:38,1
DA:39,1
DA:40,1
DA:41,1
DA:42,1
FN:45,System.Void AnyStore.BLL.Tests.DALModelValidationTests::UserDAL_UpdatePrep_UserBLL_HasIdSet()
FNDA:1,System.Void AnyStore.BLL.Tests.DALModelValidationTests::UserDAL_UpdatePrep_UserBLL_HasIdSet()
DA:46,1
DA:48,1
DA:49,1
DA:50,1
DA:51,1
DA:52,1
DA:53,1
DA:54,1
DA:55,1
DA:56,1
DA:57,1
DA:58,1
DA:59,1
DA:60,1
DA:61,1
DA:62,1
DA:65,1
DA:66,1
FN:69,System.Void AnyStore.BLL.Tests.DALModelValidationTests::UserDAL_DeletePrep_UserBLL_HasIdSet()
FNDA:1,System.Void AnyStore.BLL.Tests.DALModelValidationTests::UserDAL_DeletePrep_UserBLL_HasIdSet()
DA:70,1
DA:72,1
DA:75,1
DA:76,1
FN:79,System.Void AnyStore.BLL.Tests.DALModelValidationTests::UserDAL_SearchPrep_Keyword_IsNotNull()
FNDA:1,System.Void AnyStore.BLL.Tests.DALModelValidationTests::UserDAL_SearchPrep_Keyword_IsNotNull()
DA:80,1
DA:82,1
DA:85,1
DA:86,1
DA:87,1
FN:90,System.Void AnyStore.BLL.Tests.DALModelValidationTests::UserDAL_GetIDFromUsername_ReturnsUserBLL_WithId()
FNDA:1,System.Void AnyStore.BLL.Tests.DALModelValidationTests::UserDAL_GetIDFromUsername_ReturnsUserBLL_WithId()
DA:91,1
DA:93,1
DA:94,1
DA:97,1
DA:98,1
FN:105,System.Void AnyStore.BLL.Tests.DALModelValidationTests::LoginDAL_LoginCheck_LoginBLL_HasAllFields()
FNDA:1,System.Void AnyStore.BLL.Tests.DALModelValidationTests::LoginDAL_LoginCheck_LoginBLL_HasAllFields()
DA:106,1
DA:108,1
DA:109,1
DA:110,1
DA:111,1
DA:112,1
DA:113,1
DA:116,1
DA:117,1
DA:118,1
DA:119,1
FN:122,System.Void AnyStore.BLL.Tests.DALModelValidationTests::LoginDAL_LoginCheck_EmptyUsername_IsInvalid()
FNDA:1,System.Void AnyStore.BLL.Tests.DALModelValidationTests::LoginDAL_LoginCheck_EmptyUsername_IsInvalid()
DA:123,1
DA:125,1
DA:128,1
DA:129,1
FN:132,System.Void AnyStore.BLL.Tests.DALModelValidationTests::LoginDAL_LoginCheck_EmptyPassword_IsInvalid()
FNDA:1,System.Void AnyStore.BLL.Tests.DALModelValidationTests::LoginDAL_LoginCheck_EmptyPassword_IsInvalid()
DA:133,1
DA:135,1
DA:138,1
DA:139,1
FN:146,System.Void AnyStore.BLL.Tests.DALModelValidationTests::DeaCustDAL_InsertPrep_DeaCustBLL_HasRequiredFields()
FNDA:1,System.Void AnyStore.BLL.Tests.DALModelValidationTests::DeaCustDAL_InsertPrep_DeaCustBLL_HasRequiredFields()
DA:147,1
DA:149,1
DA:150,1
DA:151,1
DA:152,1
DA:153,1
DA:154,1
DA:155,1
DA:156,1
DA:157,1
DA:158,1
DA:161,1
DA:162,1
DA:163,1
DA:164,1
FN:167,System.Void AnyStore.BLL.Tests.DALModelValidationTests::DeaCustDAL_UpdatePrep_DeaCustBLL_HasIdSet()
FNDA:1,System.Void AnyStore.BLL.Tests.DALModelValidationTests::DeaCustDAL_UpdatePrep_DeaCustBLL_HasIdSet()
DA:168,1
DA:170,1
DA:173,1
DA:174,1
FN:177,System.Void AnyStore.BLL.Tests.DALModelValidationTests::DeaCustDAL_DeletePrep_DeaCustBLL_HasIdSet()
FNDA:1,System.Void AnyStore.BLL.Tests.DALModelValidationTests::DeaCustDAL_DeletePrep_DeaCustBLL_HasIdSet()
DA:178,1
DA:180,1
DA:183,1
DA:184,1
FN:187,System.Void AnyStore.BLL.Tests.DALModelValidationTests::DeaCustDAL_SearchDealerCustomer_ReturnsDeaCustBLL_WithFields()
FNDA:1,System.Void AnyStore.BLL.Tests.DALModelValidationTests::DeaCustDAL_SearchDealerCustomer_ReturnsDeaCustBLL_WithFields()
DA:188,1
DA:190,1
DA:191,1
DA:192,1
DA:193,1
DA:194,1
DA:195,1
DA:196,1
DA:199,1
DA:200,1
DA:201,1
FN:204,System.Void AnyStore.BLL.Tests.DALModelValidationTests::DeaCustDAL_GetDeaCustIDFromName_ReturnsDeaCustBLL_WithId()
FNDA:1,System.Void AnyStore.BLL.Tests.DALModelValidationTests::DeaCustDAL_GetDeaCustIDFromName_ReturnsDeaCustBLL_WithId()
DA:205,1
DA:207,1
DA:208,1
DA:211,1
DA:212,1
FN:219,System.Void AnyStore.BLL.Tests.DALModelValidationTests::ProductsDAL_InsertPrep_ProductsBLL_HasRequiredFields()
FNDA:1,System.Void AnyStore.BLL.Tests.DALModelValidationTests::ProductsDAL_InsertPrep_ProductsBLL_HasRequiredFields()
DA:220,1
DA:222,1
DA:223,1
DA:224,1
DA:225,1
DA:226,1
DA:227,1
DA:228,1
DA:229,1
DA:230,1
DA:231,1
DA:234,1
DA:235,1
DA:236,1
DA:237,1
DA:238,1
FN:241,System.Void AnyStore.BLL.Tests.DALModelValidationTests::ProductsDAL_UpdatePrep_ProductsBLL_HasIdSet()
FNDA:1,System.Void AnyStore.BLL.Tests.DALModelValidationTests::ProductsDAL_UpdatePrep_ProductsBLL_HasIdSet()
DA:242,1
DA:244,1
DA:247,1
DA:248,1
FN:251,System.Void AnyStore.BLL.Tests.DALModelValidationTests::ProductsDAL_GetProductsForTransaction_ReturnsProductsBLL_WithFields()
FNDA:1,System.Void AnyStore.BLL.Tests.DALModelValidationTests::ProductsDAL_GetProductsForTransaction_ReturnsProductsBLL_WithFields()
DA:252,1
DA:254,1
DA:255,1
DA:256,1
DA:257,1
DA:258,1
DA:259,1
DA:262,1
DA:263,1
DA:264,1
DA:265,1
FN:268,System.Void AnyStore.BLL.Tests.DALModelValidationTests::ProductsDAL_IncreaseProduct_NewQty_IsGreaterThanCurrentQty()
FNDA:1,System.Void AnyStore.BLL.Tests.DALModelValidationTests::ProductsDAL_IncreaseProduct_NewQty_IsGreaterThanCurrentQty()
DA:269,1
DA:271,1
DA:272,1
DA:275,1
DA:278,1
DA:279,1
DA:280,1
FN:283,System.Void AnyStore.BLL.Tests.DALModelValidationTests::ProductsDAL_DecreaseProduct_NewQty_IsLessThanCurrentQty()
FNDA:1,System.Void AnyStore.BLL.Tests.DALModelValidationTests::ProductsDAL_DecreaseProduct_NewQty_IsLessThanCurrentQty()
DA:284,1
DA:286,1
DA:287,1
DA:290,1
DA:293,1
DA:294,1
DA:295,1
FN:298,System.Void AnyStore.BLL.Tests.DALModelValidationTests::ProductsDAL_DecreaseProduct_ExactQty_ResultsInZero()
FNDA:1,System.Void AnyStore.BLL.Tests.DALModelValidationTests::ProductsDAL_DecreaseProduct_ExactQty_ResultsInZero()
DA:299,1
DA:301,1
DA:302,1
DA:305,1
DA:308,1
DA:309,1
FN:316,System.Void AnyStore.BLL.Tests.DALModelValidationTests::CategoriesDAL_InsertPrep_CategoriesBLL_HasRequiredFields()
FNDA:1,System.Void AnyStore.BLL.Tests.DALModelValidationTests::CategoriesDAL_InsertPrep_CategoriesBLL_HasRequiredFields()
DA:317,1
DA:319,1
DA:320,1
DA:321,1
DA:322,1
DA:323,1
DA:324,1
DA:325,1
DA:328,1
DA:329,1
DA:330,1
FN:333,System.Void AnyStore.BLL.Tests.DALModelValidationTests::CategoriesDAL_UpdatePrep_CategoriesBLL_HasIdSet()
FNDA:1,System.Void AnyStore.BLL.Tests.DALModelValidationTests::CategoriesDAL_UpdatePrep_CategoriesBLL_HasIdSet()
DA:334,1
DA:336,1
DA:339,1
DA:340,1
FN:343,System.Void AnyStore.BLL.Tests.DALModelValidationTests::CategoriesDAL_DeletePrep_CategoriesBLL_HasIdSet()
FNDA:1,System.Void AnyStore.BLL.Tests.DALModelValidationTests::CategoriesDAL_DeletePrep_CategoriesBLL_HasIdSet()
DA:344,1
DA:346,1
DA:349,1
DA:350,1
FN:357,System.Void AnyStore.BLL.Tests.DALModelValidationTests::TransactionDAL_InsertPrep_TransactionsBLL_HasRequiredFields()
FNDA:1,System.Void AnyStore.BLL.Tests.DALModelValidationTests::TransactionDAL_InsertPrep_TransactionsBLL_HasRequiredFields()
DA:358,1
DA:360,1
DA:361,1
DA:362,1
DA:363,1
DA:364,1
DA:365,1
DA:366,1
DA:367,1
DA:368,1
DA:369,1
DA:372,1
DA:373,1
DA:374,1
DA:375,1
DA:376,1
FN:379,System.Void AnyStore.BLL.Tests.DALModelValidationTests::TransactionDAL_InsertPrep_TransactionType_IsPurchaseOrSales()
FNDA:1,System.Void AnyStore.BLL.Tests.DALModelValidationTests::TransactionDAL_InsertPrep_TransactionType_IsPurchaseOrSales()
DA:380,1
DA:382,1
DA:383,1
DA:386,1
DA:387,1
DA:388,1
BRDA:386,53,0,0
BRDA:386,53,1,1
BRDA:387,96,0,1
BRDA:387,96,1,0
FN:395,System.Void AnyStore.BLL.Tests.DALModelValidationTests::TransactionDetailDAL_InsertPrep_TransactionDetailBLL_HasRequiredFields()
FNDA:1,System.Void AnyStore.BLL.Tests.DALModelValidationTests::TransactionDetailDAL_InsertPrep_TransactionDetailBLL_HasRequiredFields()
DA:396,1
DA:398,1
DA:399,1
DA:400,1
DA:401,1
DA:402,1
DA:403,1
DA:404,1
DA:405,1
DA:406,1
DA:407,1
DA:410,1
DA:411,1
DA:412,1
DA:413,1
DA:414,1
DA:415,1
FN:418,System.Void AnyStore.BLL.Tests.DALModelValidationTests::TransactionDetailDAL_InsertPrep_Total_EqualsRate_Times_Qty()
FNDA:1,System.Void AnyStore.BLL.Tests.DALModelValidationTests::TransactionDetailDAL_InsertPrep_Total_EqualsRate_Times_Qty()
DA:419,1
DA:421,1
DA:422,1
DA:423,1
DA:424,1
DA:425,1
DA:428,1
DA:431,1
DA:432,1
LF:231
LH:231
BRF:4
BRH:2
FNF:26
FNH:26
end_of_record